labor

Options: -I 10000 -K 100 

Random forest of 10000 trees, each constructed while considering 100 random features.
Out of bag error: 0.1404



Time taken to build model: 5.89 seconds
Time taken to test model on training data: 0.29 seconds

=== Error on training data ===

Correctly Classified Instances          57              100      %
Incorrectly Classified Instances         0                0      %
Kappa statistic                          1     
Mean absolute error                      0.0877
Root mean squared error                  0.1337
Relative absolute error                 19.1926 %
Root relative squared error             28.0167 %
Total Number of Instances               57     


=== Detailed Accuracy By Class ===

               TP Rate   FP Rate   Precision   Recall  F-Measure   ROC Area  Class
                 1         0          1         1         1          1        bad
                 1         0          1         1         1          1        good
Weighted Avg.    1         0          1         1         1          1    


=== Confusion Matrix ===

  a  b   <-- classified as
 20  0 |  a = bad
  0 37 |  b = good



=== Stratified cross-validation ===

Correctly Classified Instances          48               84.2105 %
Incorrectly Classified Instances         9               15.7895 %
Kappa statistic                          0.641 
Mean absolute error                      0.2272
Root mean squared error                  0.3463
Relative absolute error                 49.6721 %
Root relative squared error             72.5353 %
Total Number of Instances               57     


=== Detailed Accuracy By Class ===

               TP Rate   FP Rate   Precision   Recall  F-Measure   ROC Area  Class
                 0.7       0.081      0.824     0.7       0.757      0.893    bad
                 0.919     0.3        0.85      0.919     0.883      0.893    good
Weighted Avg.    0.842     0.223      0.841     0.842     0.839      0.893


=== Confusion Matrix ===

  a  b   <-- classified as
 14  6 |  a = bad
  3 34 |  b = good

