dermatology

Options: -I 10000 -K 100 

Random forest of 10000 trees, each constructed while considering 100 random features.
Out of bag error: 0.0519



Time taken to build model: 15.64 seconds
Time taken to test model on training data: 2.4 seconds

=== Error on training data ===

Correctly Classified Instances         366              100      %
Incorrectly Classified Instances         0                0      %
Kappa statistic                          1     
Mean absolute error                      0.0121
Root mean squared error                  0.0453
Relative absolute error                  4.5322 %
Root relative squared error             12.409  %
Total Number of Instances              366     


=== Detailed Accuracy By Class ===

               TP Rate   FP Rate   Precision   Recall  F-Measure   ROC Area  Class
                 1         0          1         1         1          1        1
                 1         0          1         1         1          1        2
                 1         0          1         1         1          1        3
                 1         0          1         1         1          1        4
                 1         0          1         1         1          1        5
                 1         0          1         1         1          1        6
Weighted Avg.    1         0          1         1         1          1    


=== Confusion Matrix ===

   a   b   c   d   e   f   <-- classified as
 112   0   0   0   0   0 |   a = 1
   0  61   0   0   0   0 |   b = 2
   0   0  72   0   0   0 |   c = 3
   0   0   0  49   0   0 |   d = 4
   0   0   0   0  52   0 |   e = 5
   0   0   0   0   0  20 |   f = 6



=== Stratified cross-validation ===

Correctly Classified Instances         344               93.9891 %
Incorrectly Classified Instances        22                6.0109 %
Kappa statistic                          0.9246
Mean absolute error                      0.0343
Root mean squared error                  0.1256
Relative absolute error                 12.8745 %
Root relative squared error             34.4103 %
Total Number of Instances              366     


=== Detailed Accuracy By Class ===

               TP Rate   FP Rate   Precision   Recall  F-Measure   ROC Area  Class
                 0.991     0.012      0.974     0.991     0.982      0.999    1
                 0.852     0.026      0.867     0.852     0.86       0.983    2
                 1         0.003      0.986     1         0.993      1        3
                 0.918     0.006      0.957     0.918     0.938      0.993    4
                 0.923     0.016      0.906     0.923     0.914      0.996    5
                 0.8       0.009      0.842     0.8       0.821      0.994    6
Weighted Avg.    0.94      0.012      0.939     0.94      0.939      0.995


=== Confusion Matrix ===

   a   b   c   d   e   f   <-- classified as
 111   1   0   0   0   0 |   a = 1
   1  52   1   2   3   2 |   b = 2
   0   0  72   0   0   0 |   c = 3
   0   4   0  45   0   0 |   d = 4
   1   2   0   0  48   1 |   e = 5
   1   1   0   0   2  16 |   f = 6

