hepatitis

Options: -I 10000 -K 100 

Random forest of 10000 trees, each constructed while considering 100 random features.
Out of bag error: 0.1806



Time taken to build model: 13.96 seconds
Time taken to test model on training data: 1.26 seconds

=== Error on training data ===

Correctly Classified Instances         155              100      %
Incorrectly Classified Instances         0                0      %
Kappa statistic                          1     
Mean absolute error                      0.0919
Root mean squared error                  0.1407
Relative absolute error                 27.8527 %
Root relative squared error             34.7706 %
Total Number of Instances              155     


=== Detailed Accuracy By Class ===

               TP Rate   FP Rate   Precision   Recall  F-Measure   ROC Area  Class
                 1         0          1         1         1          1        DIE
                 1         0          1         1         1          1        LIVE
Weighted Avg.    1         0          1         1         1          1    


=== Confusion Matrix ===

   a   b   <-- classified as
  32   0 |   a = DIE
   0 123 |   b = LIVE



=== Stratified cross-validation ===

Correctly Classified Instances         127               81.9355 %
Incorrectly Classified Instances        28               18.0645 %
Kappa statistic                          0.3925
Mean absolute error                      0.2262
Root mean squared error                  0.3462
Relative absolute error                 68.5019 %
Root relative squared error             85.5035 %
Total Number of Instances              155     


=== Detailed Accuracy By Class ===

               TP Rate   FP Rate   Precision   Recall  F-Measure   ROC Area  Class
                 0.438     0.081      0.583     0.438     0.5        0.842    DIE
                 0.919     0.563      0.863     0.919     0.89       0.842    LIVE
Weighted Avg.    0.819     0.463      0.805     0.819     0.809      0.842


=== Confusion Matrix ===

   a   b   <-- classified as
  14  18 |   a = DIE
  10 113 |   b = LIVE

