mushroom

Options: -I 10000 -K 100 

Random forest of 10000 trees, each constructed while considering 100 random features.
Out of bag error: 0



Time taken to build model: 82.31 seconds
Time taken to test model on training data: 15.87 seconds

=== Error on training data ===

Correctly Classified Instances        8124              100      %
Incorrectly Classified Instances         0                0      %
Kappa statistic                          1     
Mean absolute error                      0     
Root mean squared error                  0.0005
Relative absolute error                  0.0032 %
Root relative squared error              0.0918 %
Total Number of Instances             8124     


=== Detailed Accuracy By Class ===

               TP Rate   FP Rate   Precision   Recall  F-Measure   ROC Area  Class
                 1         0          1         1         1          1        e
                 1         0          1         1         1          1        p
Weighted Avg.    1         0          1         1         1          1    


=== Confusion Matrix ===

    a    b   <-- classified as
 4208    0 |    a = e
    0 3916 |    b = p



=== Stratified cross-validation ===

Correctly Classified Instances        8124              100      %
Incorrectly Classified Instances         0                0      %
Kappa statistic                          1     
Mean absolute error                      0.0001
Root mean squared error                  0.0022
Relative absolute error                  0.0139 %
Root relative squared error              0.4497 %
Total Number of Instances             8124     


=== Detailed Accuracy By Class ===

               TP Rate   FP Rate   Precision   Recall  F-Measure   ROC Area  Class
                 1         0          1         1         1          1        e
                 1         0          1         1         1          1        p
Weighted Avg.    1         0          1         1         1          1    


=== Confusion Matrix ===

    a    b   <-- classified as
 4208    0 |    a = e
    0 3916 |    b = p

