hayes-roth_train

Options: -I 10000 -K 100 

Random forest of 10000 trees, each constructed while considering 100 random features.
Out of bag error: 0.2273



Time taken to build model: 6.86 seconds
Time taken to test model on training data: 1.27 seconds

=== Error on training data ===

Correctly Classified Instances         120               90.9091 %
Incorrectly Classified Instances        12                9.0909 %
Kappa statistic                          0.8601
Mean absolute error                      0.0574
Root mean squared error                  0.1646
Relative absolute error                 17.5969 %
Root relative squared error             40.8342 %
Total Number of Instances              132     


=== Detailed Accuracy By Class ===

               TP Rate   FP Rate   Precision   Recall  F-Measure   ROC Area  Class
                 0.863     0.062      0.898     0.863     0.88       0.98     1
                 0.902     0.086      0.868     0.902     0.885      0.98     2
                 1         0          1         1         1          1        3
                 0         0          0         0         0          ?        4
Weighted Avg.    0.909     0.057      0.91      0.909     0.909      0.985


=== Confusion Matrix ===

  a  b  c  d   <-- classified as
 44  7  0  0 |  a = 1
  5 46  0  0 |  b = 2
  0  0 30  0 |  c = 3
  0  0  0  0 |  d = 4



=== Stratified cross-validation ===

Correctly Classified Instances         106               80.303  %
Incorrectly Classified Instances        26               19.697  %
Kappa statistic                          0.6969
Mean absolute error                      0.0847
Root mean squared error                  0.2312
Relative absolute error                 25.9255 %
Root relative squared error             57.3546 %
Total Number of Instances              132     


=== Detailed Accuracy By Class ===

               TP Rate   FP Rate   Precision   Recall  F-Measure   ROC Area  Class
                 0.765     0.173      0.736     0.765     0.75       0.937    1
                 0.725     0.148      0.755     0.725     0.74       0.937    2
                 1         0          1         1         1          1        3
                 0         0          0         0         0          ?        4
Weighted Avg.    0.803     0.124      0.803     0.803     0.803      0.951


=== Confusion Matrix ===

  a  b  c  d   <-- classified as
 39 12  0  0 |  a = 1
 14 37  0  0 |  b = 2
  0  0 30  0 |  c = 3
  0  0  0  0 |  d = 4

