glass

Options: -I 10000 -K 100 

Random forest of 10000 trees, each constructed while considering 100 random features.
Out of bag error: 0.229



Time taken to build model: 25.22 seconds
Time taken to test model on training data: 2.28 seconds

=== Error on training data ===

Correctly Classified Instances         214              100      %
Incorrectly Classified Instances         0                0      %
Kappa statistic                          1     
Mean absolute error                      0.0351
Root mean squared error                  0.0787
Relative absolute error                 16.5917 %
Root relative squared error             24.2576 %
Total Number of Instances              214     


=== Detailed Accuracy By Class ===

               TP Rate   FP Rate   Precision   Recall  F-Measure   ROC Area  Class
                 1         0          1         1         1          1        build wind float
                 1         0          1         1         1          1        build wind non-float
                 1         0          1         1         1          1        vehic wind float
                 0         0          0         0         0          ?        vehic wind non-float
                 1         0          1         1         1          1        containers
                 1         0          1         1         1          1        tableware
                 1         0          1         1         1          1        headlamps
Weighted Avg.    1         0          1         1         1          1    


=== Confusion Matrix ===

  a  b  c  d  e  f  g   <-- classified as
 70  0  0  0  0  0  0 |  a = build wind float
  0 76  0  0  0  0  0 |  b = build wind non-float
  0  0 17  0  0  0  0 |  c = vehic wind float
  0  0  0  0  0  0  0 |  d = vehic wind non-float
  0  0  0  0 13  0  0 |  e = containers
  0  0  0  0  0  9  0 |  f = tableware
  0  0  0  0  0  0 29 |  g = headlamps



=== Stratified cross-validation ===

Correctly Classified Instances         167               78.0374 %
Incorrectly Classified Instances        47               21.9626 %
Kappa statistic                          0.7002
Mean absolute error                      0.0969
Root mean squared error                  0.215 
Relative absolute error                 45.7806 %
Root relative squared error             66.2454 %
Total Number of Instances              214     


=== Detailed Accuracy By Class ===

               TP Rate   FP Rate   Precision   Recall  F-Measure   ROC Area  Class
                 0.871     0.125      0.772     0.871     0.819      0.935    build wind float
                 0.737     0.116      0.778     0.737     0.757      0.908    build wind non-float
                 0.412     0.03       0.538     0.412     0.467      0.931    vehic wind float
                 0         0          0         0         0          ?        vehic wind non-float
                 0.846     0.015      0.786     0.846     0.815      0.975    containers
                 0.889     0.01       0.8       0.889     0.842      0.995    tableware
                 0.828     0.011      0.923     0.828     0.873      0.945    headlamps
Weighted Avg.    0.78      0.087      0.778     0.78      0.777      0.932


=== Confusion Matrix ===

  a  b  c  d  e  f  g   <-- classified as
 61  7  2  0  0  0  0 |  a = build wind float
 10 56  4  0  2  2  2 |  b = build wind non-float
  7  3  7  0  0  0  0 |  c = vehic wind float
  0  0  0  0  0  0  0 |  d = vehic wind non-float
  0  2  0  0 11  0  0 |  e = containers
  0  1  0  0  0  8  0 |  f = tableware
  1  3  0  0  1  0 24 |  g = headlamps

