heart-statlog

Options: -I 10000 -K 100 

Random forest of 10000 trees, each constructed while considering 100 random features.
Out of bag error: 0.1852



Time taken to build model: 23.01 seconds
Time taken to test model on training data: 2.17 seconds

=== Error on training data ===

Correctly Classified Instances         270              100      %
Incorrectly Classified Instances         0                0      %
Kappa statistic                          1     
Mean absolute error                      0.096 
Root mean squared error                  0.1331
Relative absolute error                 19.4451 %
Root relative squared error             26.7811 %
Total Number of Instances              270     


=== Detailed Accuracy By Class ===

               TP Rate   FP Rate   Precision   Recall  F-Measure   ROC Area  Class
                 1         0          1         1         1          1        absent
                 1         0          1         1         1          1        present
Weighted Avg.    1         0          1         1         1          1    


=== Confusion Matrix ===

   a   b   <-- classified as
 150   0 |   a = absent
   0 120 |   b = present



=== Stratified cross-validation ===

Correctly Classified Instances         220               81.4815 %
Incorrectly Classified Instances        50               18.5185 %
Kappa statistic                          0.6231
Mean absolute error                      0.2616
Root mean squared error                  0.3642
Relative absolute error                 52.9611 %
Root relative squared error             73.2841 %
Total Number of Instances              270     


=== Detailed Accuracy By Class ===

               TP Rate   FP Rate   Precision   Recall  F-Measure   ROC Area  Class
                 0.853     0.233      0.821     0.853     0.837      0.89     absent
                 0.767     0.147      0.807     0.767     0.786      0.89     present
Weighted Avg.    0.815     0.195      0.815     0.815     0.814      0.89 


=== Confusion Matrix ===

   a   b   <-- classified as
 128  22 |   a = absent
  28  92 |   b = present

