credit-a

Options: -I 10000 -K 100 

Random forest of 10000 trees, each constructed while considering 100 random features.
Out of bag error: 0.1536



Time taken to build model: 44.28 seconds
Time taken to test model on training data: 5.42 seconds

=== Error on training data ===

Correctly Classified Instances         690              100      %
Incorrectly Classified Instances         0                0      %
Kappa statistic                          1     
Mean absolute error                      0.0767
Root mean squared error                  0.1264
Relative absolute error                 15.5371 %
Root relative squared error             25.4401 %
Total Number of Instances              690     


=== Detailed Accuracy By Class ===

               TP Rate   FP Rate   Precision   Recall  F-Measure   ROC Area  Class
                 1         0          1         1         1          1        +
                 1         0          1         1         1          1        -
Weighted Avg.    1         0          1         1         1          1    


=== Confusion Matrix ===

   a   b   <-- classified as
 307   0 |   a = +
   0 383 |   b = -



=== Stratified cross-validation ===

Correctly Classified Instances         584               84.6377 %
Incorrectly Classified Instances       106               15.3623 %
Kappa statistic                          0.6904
Mean absolute error                      0.2087
Root mean squared error                  0.3387
Relative absolute error                 42.2467 %
Root relative squared error             68.1566 %
Total Number of Instances              690     


=== Detailed Accuracy By Class ===

               TP Rate   FP Rate   Precision   Recall  F-Measure   ROC Area  Class
                 0.85      0.157      0.813     0.85      0.831      0.909    +
                 0.843     0.15       0.875     0.843     0.859      0.909    -
Weighted Avg.    0.846     0.153      0.848     0.846     0.847      0.909


=== Confusion Matrix ===

   a   b   <-- classified as
 261  46 |   a = +
  60 323 |   b = -

