kr-vs-kp

Options: -I 10000 -K 100 

Random forest of 10000 trees, each constructed while considering 100 random features.
Out of bag error: 0.0031



Time taken to build model: 97.79 seconds
Time taken to test model on training data: 18.49 seconds

=== Error on training data ===

Correctly Classified Instances        3196              100      %
Incorrectly Classified Instances         0                0      %
Kappa statistic                          1     
Mean absolute error                      0.0026
Root mean squared error                  0.0204
Relative absolute error                  0.5306 %
Root relative squared error              4.0777 %
Total Number of Instances             3196     


=== Detailed Accuracy By Class ===

               TP Rate   FP Rate   Precision   Recall  F-Measure   ROC Area  Class
                 1         0          1         1         1          1        won
                 1         0          1         1         1          1        nowin
Weighted Avg.    1         0          1         1         1          1    


=== Confusion Matrix ===

    a    b   <-- classified as
 1669    0 |    a = won
    0 1527 |    b = nowin



=== Stratified cross-validation ===

Correctly Classified Instances        3183               99.5932 %
Incorrectly Classified Instances        13                0.4068 %
Kappa statistic                          0.9918
Mean absolute error                      0.0083
Root mean squared error                  0.0599
Relative absolute error                  1.6615 %
Root relative squared error             11.9899 %
Total Number of Instances             3196     


=== Detailed Accuracy By Class ===

               TP Rate   FP Rate   Precision   Recall  F-Measure   ROC Area  Class
                 0.998     0.007      0.994     0.998     0.996      1        won
                 0.993     0.002      0.998     0.993     0.996      1        nowin
Weighted Avg.    0.996     0.004      0.996     0.996     0.996      1    


=== Confusion Matrix ===

    a    b   <-- classified as
 1666    3 |    a = won
   10 1517 |    b = nowin

