liver-disorders

Options: -I 10000 -K 100 

Random forest of 10000 trees, each constructed while considering 100 random features.
Out of bag error: 0.2841



Time taken to build model: 25.54 seconds
Time taken to test model on training data: 4.12 seconds

=== Error on training data ===

Correctly Classified Instances         345              100      %
Incorrectly Classified Instances         0                0      %
Kappa statistic                          1     
Mean absolute error                      0.1377
Root mean squared error                  0.16  
Relative absolute error                 28.2486 %
Root relative squared error             32.421  %
Total Number of Instances              345     


=== Detailed Accuracy By Class ===

               TP Rate   FP Rate   Precision   Recall  F-Measure   ROC Area  Class
                 1         0          1         1         1          1        1
                 1         0          1         1         1          1        2
Weighted Avg.    1         0          1         1         1          1    


=== Confusion Matrix ===

   a   b   <-- classified as
 145   0 |   a = 1
   0 200 |   b = 2



=== Stratified cross-validation ===

Correctly Classified Instances         246               71.3043 %
Incorrectly Classified Instances        99               28.6957 %
Kappa statistic                          0.4049
Mean absolute error                      0.3766
Root mean squared error                  0.4369
Relative absolute error                 77.2793 %
Root relative squared error             88.505  %
Total Number of Instances              345     


=== Detailed Accuracy By Class ===

               TP Rate   FP Rate   Precision   Recall  F-Measure   ROC Area  Class
                 0.621     0.22       0.672     0.621     0.645      0.762    1
                 0.78      0.379      0.739     0.78      0.759      0.762    2
Weighted Avg.    0.713     0.312      0.711     0.713     0.711      0.762


=== Confusion Matrix ===

   a   b   <-- classified as
  90  55 |   a = 1
  44 156 |   b = 2

