balance-scale

Options: -I 10000 -K 100 

Random forest of 10000 trees, each constructed while considering 100 random features.
Out of bag error: 0.2



Time taken to build model: 24.33 seconds
Time taken to test model on training data: 6.87 seconds

=== Error on training data ===

Correctly Classified Instances         625              100      %
Incorrectly Classified Instances         0                0      %
Kappa statistic                          1     
Mean absolute error                      0.0544
Root mean squared error                  0.1081
Relative absolute error                 14.3321 %
Root relative squared error             24.821  %
Total Number of Instances              625     


=== Detailed Accuracy By Class ===

               TP Rate   FP Rate   Precision   Recall  F-Measure   ROC Area  Class
                 1         0          1         1         1          1        L
                 1         0          1         1         1          1        B
                 1         0          1         1         1          1        R
Weighted Avg.    1         0          1         1         1          1    


=== Confusion Matrix ===

   a   b   c   <-- classified as
 288   0   0 |   a = L
   0  49   0 |   b = B
   0   0 288 |   c = R



=== Stratified cross-validation ===

Correctly Classified Instances         509               81.44   %
Incorrectly Classified Instances       116               18.56   %
Kappa statistic                          0.6777
Mean absolute error                      0.1491
Root mean squared error                  0.2907
Relative absolute error                 39.2612 %
Root relative squared error             66.7437 %
Total Number of Instances              625     


=== Detailed Accuracy By Class ===

               TP Rate   FP Rate   Precision   Recall  F-Measure   ROC Area  Class
                 0.882     0.104      0.879     0.882     0.88       0.969    L
                 0         0.104      0         0         0          0.663    B
                 0.885     0.062      0.924     0.885     0.904      0.971    R
Weighted Avg.    0.814     0.085      0.831     0.814     0.822      0.946


=== Confusion Matrix ===

   a   b   c   <-- classified as
 254  31   3 |   a = L
  31   0  18 |   b = B
   4  29 255 |   c = R

