diabetes

Options: -I 10000 -K 100 

Random forest of 10000 trees, each constructed while considering 100 random features.
Out of bag error: 0.2435



Time taken to build model: 76.09 seconds
Time taken to test model on training data: 9.69 seconds

=== Error on training data ===

Correctly Classified Instances         768              100      %
Incorrectly Classified Instances         0                0      %
Kappa statistic                          1     
Mean absolute error                      0.1119
Root mean squared error                  0.1474
Relative absolute error                 24.6112 %
Root relative squared error             30.9263 %
Total Number of Instances              768     


=== Detailed Accuracy By Class ===

               TP Rate   FP Rate   Precision   Recall  F-Measure   ROC Area  Class
                 1         0          1         1         1          1        tested_negative
                 1         0          1         1         1          1        tested_positive
Weighted Avg.    1         0          1         1         1          1    


=== Confusion Matrix ===

   a   b   <-- classified as
 500   0 |   a = tested_negative
   0 268 |   b = tested_positive



=== Stratified cross-validation ===

Correctly Classified Instances         578               75.2604 %
Incorrectly Classified Instances       190               24.7396 %
Kappa statistic                          0.444 
Mean absolute error                      0.3091
Root mean squared error                  0.4057
Relative absolute error                 68.0012 %
Root relative squared error             85.1263 %
Total Number of Instances              768     


=== Detailed Accuracy By Class ===

               TP Rate   FP Rate   Precision   Recall  F-Measure   ROC Area  Class
                 0.834     0.399      0.796     0.834     0.814      0.819    tested_negative
                 0.601     0.166      0.66      0.601     0.629      0.819    tested_positive
Weighted Avg.    0.753     0.318      0.748     0.753     0.75       0.819


=== Confusion Matrix ===

   a   b   <-- classified as
 417  83 |   a = tested_negative
 107 161 |   b = tested_positive

