lung-cancer

Options: -I 10000 -K 100 

Random forest of 10000 trees, each constructed while considering 100 random features.
Out of bag error: 0.2188



Time taken to build model: 4.66 seconds
Time taken to test model on training data: 0.13 seconds

=== Error on training data ===

Correctly Classified Instances          32              100      %
Incorrectly Classified Instances         0                0      %
Kappa statistic                          1     
Mean absolute error                      0.09  
Root mean squared error                  0.1355
Relative absolute error                 21.9656 %
Root relative squared error             30.119  %
Total Number of Instances               32     


=== Detailed Accuracy By Class ===

               TP Rate   FP Rate   Precision   Recall  F-Measure   ROC Area  Class
                 1         0          1         1         1          1        1
                 1         0          1         1         1          1        2
Weighted Avg.    1         0          1         1         1          1    


=== Confusion Matrix ===

  a  b   <-- classified as
  9  0 |  a = 1
  0 23 |  b = 2



=== Stratified cross-validation ===

Correctly Classified Instances          25               78.125  %
Incorrectly Classified Instances         7               21.875  %
Kappa statistic                          0.44  
Mean absolute error                      0.2547
Root mean squared error                  0.3739
Relative absolute error                 61.7362 %
Root relative squared error             82.7253 %
Total Number of Instances               32     


=== Detailed Accuracy By Class ===

               TP Rate   FP Rate   Precision   Recall  F-Measure   ROC Area  Class
                 0.556     0.13       0.625     0.556     0.588      0.816    1
                 0.87      0.444      0.833     0.87      0.851      0.816    2
Weighted Avg.    0.781     0.356      0.775     0.781     0.777      0.816


=== Confusion Matrix ===

  a  b   <-- classified as
  5  4 |  a = 1
  3 20 |  b = 2

