ionosphere

Options: -I 10000 -K 100 

Random forest of 10000 trees, each constructed while considering 100 random features.
Out of bag error: 0.0712



Time taken to build model: 100.06 seconds
Time taken to test model on training data: 2.01 seconds

=== Error on training data ===

Correctly Classified Instances         351              100      %
Incorrectly Classified Instances         0                0      %
Kappa statistic                          1     
Mean absolute error                      0.0428
Root mean squared error                  0.0874
Relative absolute error                  9.2935 %
Root relative squared error             18.2198 %
Total Number of Instances              351     


=== Detailed Accuracy By Class ===

               TP Rate   FP Rate   Precision   Recall  F-Measure   ROC Area  Class
                 1         0          1         1         1          1        b
                 1         0          1         1         1          1        g
Weighted Avg.    1         0          1         1         1          1    


=== Confusion Matrix ===

   a   b   <-- classified as
 126   0 |   a = b
   0 225 |   b = g



=== Stratified cross-validation ===

Correctly Classified Instances         326               92.8775 %
Incorrectly Classified Instances        25                7.1225 %
Kappa statistic                          0.8428
Mean absolute error                      0.1175
Root mean squared error                  0.2377
Relative absolute error                 25.5081 %
Root relative squared error             49.5514 %
Total Number of Instances              351     


=== Detailed Accuracy By Class ===

               TP Rate   FP Rate   Precision   Recall  F-Measure   ROC Area  Class
                 0.865     0.036      0.932     0.865     0.897      0.973    b
                 0.964     0.135      0.927     0.964     0.946      0.973    g
Weighted Avg.    0.929     0.099      0.929     0.929     0.928      0.973


=== Confusion Matrix ===

   a   b   <-- classified as
 109  17 |   a = b
   8 217 |   b = g

