spect_test

Options: -I 10000 -K 100 

Random forest of 10000 trees, each constructed while considering 100 random features.
Out of bag error: 0.369



Time taken to build model: 8.98 seconds
Time taken to test model on training data: 2.17 seconds

=== Error on training data ===

Correctly Classified Instances         181               96.7914 %
Incorrectly Classified Instances         6                3.2086 %
Kappa statistic                          0.935 
Mean absolute error                      0.1599
Root mean squared error                  0.2102
Relative absolute error                 32.3103 %
Root relative squared error             42.2591 %
Total Number of Instances              187     


=== Detailed Accuracy By Class ===

               TP Rate   FP Rate   Precision   Recall  F-Measure   ROC Area  Class
                 0.981     0.048      0.962     0.981     0.971      0.998    0
                 0.952     0.019      0.976     0.952     0.964      0.998    1
Weighted Avg.    0.968     0.035      0.968     0.968     0.968      0.998


=== Confusion Matrix ===

   a   b   <-- classified as
 101   2 |   a = 0
   4  80 |   b = 1



=== Stratified cross-validation ===

Correctly Classified Instances         114               60.9626 %
Incorrectly Classified Instances        73               39.0374 %
Kappa statistic                          0.2137
Mean absolute error                      0.3942
Root mean squared error                  0.4902
Relative absolute error                 79.6394 %
Root relative squared error             98.5278 %
Total Number of Instances              187     


=== Detailed Accuracy By Class ===

               TP Rate   FP Rate   Precision   Recall  F-Measure   ROC Area  Class
                 0.631     0.417      0.65      0.631     0.64       0.69     0
                 0.583     0.369      0.563     0.583     0.573      0.69     1
Weighted Avg.    0.61      0.395      0.611     0.61      0.61       0.69 


=== Confusion Matrix ===

  a  b   <-- classified as
 65 38 |  a = 0
 35 49 |  b = 1

