sick

Options: -I 10000 -K 100 

Random forest of 10000 trees, each constructed while considering 100 random features.
Out of bag error: 0.0098



Time taken to build model: 261.87 seconds
Time taken to test model on training data: 29.4 seconds

=== Error on training data ===

Correctly Classified Instances        3772              100      %
Incorrectly Classified Instances         0                0      %
Kappa statistic                          1     
Mean absolute error                      0.005 
Root mean squared error                  0.0308
Relative absolute error                  4.3624 %
Root relative squared error             12.8535 %
Total Number of Instances             3772     


=== Detailed Accuracy By Class ===

               TP Rate   FP Rate   Precision   Recall  F-Measure   ROC Area  Class
                 1         0          1         1         1          1        negative
                 1         0          1         1         1          1        sick
Weighted Avg.    1         0          1         1         1          1    


=== Confusion Matrix ===

    a    b   <-- classified as
 3541    0 |    a = negative
    0  231 |    b = sick



=== Stratified cross-validation ===

Correctly Classified Instances        3733               98.9661 %
Incorrectly Classified Instances        39                1.0339 %
Kappa statistic                          0.9069
Mean absolute error                      0.0141
Root mean squared error                  0.085 
Relative absolute error                 12.2667 %
Root relative squared error             35.4531 %
Total Number of Instances             3772     


=== Detailed Accuracy By Class ===

               TP Rate   FP Rate   Precision   Recall  F-Measure   ROC Area  Class
                 0.997     0.121      0.992     0.997     0.995      0.993    negative
                 0.879     0.003      0.949     0.879     0.912      0.992    sick
Weighted Avg.    0.99      0.114      0.989     0.99      0.989      0.993


=== Confusion Matrix ===

    a    b   <-- classified as
 3530   11 |    a = negative
   28  203 |    b = sick

