autos

Options: -I 10000 -K 100 

Random forest of 10000 trees, each constructed while considering 100 random features.
Out of bag error: 0.1805



Time taken to build model: 22.47 seconds
Time taken to test model on training data: 1.27 seconds

=== Error on training data ===

Correctly Classified Instances         205              100      %
Incorrectly Classified Instances         0                0      %
Kappa statistic                          1     
Mean absolute error                      0.0306
Root mean squared error                  0.0785
Relative absolute error                 13.8658 %
Root relative squared error             23.6756 %
Total Number of Instances              205     


=== Detailed Accuracy By Class ===

               TP Rate   FP Rate   Precision   Recall  F-Measure   ROC Area  Class
                 0         0          0         0         0          ?        -3
                 1         0          1         1         1          1        -2
                 1         0          1         1         1          1        -1
                 1         0          1         1         1          1        0
                 1         0          1         1         1          1        1
                 1         0          1         1         1          1        2
                 1         0          1         1         1          1        3
Weighted Avg.    1         0          1         1         1          1    


=== Confusion Matrix ===

  a  b  c  d  e  f  g   <-- classified as
  0  0  0  0  0  0  0 |  a = -3
  0  3  0  0  0  0  0 |  b = -2
  0  0 22  0  0  0  0 |  c = -1
  0  0  0 67  0  0  0 |  d = 0
  0  0  0  0 54  0  0 |  e = 1
  0  0  0  0  0 32  0 |  f = 2
  0  0  0  0  0  0 27 |  g = 3



=== Stratified cross-validation ===

Correctly Classified Instances         170               82.9268 %
Incorrectly Classified Instances        35               17.0732 %
Kappa statistic                          0.7775
Mean absolute error                      0.0824
Root mean squared error                  0.2066
Relative absolute error                 37.2792 %
Root relative squared error             62.26   %
Total Number of Instances              205     


=== Detailed Accuracy By Class ===

               TP Rate   FP Rate   Precision   Recall  F-Measure   ROC Area  Class
                 0         0          0         0         0          ?        -3
                 1         0          1         1         1          1        -2
                 0.818     0.005      0.947     0.818     0.878      0.923    -1
                 0.91      0.08       0.847     0.91      0.878      0.956    0
                 0.759     0.06       0.82      0.759     0.788      0.877    1
                 0.844     0.046      0.771     0.844     0.806      0.924    2
                 0.741     0.034      0.769     0.741     0.755      0.911    3
Weighted Avg.    0.829     0.054      0.831     0.829     0.829      0.921


=== Confusion Matrix ===

  a  b  c  d  e  f  g   <-- classified as
  0  0  0  0  0  0  0 |  a = -3
  0  3  0  0  0  0  0 |  b = -2
  0  0 18  1  2  0  1 |  c = -1
  0  0  1 61  1  3  1 |  d = 0
  0  0  0  6 41  3  4 |  e = 1
  0  0  0  3  2 27  0 |  f = 2
  0  0  0  1  4  2 20 |  g = 3

