anneal

Options: -I 10000 -K 100 

Random forest of 10000 trees, each constructed while considering 100 random features.
Out of bag error: 0.0022



Time taken to build model: 34.23 seconds
Time taken to test model on training data: 5 seconds

=== Error on training data ===

Correctly Classified Instances         898              100      %
Incorrectly Classified Instances         0                0      %
Kappa statistic                          1     
Mean absolute error                      0.0009
Root mean squared error                  0.0121
Relative absolute error                  0.6874 %
Root relative squared error              4.7023 %
Total Number of Instances              898     


=== Detailed Accuracy By Class ===

               TP Rate   FP Rate   Precision   Recall  F-Measure   ROC Area  Class
                 1         0          1         1         1          1        1
                 1         0          1         1         1          1        2
                 1         0          1         1         1          1        3
                 0         0          0         0         0          ?        4
                 1         0          1         1         1          1        5
                 1         0          1         1         1          1        U
Weighted Avg.    1         0          1         1         1          1    


=== Confusion Matrix ===

   a   b   c   d   e   f   <-- classified as
   8   0   0   0   0   0 |   a = 1
   0  99   0   0   0   0 |   b = 2
   0   0 684   0   0   0 |   c = 3
   0   0   0   0   0   0 |   d = 4
   0   0   0   0  67   0 |   e = 5
   0   0   0   0   0  40 |   f = U



=== Stratified cross-validation ===

Correctly Classified Instances         894               99.5546 %
Incorrectly Classified Instances         4                0.4454 %
Kappa statistic                          0.9889
Mean absolute error                      0.0033
Root mean squared error                  0.0423
Relative absolute error                  2.4573 %
Root relative squared error             16.3858 %
Total Number of Instances              898     


=== Detailed Accuracy By Class ===

               TP Rate   FP Rate   Precision   Recall  F-Measure   ROC Area  Class
                 0.875     0          1         0.875     0.933      0.999    1
                 1         0          1         1         1          1        2
                 0.997     0.005      0.999     0.997     0.998      1        3
                 0         0          0         0         0          ?        4
                 1         0.001      0.985     1         0.993      1        5
                 0.975     0.002      0.951     0.975     0.963      0.999    U
Weighted Avg.    0.996     0.004      0.996     0.996     0.996      1    


=== Confusion Matrix ===

   a   b   c   d   e   f   <-- classified as
   7   0   0   0   1   0 |   a = 1
   0  99   0   0   0   0 |   b = 2
   0   0 682   0   0   2 |   c = 3
   0   0   0   0   0   0 |   d = 4
   0   0   0   0  67   0 |   e = 5
   0   0   1   0   0  39 |   f = U

