lymph

Options: -I 10000 -K 100 

Random forest of 10000 trees, each constructed while considering 100 random features.
Out of bag error: 0.2095



Time taken to build model: 7.42 seconds
Time taken to test model on training data: 0.99 seconds

=== Error on training data ===

Correctly Classified Instances         148              100      %
Incorrectly Classified Instances         0                0      %
Kappa statistic                          1     
Mean absolute error                      0.0488
Root mean squared error                  0.1012
Relative absolute error                 18.2111 %
Root relative squared error             27.815  %
Total Number of Instances              148     


=== Detailed Accuracy By Class ===

               TP Rate   FP Rate   Precision   Recall  F-Measure   ROC Area  Class
                 1         0          1         1         1          1        normal
                 1         0          1         1         1          1        metastases
                 1         0          1         1         1          1        malign_lymph
                 1         0          1         1         1          1        fibrosis
Weighted Avg.    1         0          1         1         1          1    


=== Confusion Matrix ===

  a  b  c  d   <-- classified as
  2  0  0  0 |  a = normal
  0 81  0  0 |  b = metastases
  0  0 61  0 |  c = malign_lymph
  0  0  0  4 |  d = fibrosis



=== Stratified cross-validation ===

Correctly Classified Instances         116               78.3784 %
Incorrectly Classified Instances        32               21.6216 %
Kappa statistic                          0.5849
Mean absolute error                      0.1346
Root mean squared error                  0.2748
Relative absolute error                 50.1886 %
Root relative squared error             75.4561 %
Total Number of Instances              148     


=== Detailed Accuracy By Class ===

               TP Rate   FP Rate   Precision   Recall  F-Measure   ROC Area  Class
                 1         0.007      0.667     1         0.8        1        normal
                 0.852     0.239      0.812     0.852     0.831      0.886    metastases
                 0.738     0.161      0.763     0.738     0.75       0.872    malign_lymph
                 0         0.007      0         0         0          0.962    fibrosis
Weighted Avg.    0.784     0.197      0.768     0.784     0.775      0.884


=== Confusion Matrix ===

  a  b  c  d   <-- classified as
  2  0  0  0 |  a = normal
  0 69 12  0 |  b = metastases
  0 15 45  1 |  c = malign_lymph
  1  1  2  0 |  d = fibrosis

