trains

Options: -I 10000 -K 100 

Random forest of 10000 trees, each constructed while considering 100 random features.
Out of bag error: 0.6



Time taken to build model: 2.42 seconds
Time taken to test model on training data: 0.1 seconds

=== Error on training data ===

Correctly Classified Instances          10              100      %
Incorrectly Classified Instances         0                0      %
Kappa statistic                          1     
Mean absolute error                      0.1695
Root mean squared error                  0.1824
Relative absolute error                 33.9008 %
Root relative squared error             36.4766 %
Total Number of Instances               10     


=== Detailed Accuracy By Class ===

               TP Rate   FP Rate   Precision   Recall  F-Measure   ROC Area  Class
                 1         0          1         1         1          1        east
                 1         0          1         1         1          1        west
Weighted Avg.    1         0          1         1         1          1    


=== Confusion Matrix ===

 a b   <-- classified as
 5 0 | a = east
 0 5 | b = west



=== Stratified cross-validation ===

Correctly Classified Instances           4               40      %
Incorrectly Classified Instances         6               60      %
Kappa statistic                         -0.2   
Mean absolute error                      0.4936
Root mean squared error                  0.5305
Relative absolute error                 90.4878 %
Root relative squared error             97.2586 %
Total Number of Instances               10     


=== Detailed Accuracy By Class ===

               TP Rate   FP Rate   Precision   Recall  F-Measure   ROC Area  Class
                 0.2       0.4        0.333     0.2       0.25       0.52     east
                 0.6       0.8        0.429     0.6       0.5        0.52     west
Weighted Avg.    0.4       0.6        0.381     0.4       0.375      0.52 


=== Confusion Matrix ===

 a b   <-- classified as
 1 4 | a = east
 2 3 | b = west

