liver-disorders 71.3043
lung-cancer 78.125
lymph 78.3784
molecular-biology_promoters 32.0755
monks-problems-1_train 34.6774
monks-problems-2_test 9.4907
monks-problems-2_train 40.8284
monks-problems-3_train 33.6066
mushroom 100
postoperative-patient-data 62.2222
autos 82.9268
shuttle-landing-control 93.3333
sick 98.9661
solar-flare_1 96.2848
solar-flare_2 99.1557
sonar 80.2885
balance-scale 81.44
spect_test 60.9626
spect_train 60
sponge 92.1053
tae 69.5364
trains 40
vehicle 77.4232
vote 96.5517
zoo 42.5743
breast-cancer 66.4336
breast-w 95.8512
bridges_version1 41.9048
bridges_version2 41.9048
colic 85.3261
credit-a 84.6377
dermatology 93.9891
diabetes 75.2604
ecoli 83.631
anneal 99.5546
flags 35.567
glass 78.0374
haberman 67.6471
hayes-roth_test 46.4286
hayes-roth_train 80.303
heart-c 82.8383
heart-h 77.8912
heart-statlog 81.4815
hepatitis 81.9355
hypothyroid 99.7084
ionosphere 92.8775
iris 95.3333
audiology 82.3009
kr-vs-kp 99.5932
labor 84.2105
