liver-disorders 68.6957
lung-cancer 78.125
lymph 77.027
mfeat-factors 88.95
mfeat-fourier 75.25
mfeat-karhunen 82.85
mfeat-morphological 72.05
mfeat-pixel 78.65
mfeat-zernike 71.85
molecular-biology_promoters 21.6981
monks-problems-1_test 44.6759
monks-problems-1_train 43.5484
monks-problems-2_test 47.9167
monks-problems-2_train 58.5799
monks-problems-3_test 44.213
monks-problems-3_train 48.3607
mushroom 100
nursery 97.0525
optdigits 90.694
page-blocks 96.8756
pendigits 96.5611
postoperative-patient-data 70
primary-tumor 39.823
segment 96.9264
autos 81.9512
shuttle-landing-control 93.3333
sick 98.807
solar-flare_1 97.8328
solar-flare_2 99.531
sonar 71.1538
soybean 91.5081
spambase 92.9798
balance-scale 76.64
spect_test 65.2406
spect_train 71.25
splice 94.0752
sponge 92.1053
tae 59.6026
tic-tac-toe 84.5511
trains 90
vehicle 72.4586
vote 96.3218
vowel 81.5152
waveform-5000 75.08
zoo 92.0792
breast-cancer 75.5245
breast-w 94.5637
bridges_version1 57.1429
bridges_version2 56.1905
car 92.3611
cmc 52.1385
colic 85.3261
colic.ORIG 66.3043
credit-a 86.087
credit-g 70.5
cylinder-bands 57.7778
dermatology 93.9891
diabetes 73.8281
ecoli 84.2262
anneal 98.441
flags 59.2784
glass 66.8224
haberman 72.8758
hayes-roth_test 57.1429
hayes-roth_train 80.303
heart-c 77.5578
heart-h 80.9524
anneal.ORIG 90.98
heart-statlog 76.6667
hepatitis 83.871
hypothyroid 99.5758
ionosphere 91.453
iris 96
arrhythmia 64.3805
audiology 77.8761
kdd_ipums_la_97-small 77.1137
kdd_ipums_la_98-small 76.2534
kdd_ipums_la_99-small 86.0167
kdd_synthetic_control 91.6667
kr-vs-kp 99.4368
labor 73.6842
letter 87.98
