spect_train

Options: -I 10000 -K 100 

Random forest of 10000 trees, each constructed while considering 100 random features.
Out of bag error: 0.3875



Time taken to build model: 6.39 seconds
Time taken to test model on training data: 0.89 seconds

=== Error on training data ===

Correctly Classified Instances          75               93.75   %
Incorrectly Classified Instances         5                6.25   %
Kappa statistic                          0.8501
Mean absolute error                      0.2097
Root mean squared error                  0.2647
Relative absolute error                 47.6331 %
Root relative squared error             56.52   %
Total Number of Instances               80     


=== Detailed Accuracy By Class ===

               TP Rate   FP Rate   Precision   Recall  F-Measure   ROC Area  Class
                 1         0.192      0.915     1         0.956      0.955    0
                 0.808     0          1         0.808     0.894      0.955    1
Weighted Avg.    0.938     0.13       0.943     0.938     0.936      0.955


=== Confusion Matrix ===

  a  b   <-- classified as
 54  0 |  a = 0
  5 21 |  b = 1



=== Stratified cross-validation ===

Correctly Classified Instances          48               60      %
Incorrectly Classified Instances        32               40      %
Kappa statistic                          0.0698
Mean absolute error                      0.4418
Root mean squared error                  0.5157
Relative absolute error                100.1429 %
Root relative squared error            109.882  %
Total Number of Instances               80     


=== Detailed Accuracy By Class ===

               TP Rate   FP Rate   Precision   Recall  F-Measure   ROC Area  Class
                 0.722     0.654      0.696     0.722     0.709      0.527    0
                 0.346     0.278      0.375     0.346     0.36       0.527    1
Weighted Avg.    0.6       0.532      0.592     0.6       0.596      0.527


=== Confusion Matrix ===

  a  b   <-- classified as
 39 15 |  a = 0
 17  9 |  b = 1

