solar-flare_2

Options: -I 10000 -K 100 

Random forest of 10000 trees, each constructed while considering 100 random features.
Out of bag error: 0.0066



Time taken to build model: 9.02 seconds
Time taken to test model on training data: 3.05 seconds

=== Error on training data ===

Correctly Classified Instances        1065               99.9062 %
Incorrectly Classified Instances         1                0.0938 %
Kappa statistic                          0.8885
Mean absolute error                      0.0026
Root mean squared error                  0.0273
Relative absolute error                 34.4923 %
Root relative squared error             48.9908 %
Total Number of Instances             1066     


=== Detailed Accuracy By Class ===

               TP Rate   FP Rate   Precision   Recall  F-Measure   ROC Area  Class
                 1         0.2        0.999     1         1          1        0
                 0.75      0          1         0.75      0.857      1        1
                 1         0          1         1         1          1        2
Weighted Avg.    0.999     0.199      0.999     0.999     0.999      1    


=== Confusion Matrix ===

    a    b    c   <-- classified as
 1061    0    0 |    a = 0
    1    3    0 |    b = 1
    0    0    1 |    c = 2



=== Stratified cross-validation ===

Correctly Classified Instances        1057               99.1557 %
Incorrectly Classified Instances         9                0.8443 %
Kappa statistic                         -0.0035
Mean absolute error                      0.0065
Root mean squared error                  0.0649
Relative absolute error                 85.8576 %
Root relative squared error            116.1442 %
Total Number of Instances             1066     


=== Detailed Accuracy By Class ===

               TP Rate   FP Rate   Precision   Recall  F-Measure   ROC Area  Class
                 0.996     1          0.995     0.996     0.996      0.844    0
                 0         0.003      0         0         0          0.808    1
                 0         0.001      0         0         0          0.482    2
Weighted Avg.    0.992     0.995      0.991     0.992     0.991      0.844


=== Confusion Matrix ===

    a    b    c   <-- classified as
 1057    3    1 |    a = 0
    4    0    0 |    b = 1
    1    0    0 |    c = 2

