mfeat-zernike

J48 pruned tree
------------------

att19 <= 295.886419
|   att37 <= 219.034746
|   |   att45 <= 84.467265
|   |   |   att18 <= 244.437911
|   |   |   |   att43 <= 405.874604
|   |   |   |   |   att6 <= 376.304603
|   |   |   |   |   |   att40 <= 125.219844
|   |   |   |   |   |   |   att31 <= 26.694054
|   |   |   |   |   |   |   |   att24 <= 145.439583
|   |   |   |   |   |   |   |   |   att37 <= 127.202193
|   |   |   |   |   |   |   |   |   |   att28 <= 171.344262
|   |   |   |   |   |   |   |   |   |   |   att12 <= 106.933138: 9 (7.0/1.0)
|   |   |   |   |   |   |   |   |   |   |   att12 > 106.933138
|   |   |   |   |   |   |   |   |   |   |   |   att1 <= 0.081549: 3 (3.0)
|   |   |   |   |   |   |   |   |   |   |   |   att1 > 0.081549: 4 (2.0)
|   |   |   |   |   |   |   |   |   |   att28 > 171.344262
|   |   |   |   |   |   |   |   |   |   |   att36 <= 265.000651: 6 (2.0)
|   |   |   |   |   |   |   |   |   |   |   att36 > 265.000651
|   |   |   |   |   |   |   |   |   |   |   |   att29 <= 74.385929
|   |   |   |   |   |   |   |   |   |   |   |   |   att11 <= 27.314752: 4 (5.0/1.0)
|   |   |   |   |   |   |   |   |   |   |   |   |   att11 > 27.314752
|   |   |   |   |   |   |   |   |   |   |   |   |   |   att37 <= 90.446019: 3 (16.0)
|   |   |   |   |   |   |   |   |   |   |   |   |   |   att37 > 90.446019: 6 (3.0/1.0)
|   |   |   |   |   |   |   |   |   |   |   |   att29 > 74.385929: 3 (132.0)
|   |   |   |   |   |   |   |   |   att37 > 127.202193
|   |   |   |   |   |   |   |   |   |   att7 <= 233.714655: 9 (4.0/1.0)
|   |   |   |   |   |   |   |   |   |   att7 > 233.714655
|   |   |   |   |   |   |   |   |   |   |   att28 <= 323.440876: 4 (6.0/1.0)
|   |   |   |   |   |   |   |   |   |   |   att28 > 323.440876: 8 (2.0)
|   |   |   |   |   |   |   |   att24 > 145.439583
|   |   |   |   |   |   |   |   |   att27 <= 29.839602: 1 (2.0/1.0)
|   |   |   |   |   |   |   |   |   att27 > 29.839602
|   |   |   |   |   |   |   |   |   |   att42 <= 232.886608
|   |   |   |   |   |   |   |   |   |   |   att23 <= 172.4638
|   |   |   |   |   |   |   |   |   |   |   |   att19 <= 146.69089
|   |   |   |   |   |   |   |   |   |   |   |   |   att18 <= 190.290358: 4 (23.0/1.0)
|   |   |   |   |   |   |   |   |   |   |   |   |   att18 > 190.290358: 6 (4.0/1.0)
|   |   |   |   |   |   |   |   |   |   |   |   att19 > 146.69089
|   |   |   |   |   |   |   |   |   |   |   |   |   att9 <= 3.508521: 6 (6.0)
|   |   |   |   |   |   |   |   |   |   |   |   |   att9 > 3.508521: 4 (4.0/1.0)
|   |   |   |   |   |   |   |   |   |   |   att23 > 172.4638: 3 (2.0)
|   |   |   |   |   |   |   |   |   |   att42 > 232.886608
|   |   |   |   |   |   |   |   |   |   |   att11 <= 42.478265: 4 (4.0/1.0)
|   |   |   |   |   |   |   |   |   |   |   att11 > 42.478265: 3 (10.0)
|   |   |   |   |   |   |   att31 > 26.694054
|   |   |   |   |   |   |   |   att28 <= 273.85595
|   |   |   |   |   |   |   |   |   att2 <= 2.867064: 4 (5.0/1.0)
|   |   |   |   |   |   |   |   |   att2 > 2.867064: 3 (2.0/1.0)
|   |   |   |   |   |   |   |   att28 > 273.85595: 8 (9.0/1.0)
|   |   |   |   |   |   att40 > 125.219844: 4 (39.0/1.0)
|   |   |   |   |   att6 > 376.304603
|   |   |   |   |   |   att13 <= 110.097264
|   |   |   |   |   |   |   att7 <= 179.268498: 1 (4.0)
|   |   |   |   |   |   |   att7 > 179.268498: 7 (2.0)
|   |   |   |   |   |   att13 > 110.097264: 9 (8.0)
|   |   |   |   att43 > 405.874604
|   |   |   |   |   att47 <= 486.475129
|   |   |   |   |   |   att7 <= 148.476027: 2 (3.0/2.0)
|   |   |   |   |   |   att7 > 148.476027: 5 (19.0)
|   |   |   |   |   att47 > 486.475129
|   |   |   |   |   |   att33 <= 142.666514
|   |   |   |   |   |   |   att23 <= 124.722291
|   |   |   |   |   |   |   |   att25 <= 1.321549
|   |   |   |   |   |   |   |   |   att22 <= 54.041917
|   |   |   |   |   |   |   |   |   |   att35 <= 68.76209
|   |   |   |   |   |   |   |   |   |   |   att19 <= 249.834311
|   |   |   |   |   |   |   |   |   |   |   |   att13 <= 211.447349
|   |   |   |   |   |   |   |   |   |   |   |   |   att8 <= 0.09278: 9 (118.0)
|   |   |   |   |   |   |   |   |   |   |   |   |   att8 > 0.09278
|   |   |   |   |   |   |   |   |   |   |   |   |   |   att19 <= 127.146977: 9 (12.0)
|   |   |   |   |   |   |   |   |   |   |   |   |   |   att19 > 127.146977: 6 (3.0/1.0)
|   |   |   |   |   |   |   |   |   |   |   |   att13 > 211.447349
|   |   |   |   |   |   |   |   |   |   |   |   |   att1 <= 0.037591: 9 (2.0)
|   |   |   |   |   |   |   |   |   |   |   |   |   att1 > 0.037591: 6 (3.0)
|   |   |   |   |   |   |   |   |   |   |   att19 > 249.834311
|   |   |   |   |   |   |   |   |   |   |   |   att3 <= 9.852438: 9 (2.0)
|   |   |   |   |   |   |   |   |   |   |   |   att3 > 9.852438: 1 (5.0)
|   |   |   |   |   |   |   |   |   |   att35 > 68.76209: 1 (3.0/1.0)
|   |   |   |   |   |   |   |   |   att22 > 54.041917
|   |   |   |   |   |   |   |   |   |   att18 <= 173.403263: 9 (3.0/1.0)
|   |   |   |   |   |   |   |   |   |   att18 > 173.403263: 6 (6.0)
|   |   |   |   |   |   |   |   att25 > 1.321549
|   |   |   |   |   |   |   |   |   att8 <= 0.056595
|   |   |   |   |   |   |   |   |   |   att1 <= 0.10301: 7 (2.0/1.0)
|   |   |   |   |   |   |   |   |   |   att1 > 0.10301: 1 (2.0/1.0)
|   |   |   |   |   |   |   |   |   att8 > 0.056595: 6 (5.0/1.0)
|   |   |   |   |   |   |   att23 > 124.722291
|   |   |   |   |   |   |   |   att28 <= 277.176956
|   |   |   |   |   |   |   |   |   att29 <= 109.137949
|   |   |   |   |   |   |   |   |   |   att1 <= 0.049481: 7 (4.0)
|   |   |   |   |   |   |   |   |   |   att1 > 0.049481: 6 (3.0/1.0)
|   |   |   |   |   |   |   |   |   att29 > 109.137949
|   |   |   |   |   |   |   |   |   |   att5 <= 44.385337: 10 (2.0)
|   |   |   |   |   |   |   |   |   |   att5 > 44.385337: 9 (5.0)
|   |   |   |   |   |   |   |   att28 > 277.176956: 3 (6.0/1.0)
|   |   |   |   |   |   att33 > 142.666514
|   |   |   |   |   |   |   att8 <= 0.040444: 9 (3.0)
|   |   |   |   |   |   |   att8 > 0.040444
|   |   |   |   |   |   |   |   att5 <= 33.971173: 10 (3.0/1.0)
|   |   |   |   |   |   |   |   att5 > 33.971173
|   |   |   |   |   |   |   |   |   att6 <= 170.077469: 3 (2.0/1.0)
|   |   |   |   |   |   |   |   |   att6 > 170.077469: 4 (16.0)
|   |   |   att18 > 244.437911
|   |   |   |   att28 <= 134.732874
|   |   |   |   |   att29 <= 311.509223
|   |   |   |   |   |   att5 <= 114.539642: 7 (2.0/1.0)
|   |   |   |   |   |   att5 > 114.539642: 9 (24.0)
|   |   |   |   |   att29 > 311.509223: 1 (3.0)
|   |   |   |   att28 > 134.732874
|   |   |   |   |   att7 <= 316.172052
|   |   |   |   |   |   att18 <= 253.582763
|   |   |   |   |   |   |   att17 <= 56.103786: 3 (3.0/1.0)
|   |   |   |   |   |   |   att17 > 56.103786: 6 (12.0/1.0)
|   |   |   |   |   |   att18 > 253.582763: 6 (94.0)
|   |   |   |   |   att7 > 316.172052
|   |   |   |   |   |   att18 <= 275.084457: 3 (5.0)
|   |   |   |   |   |   att18 > 275.084457: 6 (3.0)
|   |   att45 > 84.467265
|   |   |   att21 <= 15.771795
|   |   |   |   att22 <= 87.029561
|   |   |   |   |   att28 <= 260.800976
|   |   |   |   |   |   att17 <= 158.478094
|   |   |   |   |   |   |   att43 <= 313.311272
|   |   |   |   |   |   |   |   att22 <= 46.475371
|   |   |   |   |   |   |   |   |   att36 <= 226.35364: 7 (4.0)
|   |   |   |   |   |   |   |   |   att36 > 226.35364
|   |   |   |   |   |   |   |   |   |   att27 <= 118.563266: 4 (24.0)
|   |   |   |   |   |   |   |   |   |   att27 > 118.563266: 3 (2.0/1.0)
|   |   |   |   |   |   |   |   att22 > 46.475371
|   |   |   |   |   |   |   |   |   att4 <= 98.053062
|   |   |   |   |   |   |   |   |   |   att35 <= 25.943815
|   |   |   |   |   |   |   |   |   |   |   att36 <= 212.508563
|   |   |   |   |   |   |   |   |   |   |   |   att19 <= 104.747769: 10 (3.0/1.0)
|   |   |   |   |   |   |   |   |   |   |   |   att19 > 104.747769: 7 (4.0)
|   |   |   |   |   |   |   |   |   |   |   att36 > 212.508563: 10 (2.0)
|   |   |   |   |   |   |   |   |   |   att35 > 25.943815: 4 (3.0/1.0)
|   |   |   |   |   |   |   |   |   att4 > 98.053062
|   |   |   |   |   |   |   |   |   |   att42 <= 239.673628: 8 (21.0/1.0)
|   |   |   |   |   |   |   |   |   |   att42 > 239.673628: 3 (2.0/1.0)
|   |   |   |   |   |   |   att43 > 313.311272
|   |   |   |   |   |   |   |   att42 <= 210.249887
|   |   |   |   |   |   |   |   |   att6 <= 144.24993
|   |   |   |   |   |   |   |   |   |   att29 <= 41.267541: 10 (3.0/1.0)
|   |   |   |   |   |   |   |   |   |   att29 > 41.267541
|   |   |   |   |   |   |   |   |   |   |   att18 <= 65.186199: 7 (4.0/1.0)
|   |   |   |   |   |   |   |   |   |   |   att18 > 65.186199: 5 (9.0/1.0)
|   |   |   |   |   |   |   |   |   att6 > 144.24993
|   |   |   |   |   |   |   |   |   |   att1 <= 0.112912
|   |   |   |   |   |   |   |   |   |   |   att3 <= 24.938765
|   |   |   |   |   |   |   |   |   |   |   |   att23 <= 45.256158
|   |   |   |   |   |   |   |   |   |   |   |   |   att3 <= 11.576856: 7 (2.0)
|   |   |   |   |   |   |   |   |   |   |   |   |   att3 > 11.576856: 6 (2.0)
|   |   |   |   |   |   |   |   |   |   |   |   att23 > 45.256158
|   |   |   |   |   |   |   |   |   |   |   |   |   att24 <= 95.4391
|   |   |   |   |   |   |   |   |   |   |   |   |   |   att6 <= 309.697783: 6 (3.0)
|   |   |   |   |   |   |   |   |   |   |   |   |   |   att6 > 309.697783
|   |   |   |   |   |   |   |   |   |   |   |   |   |   |   att31 <= 11.056659: 7 (5.0)
|   |   |   |   |   |   |   |   |   |   |   |   |   |   |   att31 > 11.056659: 10 (23.0/8.0)
|   |   |   |   |   |   |   |   |   |   |   |   |   att24 > 95.4391: 10 (238.0/118.0)
|   |   |   |   |   |   |   |   |   |   |   att3 > 24.938765
|   |   |   |   |   |   |   |   |   |   |   |   att5 <= 99.578293
|   |   |   |   |   |   |   |   |   |   |   |   |   att24 <= 181.96907: 6 (13.0)
|   |   |   |   |   |   |   |   |   |   |   |   |   att24 > 181.96907: 7 (2.0/1.0)
|   |   |   |   |   |   |   |   |   |   |   |   att5 > 99.578293
|   |   |   |   |   |   |   |   |   |   |   |   |   att30 <= 1.521335: 10 (48.0/22.0)
|   |   |   |   |   |   |   |   |   |   |   |   |   att30 > 1.521335
|   |   |   |   |   |   |   |   |   |   |   |   |   |   att11 <= 102.48982: 4 (3.0)
|   |   |   |   |   |   |   |   |   |   |   |   |   |   att11 > 102.48982: 7 (3.0/1.0)
|   |   |   |   |   |   |   |   |   |   att1 > 0.112912
|   |   |   |   |   |   |   |   |   |   |   att33 <= 170.551352
|   |   |   |   |   |   |   |   |   |   |   |   att19 <= 84.174922
|   |   |   |   |   |   |   |   |   |   |   |   |   att27 <= 102.528217: 10 (5.0)
|   |   |   |   |   |   |   |   |   |   |   |   |   att27 > 102.528217: 6 (2.0/1.0)
|   |   |   |   |   |   |   |   |   |   |   |   att19 > 84.174922: 6 (9.0)
|   |   |   |   |   |   |   |   |   |   |   att33 > 170.551352
|   |   |   |   |   |   |   |   |   |   |   |   att1 <= 0.132923: 4 (2.0)
|   |   |   |   |   |   |   |   |   |   |   |   att1 > 0.132923: 2 (2.0)
|   |   |   |   |   |   |   |   att42 > 210.249887
|   |   |   |   |   |   |   |   |   att40 <= 146.706463
|   |   |   |   |   |   |   |   |   |   att40 <= 124.342122: 3 (3.0/1.0)
|   |   |   |   |   |   |   |   |   |   att40 > 124.342122: 7 (3.0/1.0)
|   |   |   |   |   |   |   |   |   att40 > 146.706463
|   |   |   |   |   |   |   |   |   |   att6 <= 345.306887: 4 (12.0)
|   |   |   |   |   |   |   |   |   |   att6 > 345.306887: 10 (3.0/1.0)
|   |   |   |   |   |   att17 > 158.478094
|   |   |   |   |   |   |   att46 <= 46.384786: 5 (23.0)
|   |   |   |   |   |   |   att46 > 46.384786
|   |   |   |   |   |   |   |   att13 <= 127.13934
|   |   |   |   |   |   |   |   |   att32 <= 73.892693
|   |   |   |   |   |   |   |   |   |   att4 <= 50.064245: 4 (3.0)
|   |   |   |   |   |   |   |   |   |   att4 > 50.064245
|   |   |   |   |   |   |   |   |   |   |   att4 <= 110.602682: 6 (3.0)
|   |   |   |   |   |   |   |   |   |   |   att4 > 110.602682: 5 (5.0/1.0)
|   |   |   |   |   |   |   |   |   att32 > 73.892693
|   |   |   |   |   |   |   |   |   |   att29 <= 101.976374: 10 (3.0/1.0)
|   |   |   |   |   |   |   |   |   |   att29 > 101.976374: 7 (2.0)
|   |   |   |   |   |   |   |   att13 > 127.13934: 4 (29.0)
|   |   |   |   |   att28 > 260.800976
|   |   |   |   |   |   att6 <= 77.054639
|   |   |   |   |   |   |   att5 <= 126.761638: 5 (2.0)
|   |   |   |   |   |   |   att5 > 126.761638: 4 (5.0)
|   |   |   |   |   |   att6 > 77.054639
|   |   |   |   |   |   |   att37 <= 133.671583
|   |   |   |   |   |   |   |   att47 <= 472.543757: 8 (20.0/1.0)
|   |   |   |   |   |   |   |   att47 > 472.543757
|   |   |   |   |   |   |   |   |   att12 <= 95.91168: 6 (3.0/1.0)
|   |   |   |   |   |   |   |   |   att12 > 95.91168: 3 (10.0)
|   |   |   |   |   |   |   att37 > 133.671583
|   |   |   |   |   |   |   |   att2 <= 3.260267: 2 (3.0)
|   |   |   |   |   |   |   |   att2 > 3.260267: 10 (3.0/1.0)
|   |   |   |   att22 > 87.029561
|   |   |   |   |   att40 <= 206.922446
|   |   |   |   |   |   att6 <= 159.648794
|   |   |   |   |   |   |   att5 <= 173.531826
|   |   |   |   |   |   |   |   att46 <= 57.975441: 5 (44.0/1.0)
|   |   |   |   |   |   |   |   att46 > 57.975441: 2 (2.0)
|   |   |   |   |   |   |   att5 > 173.531826: 4 (2.0/1.0)
|   |   |   |   |   |   att6 > 159.648794
|   |   |   |   |   |   |   att46 <= 41.159094: 5 (3.0/1.0)
|   |   |   |   |   |   |   att46 > 41.159094
|   |   |   |   |   |   |   |   att13 <= 167.826532
|   |   |   |   |   |   |   |   |   att42 <= 167.009324: 7 (2.0)
|   |   |   |   |   |   |   |   |   att42 > 167.009324: 10 (4.0)
|   |   |   |   |   |   |   |   att13 > 167.826532: 8 (7.0/1.0)
|   |   |   |   |   att40 > 206.922446: 2 (25.0/1.0)
|   |   |   att21 > 15.771795
|   |   |   |   att11 <= 88.200789: 4 (13.0/1.0)
|   |   |   |   att11 > 88.200789
|   |   |   |   |   att43 <= 379.489451
|   |   |   |   |   |   att46 <= 55.275052
|   |   |   |   |   |   |   att6 <= 110.044492: 5 (6.0)
|   |   |   |   |   |   |   att6 > 110.044492: 8 (4.0)
|   |   |   |   |   |   att46 > 55.275052: 8 (139.0/1.0)
|   |   |   |   |   att43 > 379.489451
|   |   |   |   |   |   att22 <= 110.390881
|   |   |   |   |   |   |   att11 <= 148.220454
|   |   |   |   |   |   |   |   att2 <= 1.221873: 6 (2.0)
|   |   |   |   |   |   |   |   att2 > 1.221873: 4 (2.0)
|   |   |   |   |   |   |   att11 > 148.220454: 7 (4.0/1.0)
|   |   |   |   |   |   att22 > 110.390881: 5 (8.0)
|   att37 > 219.034746
|   |   att46 <= 42.115501
|   |   |   att32 <= 196.255513
|   |   |   |   att43 <= 582.175657
|   |   |   |   |   att16 <= 9.54124: 2 (2.0/1.0)
|   |   |   |   |   att16 > 9.54124: 5 (61.0/1.0)
|   |   |   |   att43 > 582.175657: 2 (3.0/1.0)
|   |   |   att32 > 196.255513
|   |   |   |   att2 <= 2.541122: 2 (19.0)
|   |   |   |   att2 > 2.541122: 5 (4.0/1.0)
|   |   att46 > 42.115501
|   |   |   att6 <= 225.155882
|   |   |   |   att13 <= 158.408347
|   |   |   |   |   att11 <= 59.395355
|   |   |   |   |   |   att5 <= 77.692152: 9 (6.0)
|   |   |   |   |   |   att5 > 77.692152
|   |   |   |   |   |   |   att28 <= 234.036721: 5 (3.0)
|   |   |   |   |   |   |   att28 > 234.036721: 2 (23.0)
|   |   |   |   |   att11 > 59.395355
|   |   |   |   |   |   att23 <= 56.926148: 6 (2.0/1.0)
|   |   |   |   |   |   att23 > 56.926148: 2 (113.0/2.0)
|   |   |   |   att13 > 158.408347
|   |   |   |   |   att44 <= 7.9102
|   |   |   |   |   |   att18 <= 62.451338: 10 (4.0)
|   |   |   |   |   |   att18 > 62.451338: 2 (2.0/1.0)
|   |   |   |   |   att44 > 7.9102: 5 (3.0/1.0)
|   |   |   att6 > 225.155882
|   |   |   |   att9 <= 3.232893
|   |   |   |   |   att23 <= 182.659378: 6 (12.0/1.0)
|   |   |   |   |   att23 > 182.659378: 2 (3.0)
|   |   |   |   att9 > 3.232893
|   |   |   |   |   att4 <= 88.18374: 10 (2.0)
|   |   |   |   |   att4 > 88.18374: 5 (4.0)
att19 > 295.886419
|   att45 <= 74.638141
|   |   att12 <= 152.113053
|   |   |   att43 <= 470.357819: 1 (162.0)
|   |   |   att43 > 470.357819
|   |   |   |   att5 <= 94.873364: 1 (16.0)
|   |   |   |   att5 > 94.873364
|   |   |   |   |   att6 <= 403.434327: 9 (4.0)
|   |   |   |   |   att6 > 403.434327: 1 (2.0)
|   |   att12 > 152.113053: 6 (2.0)
|   att45 > 74.638141
|   |   att45 <= 93.96195: 6 (4.0/1.0)
|   |   att45 > 93.96195
|   |   |   att29 <= 340.009985
|   |   |   |   att32 <= 122.093729: 5 (7.0)
|   |   |   |   att32 > 122.093729: 2 (4.0)
|   |   |   att29 > 340.009985
|   |   |   |   att1 <= 0.051384: 7 (2.0/1.0)
|   |   |   |   att1 > 0.051384: 4 (2.0)

Number of Leaves  : 	147

Size of the tree : 	293


Time taken to build model: 1.6 seconds
Time taken to test model on training data: 0.13 seconds

=== Error on training data ===

Correctly Classified Instances        1784               89.2    %
Incorrectly Classified Instances       216               10.8    %
Kappa statistic                          0.88  
Mean absolute error                      0.0251
Root mean squared error                  0.1121
Relative absolute error                 13.9707 %
Root relative squared error             37.3774 %
Total Number of Instances             2000     


=== Detailed Accuracy By Class ===

               TP Rate   FP Rate   Precision   Recall  F-Measure   ROC Area  Class
                 0.98      0.002      0.985     0.98      0.982      1        1
                 0.98      0.004      0.961     0.98      0.97       0.999    2
                 0.955     0.004      0.965     0.955     0.96       0.999    3
                 0.97      0.006      0.951     0.97      0.96       0.999    4
                 0.97      0.004      0.965     0.97      0.968      0.999    5
                 0.95      0.006      0.945     0.95      0.948      0.999    6
                 0.195     0.004      0.83      0.195     0.316      0.958    7
                 0.985     0.003      0.975     0.985     0.98       0.999    8
                 0.975     0.002      0.985     0.975     0.98       1        9
                 0.96      0.086      0.555     0.96      0.703      0.962    10
Weighted Avg.    0.892     0.012      0.912     0.892     0.877      0.992


=== Confusion Matrix ===

   a   b   c   d   e   f   g   h   i   j   <-- classified as
 196   0   0   0   0   2   0   0   2   0 |   a = 1
   0 196   0   0   3   0   0   0   0   1 |   b = 2
   1   0 191   4   0   1   0   3   0   0 |   c = 3
   0   2   1 194   0   2   0   0   0   1 |   d = 4
   1   1   1   2 194   1   0   0   0   0 |   e = 5
   0   1   2   2   2 190   2   0   0   1 |   f = 6
   0   3   1   0   2   1  39   2   1 151 |   g = 7
   0   0   0   2   0   1   0 197   0   0 |   h = 8
   1   1   1   0   0   2   0   0 195   0 |   i = 9
   0   0   1   0   0   1   6   0   0 192 |   j = 10



=== Stratified cross-validation ===

Correctly Classified Instances        1437               71.85   %
Incorrectly Classified Instances       563               28.15   %
Kappa statistic                          0.6872
Mean absolute error                      0.057 
Root mean squared error                  0.2115
Relative absolute error                 31.6788 %
Root relative squared error             70.5092 %
Total Number of Instances             2000     


=== Detailed Accuracy By Class ===

               TP Rate   FP Rate   Precision   Recall  F-Measure   ROC Area  Class
                 0.925     0.007      0.934     0.925     0.93       0.962    1
                 0.87      0.015      0.866     0.87      0.868      0.933    2
                 0.815     0.026      0.776     0.815     0.795      0.911    3
                 0.67      0.036      0.673     0.67      0.672      0.822    4
                 0.84      0.024      0.792     0.84      0.816      0.914    5
                 0.665     0.034      0.682     0.665     0.673      0.834    6
                 0.215     0.053      0.312     0.215     0.254      0.823    7
                 0.9       0.015      0.87      0.9       0.885      0.943    8
                 0.77      0.017      0.837     0.77      0.802      0.892    9
                 0.515     0.085      0.402     0.515     0.452      0.808    10
Weighted Avg.    0.719     0.031      0.714     0.719     0.715      0.884


=== Confusion Matrix ===

   a   b   c   d   e   f   g   h   i   j   <-- classified as
 185   0   0   1   1   4   2   0   6   1 |   a = 1
   0 174   1   1  12   4   0   3   3   2 |   b = 2
   0   1 163  17   0   9   0   6   3   1 |   c = 3
   1   4  20 134   7  13   7   7   2   5 |   d = 4
   1  11   0   8 168   3   3   3   0   3 |   e = 5
   4   3  12  13   5 133   7   2  11  10 |   f = 6
   0   1   2   4   7   7  43   2   4 130 |   g = 7
   0   2   3   7   2   3   2 180   0   1 |   h = 8
   6   2   8   7   3  12   6   2 154   0 |   i = 9
   1   3   1   7   7   7  68   2   1 103 |   j = 10

