car

J48 pruned tree
------------------

safety = low: unacc (576.0)
safety = med
|   persons = 2: unacc (192.0)
|   persons = 4
|   |   buying = vhigh
|   |   |   maint = vhigh: unacc (12.0)
|   |   |   maint = high: unacc (12.0)
|   |   |   maint = med
|   |   |   |   lug_boot = small: unacc (4.0)
|   |   |   |   lug_boot = med: unacc (4.0/2.0)
|   |   |   |   lug_boot = big: acc (4.0)
|   |   |   maint = low
|   |   |   |   lug_boot = small: unacc (4.0)
|   |   |   |   lug_boot = med: unacc (4.0/2.0)
|   |   |   |   lug_boot = big: acc (4.0)
|   |   buying = high
|   |   |   lug_boot = small: unacc (16.0)
|   |   |   lug_boot = med
|   |   |   |   doors = 2: unacc (4.0)
|   |   |   |   doors = 3: unacc (4.0)
|   |   |   |   doors = 4: acc (4.0/1.0)
|   |   |   |   doors = 5more: acc (4.0/1.0)
|   |   |   lug_boot = big
|   |   |   |   maint = vhigh: unacc (4.0)
|   |   |   |   maint = high: acc (4.0)
|   |   |   |   maint = med: acc (4.0)
|   |   |   |   maint = low: acc (4.0)
|   |   buying = med
|   |   |   maint = vhigh
|   |   |   |   lug_boot = small: unacc (4.0)
|   |   |   |   lug_boot = med: unacc (4.0/2.0)
|   |   |   |   lug_boot = big: acc (4.0)
|   |   |   maint = high
|   |   |   |   lug_boot = small: unacc (4.0)
|   |   |   |   lug_boot = med: unacc (4.0/2.0)
|   |   |   |   lug_boot = big: acc (4.0)
|   |   |   maint = med: acc (12.0)
|   |   |   maint = low
|   |   |   |   lug_boot = small: acc (4.0)
|   |   |   |   lug_boot = med: acc (4.0/2.0)
|   |   |   |   lug_boot = big: good (4.0)
|   |   buying = low
|   |   |   maint = vhigh
|   |   |   |   lug_boot = small: unacc (4.0)
|   |   |   |   lug_boot = med: unacc (4.0/2.0)
|   |   |   |   lug_boot = big: acc (4.0)
|   |   |   maint = high: acc (12.0)
|   |   |   maint = med
|   |   |   |   lug_boot = small: acc (4.0)
|   |   |   |   lug_boot = med: acc (4.0/2.0)
|   |   |   |   lug_boot = big: good (4.0)
|   |   |   maint = low
|   |   |   |   lug_boot = small: acc (4.0)
|   |   |   |   lug_boot = med: acc (4.0/2.0)
|   |   |   |   lug_boot = big: good (4.0)
|   persons = more
|   |   lug_boot = small
|   |   |   buying = vhigh: unacc (16.0)
|   |   |   buying = high: unacc (16.0)
|   |   |   buying = med
|   |   |   |   maint = vhigh: unacc (4.0)
|   |   |   |   maint = high: unacc (4.0)
|   |   |   |   maint = med: acc (4.0/1.0)
|   |   |   |   maint = low: acc (4.0/1.0)
|   |   |   buying = low
|   |   |   |   maint = vhigh: unacc (4.0)
|   |   |   |   maint = high: acc (4.0/1.0)
|   |   |   |   maint = med: acc (4.0/1.0)
|   |   |   |   maint = low: acc (4.0/1.0)
|   |   lug_boot = med
|   |   |   buying = vhigh
|   |   |   |   maint = vhigh: unacc (4.0)
|   |   |   |   maint = high: unacc (4.0)
|   |   |   |   maint = med: acc (4.0/1.0)
|   |   |   |   maint = low: acc (4.0/1.0)
|   |   |   buying = high
|   |   |   |   maint = vhigh: unacc (4.0)
|   |   |   |   maint = high: acc (4.0/1.0)
|   |   |   |   maint = med: acc (4.0/1.0)
|   |   |   |   maint = low: acc (4.0/1.0)
|   |   |   buying = med: acc (16.0/5.0)
|   |   |   buying = low
|   |   |   |   maint = vhigh: acc (4.0/1.0)
|   |   |   |   maint = high: acc (4.0)
|   |   |   |   maint = med: good (4.0/1.0)
|   |   |   |   maint = low: good (4.0/1.0)
|   |   lug_boot = big
|   |   |   buying = vhigh
|   |   |   |   maint = vhigh: unacc (4.0)
|   |   |   |   maint = high: unacc (4.0)
|   |   |   |   maint = med: acc (4.0)
|   |   |   |   maint = low: acc (4.0)
|   |   |   buying = high
|   |   |   |   maint = vhigh: unacc (4.0)
|   |   |   |   maint = high: acc (4.0)
|   |   |   |   maint = med: acc (4.0)
|   |   |   |   maint = low: acc (4.0)
|   |   |   buying = med
|   |   |   |   maint = vhigh: acc (4.0)
|   |   |   |   maint = high: acc (4.0)
|   |   |   |   maint = med: acc (4.0)
|   |   |   |   maint = low: good (4.0)
|   |   |   buying = low
|   |   |   |   maint = vhigh: acc (4.0)
|   |   |   |   maint = high: acc (4.0)
|   |   |   |   maint = med: good (4.0)
|   |   |   |   maint = low: good (4.0)
safety = high
|   persons = 2: unacc (192.0)
|   persons = 4
|   |   buying = vhigh
|   |   |   maint = vhigh: unacc (12.0)
|   |   |   maint = high: unacc (12.0)
|   |   |   maint = med: acc (12.0)
|   |   |   maint = low: acc (12.0)
|   |   buying = high
|   |   |   maint = vhigh: unacc (12.0)
|   |   |   maint = high: acc (12.0)
|   |   |   maint = med: acc (12.0)
|   |   |   maint = low: acc (12.0)
|   |   buying = med
|   |   |   maint = vhigh: acc (12.0)
|   |   |   maint = high: acc (12.0)
|   |   |   maint = med
|   |   |   |   lug_boot = small: acc (4.0)
|   |   |   |   lug_boot = med: acc (4.0/2.0)
|   |   |   |   lug_boot = big: vgood (4.0)
|   |   |   maint = low
|   |   |   |   lug_boot = small: good (4.0)
|   |   |   |   lug_boot = med: good (4.0/2.0)
|   |   |   |   lug_boot = big: vgood (4.0)
|   |   buying = low
|   |   |   maint = vhigh: acc (12.0)
|   |   |   maint = high
|   |   |   |   lug_boot = small: acc (4.0)
|   |   |   |   lug_boot = med: acc (4.0/2.0)
|   |   |   |   lug_boot = big: vgood (4.0)
|   |   |   maint = med
|   |   |   |   lug_boot = small: good (4.0)
|   |   |   |   lug_boot = med: good (4.0/2.0)
|   |   |   |   lug_boot = big: vgood (4.0)
|   |   |   maint = low
|   |   |   |   lug_boot = small: good (4.0)
|   |   |   |   lug_boot = med: good (4.0/2.0)
|   |   |   |   lug_boot = big: vgood (4.0)
|   persons = more
|   |   buying = vhigh
|   |   |   maint = vhigh: unacc (12.0)
|   |   |   maint = high: unacc (12.0)
|   |   |   maint = med: acc (12.0/1.0)
|   |   |   maint = low: acc (12.0/1.0)
|   |   buying = high
|   |   |   maint = vhigh: unacc (12.0)
|   |   |   maint = high: acc (12.0/1.0)
|   |   |   maint = med: acc (12.0/1.0)
|   |   |   maint = low: acc (12.0/1.0)
|   |   buying = med
|   |   |   maint = vhigh: acc (12.0/1.0)
|   |   |   maint = high: acc (12.0/1.0)
|   |   |   maint = med
|   |   |   |   lug_boot = small: acc (4.0/1.0)
|   |   |   |   lug_boot = med: vgood (4.0/1.0)
|   |   |   |   lug_boot = big: vgood (4.0)
|   |   |   maint = low
|   |   |   |   lug_boot = small: good (4.0/1.0)
|   |   |   |   lug_boot = med: vgood (4.0/1.0)
|   |   |   |   lug_boot = big: vgood (4.0)
|   |   buying = low
|   |   |   maint = vhigh: acc (12.0/1.0)
|   |   |   maint = high
|   |   |   |   lug_boot = small: acc (4.0/1.0)
|   |   |   |   lug_boot = med: vgood (4.0/1.0)
|   |   |   |   lug_boot = big: vgood (4.0)
|   |   |   maint = med
|   |   |   |   lug_boot = small: good (4.0/1.0)
|   |   |   |   lug_boot = med: vgood (4.0/1.0)
|   |   |   |   lug_boot = big: vgood (4.0)
|   |   |   maint = low
|   |   |   |   lug_boot = small: good (4.0/1.0)
|   |   |   |   lug_boot = med: vgood (4.0/1.0)
|   |   |   |   lug_boot = big: vgood (4.0)

Number of Leaves  : 	131

Size of the tree : 	182


Time taken to build model: 0.15 seconds
Time taken to test model on training data: 0.06 seconds

=== Error on training data ===

Correctly Classified Instances        1664               96.2963 %
Incorrectly Classified Instances        64                3.7037 %
Kappa statistic                          0.9198
Mean absolute error                      0.0248
Root mean squared error                  0.1114
Relative absolute error                 10.8411 %
Root relative squared error             32.9501 %
Total Number of Instances             1728     


=== Detailed Accuracy By Class ===

               TP Rate   FP Rate   Precision   Recall  F-Measure   ROC Area  Class
                 0.977     0.019      0.992     0.977     0.984      0.997    unacc
                 0.964     0.028      0.907     0.964     0.934      0.996    acc
                 0.826     0.007      0.838     0.826     0.832      0.997    good
                 0.846     0.003      0.917     0.846     0.88       0.999    vgood
Weighted Avg.    0.963     0.02       0.964     0.963     0.963      0.997


=== Confusion Matrix ===

    a    b    c    d   <-- classified as
 1182   25    3    0 |    a = unacc
   10  370    2    2 |    b = acc
    0    9   57    3 |    c = good
    0    4    6   55 |    d = vgood



=== Stratified cross-validation ===

Correctly Classified Instances        1596               92.3611 %
Incorrectly Classified Instances       132                7.6389 %
Kappa statistic                          0.8343
Mean absolute error                      0.0421
Root mean squared error                  0.1718
Relative absolute error                 18.3833 %
Root relative squared error             50.8176 %
Total Number of Instances             1728     


=== Detailed Accuracy By Class ===

               TP Rate   FP Rate   Precision   Recall  F-Measure   ROC Area  Class
                 0.962     0.064      0.972     0.962     0.967      0.983    unacc
                 0.867     0.047      0.841     0.867     0.854      0.962    acc
                 0.609     0.011      0.689     0.609     0.646      0.918    good
                 0.877     0.01       0.77      0.877     0.82       0.995    vgood
Weighted Avg.    0.924     0.056      0.924     0.924     0.924      0.976


=== Confusion Matrix ===

    a    b    c    d   <-- classified as
 1164   43    3    0 |    a = unacc
   33  333   11    7 |    b = acc
    0   17   42   10 |    c = good
    0    3    5   57 |    d = vgood

