monks-problems-1_test

J48 pruned tree
------------------
: 1 (432.0/216.0)

Number of Leaves  : 	1

Size of the tree : 	1


Time taken to build model: 0.03 seconds
Time taken to test model on training data: 0.07 seconds

=== Error on training data ===

Correctly Classified Instances         216               50      %
Incorrectly Classified Instances       216               50      %
Kappa statistic                          0     
Mean absolute error                      0.5   
Root mean squared error                  0.5   
Relative absolute error                100      %
Root relative squared error            100      %
Total Number of Instances              432     


=== Detailed Accuracy By Class ===

               TP Rate   FP Rate   Precision   Recall  F-Measure   ROC Area  Class
                 1         1          0.5       1         0.667      0.5      1
                 0         0          0         0         0          0.5      2
Weighted Avg.    0.5       0.5        0.25      0.5       0.333      0.5  


=== Confusion Matrix ===

   a   b   <-- classified as
 216   0 |   a = 1
 216   0 |   b = 2



=== Stratified cross-validation ===

Correctly Classified Instances         193               44.6759 %
Incorrectly Classified Instances       239               55.3241 %
Kappa statistic                         -0.1065
Mean absolute error                      0.5014
Root mean squared error                  0.5014
Relative absolute error                100.2657 %
Root relative squared error            100.2795 %
Total Number of Instances              432     


=== Detailed Accuracy By Class ===

               TP Rate   FP Rate   Precision   Recall  F-Measure   ROC Area  Class
                 0.472     0.579      0.449     0.472     0.46       0.418    1
                 0.421     0.528      0.444     0.421     0.432      0.418    2
Weighted Avg.    0.447     0.553      0.447     0.447     0.446      0.418


=== Confusion Matrix ===

   a   b   <-- classified as
 102 114 |   a = 1
 125  91 |   b = 2

