optdigits

J48 pruned tree
------------------

input37 <= 1
|   input43 <= 5
|   |   input22 <= 8
|   |   |   input19 <= 1: 3 (3.0)
|   |   |   input19 > 1
|   |   |   |   input5 <= 6
|   |   |   |   |   input3 <= 12: 9 (2.0)
|   |   |   |   |   input3 > 12: 2 (2.0)
|   |   |   |   input5 > 6
|   |   |   |   |   input23 <= 6: 5 (88.0/1.0)
|   |   |   |   |   input23 > 6: 0 (2.0/1.0)
|   |   input22 > 8
|   |   |   input64 <= 3
|   |   |   |   input34 <= 0: 9 (168.0/4.0)
|   |   |   |   input34 > 0
|   |   |   |   |   input3 <= 0: 9 (3.0)
|   |   |   |   |   input3 > 0: 5 (2.0)
|   |   |   input64 > 3: 2 (3.0/1.0)
|   input43 > 5
|   |   input31 <= 0
|   |   |   input63 <= 0
|   |   |   |   input21 <= 0: 5 (13.0)
|   |   |   |   input21 > 0
|   |   |   |   |   input38 <= 13
|   |   |   |   |   |   input3 <= 3
|   |   |   |   |   |   |   input20 <= 14: 6 (2.0/1.0)
|   |   |   |   |   |   |   input20 > 14: 1 (5.0)
|   |   |   |   |   |   input3 > 3: 8 (17.0)
|   |   |   |   |   input38 > 13: 0 (3.0/1.0)
|   |   |   input63 > 0
|   |   |   |   input10 <= 0: 6 (20.0/1.0)
|   |   |   |   input10 > 0: 2 (31.0)
|   |   input31 > 0
|   |   |   input11 <= 1
|   |   |   |   input46 <= 12: 0 (4.0/1.0)
|   |   |   |   input46 > 12: 4 (22.0)
|   |   |   input11 > 1
|   |   |   |   input35 <= 3
|   |   |   |   |   input23 <= 2: 5 (4.0/1.0)
|   |   |   |   |   input23 > 2: 2 (2.0/1.0)
|   |   |   |   input35 > 3
|   |   |   |   |   input29 <= 9
|   |   |   |   |   |   input63 <= 3: 0 (529.0)
|   |   |   |   |   |   input63 > 3
|   |   |   |   |   |   |   input36 <= 2: 0 (4.0)
|   |   |   |   |   |   |   input36 > 2: 4 (2.0)
|   |   |   |   |   input29 > 9
|   |   |   |   |   |   input63 <= 0
|   |   |   |   |   |   |   input6 <= 0
|   |   |   |   |   |   |   |   input10 <= 0: 6 (3.0)
|   |   |   |   |   |   |   |   input10 > 0: 0 (2.0)
|   |   |   |   |   |   |   input6 > 0: 8 (4.0/1.0)
|   |   |   |   |   |   input63 > 0: 9 (2.0)
input37 > 1
|   input22 <= 0
|   |   input43 <= 8
|   |   |   input6 <= 1
|   |   |   |   input39 <= 0
|   |   |   |   |   input28 <= 13
|   |   |   |   |   |   input11 <= 9
|   |   |   |   |   |   |   input43 <= 3: 1 (8.0)
|   |   |   |   |   |   |   input43 > 3: 4 (2.0/1.0)
|   |   |   |   |   |   input11 > 9
|   |   |   |   |   |   |   input46 <= 12: 2 (118.0)
|   |   |   |   |   |   |   input46 > 12: 3 (5.0/1.0)
|   |   |   |   |   input28 > 13
|   |   |   |   |   |   input10 <= 3: 1 (74.0/1.0)
|   |   |   |   |   |   input10 > 3
|   |   |   |   |   |   |   input4 <= 14: 2 (2.0/1.0)
|   |   |   |   |   |   |   input4 > 14: 3 (2.0)
|   |   |   |   input39 > 0
|   |   |   |   |   input44 <= 5
|   |   |   |   |   |   input4 <= 10: 5 (2.0/1.0)
|   |   |   |   |   |   input4 > 10: 3 (34.0)
|   |   |   |   |   input44 > 5
|   |   |   |   |   |   input26 <= 0
|   |   |   |   |   |   |   input61 <= 7: 7 (5.0)
|   |   |   |   |   |   |   input61 > 7: 6 (4.0)
|   |   |   |   |   |   input26 > 0: 4 (18.0)
|   |   |   input6 > 1
|   |   |   |   input31 <= 4
|   |   |   |   |   input19 <= 6
|   |   |   |   |   |   input55 <= 0: 5 (5.0/1.0)
|   |   |   |   |   |   input55 > 0: 3 (11.0)
|   |   |   |   |   input19 > 6
|   |   |   |   |   |   input21 <= 7: 5 (390.0)
|   |   |   |   |   |   input21 > 7
|   |   |   |   |   |   |   input30 <= 1: 1 (7.0/1.0)
|   |   |   |   |   |   |   input30 > 1: 5 (5.0/1.0)
|   |   |   |   input31 > 4: 4 (5.0/1.0)
|   |   input43 > 8
|   |   |   input35 <= 8
|   |   |   |   input3 <= 6
|   |   |   |   |   input14 <= 2: 6 (9.0)
|   |   |   |   |   input14 > 2: 1 (2.0/1.0)
|   |   |   |   input3 > 6
|   |   |   |   |   input7 <= 1
|   |   |   |   |   |   input38 <= 0: 2 (31.0)
|   |   |   |   |   |   input38 > 0: 8 (5.0)
|   |   |   |   |   input7 > 1: 5 (2.0)
|   |   |   input35 > 8
|   |   |   |   input55 <= 2
|   |   |   |   |   input38 <= 5
|   |   |   |   |   |   input42 <= 8
|   |   |   |   |   |   |   input29 <= 4: 6 (15.0/1.0)
|   |   |   |   |   |   |   input29 > 4
|   |   |   |   |   |   |   |   input12 <= 14: 6 (2.0/1.0)
|   |   |   |   |   |   |   |   input12 > 14: 1 (21.0)
|   |   |   |   |   |   input42 > 8: 4 (3.0)
|   |   |   |   |   input38 > 5
|   |   |   |   |   |   input2 <= 0
|   |   |   |   |   |   |   input45 <= 7
|   |   |   |   |   |   |   |   input6 <= 7: 6 (5.0/1.0)
|   |   |   |   |   |   |   |   input6 > 7: 5 (3.0)
|   |   |   |   |   |   |   input45 > 7
|   |   |   |   |   |   |   |   input11 <= 7: 4 (76.0)
|   |   |   |   |   |   |   |   input11 > 7: 6 (3.0/1.0)
|   |   |   |   |   |   input2 > 0: 7 (3.0/1.0)
|   |   |   |   input55 > 2
|   |   |   |   |   input50 <= 4: 6 (490.0/1.0)
|   |   |   |   |   input50 > 4
|   |   |   |   |   |   input53 <= 13
|   |   |   |   |   |   |   input34 <= 5: 8 (3.0)
|   |   |   |   |   |   |   input34 > 5: 6 (5.0)
|   |   |   |   |   |   input53 > 13: 4 (10.0)
|   input22 > 0
|   |   input61 <= 5
|   |   |   input63 <= 0
|   |   |   |   input13 <= 3
|   |   |   |   |   input6 <= 9: 4 (60.0/1.0)
|   |   |   |   |   input6 > 9
|   |   |   |   |   |   input11 <= 10: 7 (6.0)
|   |   |   |   |   |   input11 > 10
|   |   |   |   |   |   |   input43 <= 1: 9 (6.0)
|   |   |   |   |   |   |   input43 > 1: 8 (2.0)
|   |   |   |   input13 > 3
|   |   |   |   |   input44 <= 1
|   |   |   |   |   |   input34 <= 2
|   |   |   |   |   |   |   input8 <= 4
|   |   |   |   |   |   |   |   input14 <= 2: 4 (2.0)
|   |   |   |   |   |   |   |   input14 > 2
|   |   |   |   |   |   |   |   |   input19 <= 5
|   |   |   |   |   |   |   |   |   |   input46 <= 12: 8 (2.0/1.0)
|   |   |   |   |   |   |   |   |   |   input46 > 12: 3 (12.0)
|   |   |   |   |   |   |   |   |   input19 > 5
|   |   |   |   |   |   |   |   |   |   input22 <= 7: 5 (3.0)
|   |   |   |   |   |   |   |   |   |   input22 > 7: 9 (14.0/1.0)
|   |   |   |   |   |   |   input8 > 4: 7 (2.0)
|   |   |   |   |   |   input34 > 2: 1 (4.0/1.0)
|   |   |   |   |   input44 > 1
|   |   |   |   |   |   input38 <= 0
|   |   |   |   |   |   |   input53 <= 4
|   |   |   |   |   |   |   |   input60 <= 14
|   |   |   |   |   |   |   |   |   input6 <= 7
|   |   |   |   |   |   |   |   |   |   input26 <= 0
|   |   |   |   |   |   |   |   |   |   |   input6 <= 3: 7 (2.0)
|   |   |   |   |   |   |   |   |   |   |   input6 > 3: 9 (2.0)
|   |   |   |   |   |   |   |   |   |   input26 > 0: 8 (2.0)
|   |   |   |   |   |   |   |   |   input6 > 7: 7 (18.0)
|   |   |   |   |   |   |   |   input60 > 14: 1 (3.0/2.0)
|   |   |   |   |   |   |   input53 > 4
|   |   |   |   |   |   |   |   input19 <= 2: 3 (4.0)
|   |   |   |   |   |   |   |   input19 > 2
|   |   |   |   |   |   |   |   |   input11 <= 7: 1 (3.0)
|   |   |   |   |   |   |   |   |   input11 > 7
|   |   |   |   |   |   |   |   |   |   input51 <= 8
|   |   |   |   |   |   |   |   |   |   |   input6 <= 9: 5 (3.0)
|   |   |   |   |   |   |   |   |   |   |   input6 > 9: 9 (3.0)
|   |   |   |   |   |   |   |   |   |   input51 > 8: 8 (17.0)
|   |   |   |   |   |   input38 > 0
|   |   |   |   |   |   |   input53 <= 14
|   |   |   |   |   |   |   |   input27 <= 12
|   |   |   |   |   |   |   |   |   input20 <= 13
|   |   |   |   |   |   |   |   |   |   input18 <= 4: 7 (425.0)
|   |   |   |   |   |   |   |   |   |   input18 > 4
|   |   |   |   |   |   |   |   |   |   |   input44 <= 5: 9 (2.0)
|   |   |   |   |   |   |   |   |   |   |   input44 > 5: 7 (20.0/1.0)
|   |   |   |   |   |   |   |   |   input20 > 13: 9 (6.0/1.0)
|   |   |   |   |   |   |   |   input27 > 12
|   |   |   |   |   |   |   |   |   input35 <= 14
|   |   |   |   |   |   |   |   |   |   input50 <= 5
|   |   |   |   |   |   |   |   |   |   |   input18 <= 2: 7 (21.0/1.0)
|   |   |   |   |   |   |   |   |   |   |   input18 > 2: 9 (15.0/1.0)
|   |   |   |   |   |   |   |   |   |   input50 > 5: 4 (2.0/1.0)
|   |   |   |   |   |   |   |   |   input35 > 14: 4 (9.0)
|   |   |   |   |   |   |   input53 > 14
|   |   |   |   |   |   |   |   input18 <= 0
|   |   |   |   |   |   |   |   |   input5 <= 14: 1 (5.0/1.0)
|   |   |   |   |   |   |   |   |   input5 > 14: 7 (4.0)
|   |   |   |   |   |   |   |   input18 > 0
|   |   |   |   |   |   |   |   |   input43 <= 2
|   |   |   |   |   |   |   |   |   |   input4 <= 8: 5 (2.0)
|   |   |   |   |   |   |   |   |   |   input4 > 8: 9 (4.0)
|   |   |   |   |   |   |   |   |   input43 > 2: 2 (2.0/1.0)
|   |   |   input63 > 0
|   |   |   |   input3 <= 1: 1 (14.0)
|   |   |   |   input3 > 1
|   |   |   |   |   input31 <= 1: 2 (9.0)
|   |   |   |   |   input31 > 1: 8 (2.0/1.0)
|   |   input61 > 5
|   |   |   input34 <= 2
|   |   |   |   input44 <= 3
|   |   |   |   |   input43 <= 7
|   |   |   |   |   |   input27 <= 7
|   |   |   |   |   |   |   input64 <= 0
|   |   |   |   |   |   |   |   input4 <= 3: 1 (9.0)
|   |   |   |   |   |   |   |   input4 > 3
|   |   |   |   |   |   |   |   |   input31 <= 2
|   |   |   |   |   |   |   |   |   |   input46 <= 3
|   |   |   |   |   |   |   |   |   |   |   input52 <= 12: 3 (5.0)
|   |   |   |   |   |   |   |   |   |   |   input52 > 12: 2 (4.0)
|   |   |   |   |   |   |   |   |   |   input46 > 3
|   |   |   |   |   |   |   |   |   |   |   input20 <= 10
|   |   |   |   |   |   |   |   |   |   |   |   input19 <= 8: 3 (343.0)
|   |   |   |   |   |   |   |   |   |   |   |   input19 > 8
|   |   |   |   |   |   |   |   |   |   |   |   |   input30 <= 11: 3 (48.0/1.0)
|   |   |   |   |   |   |   |   |   |   |   |   |   input30 > 11
|   |   |   |   |   |   |   |   |   |   |   |   |   |   input27 <= 1: 3 (8.0)
|   |   |   |   |   |   |   |   |   |   |   |   |   |   input27 > 1: 9 (8.0/1.0)
|   |   |   |   |   |   |   |   |   |   |   input20 > 10
|   |   |   |   |   |   |   |   |   |   |   |   input8 <= 1
|   |   |   |   |   |   |   |   |   |   |   |   |   input36 <= 0
|   |   |   |   |   |   |   |   |   |   |   |   |   |   input43 <= 0: 9 (13.0/1.0)
|   |   |   |   |   |   |   |   |   |   |   |   |   |   input43 > 0: 3 (2.0)
|   |   |   |   |   |   |   |   |   |   |   |   |   input36 > 0
|   |   |   |   |   |   |   |   |   |   |   |   |   |   input3 <= 3: 1 (2.0)
|   |   |   |   |   |   |   |   |   |   |   |   |   |   input3 > 3: 3 (11.0/1.0)
|   |   |   |   |   |   |   |   |   |   |   |   input8 > 1: 5 (2.0)
|   |   |   |   |   |   |   |   |   input31 > 2
|   |   |   |   |   |   |   |   |   |   input20 <= 1
|   |   |   |   |   |   |   |   |   |   |   input7 <= 1: 3 (6.0/1.0)
|   |   |   |   |   |   |   |   |   |   |   input7 > 1: 7 (5.0)
|   |   |   |   |   |   |   |   |   |   input20 > 1
|   |   |   |   |   |   |   |   |   |   |   input18 <= 6: 9 (36.0/2.0)
|   |   |   |   |   |   |   |   |   |   |   input18 > 6: 1 (2.0/1.0)
|   |   |   |   |   |   |   input64 > 0
|   |   |   |   |   |   |   |   input47 <= 7
|   |   |   |   |   |   |   |   |   input22 <= 3: 1 (4.0)
|   |   |   |   |   |   |   |   |   input22 > 3: 2 (23.0)
|   |   |   |   |   |   |   |   input47 > 7
|   |   |   |   |   |   |   |   |   input30 <= 12: 3 (4.0)
|   |   |   |   |   |   |   |   |   input30 > 12: 9 (4.0)
|   |   |   |   |   |   input27 > 7
|   |   |   |   |   |   |   input19 <= 4
|   |   |   |   |   |   |   |   input4 <= 6: 1 (12.0)
|   |   |   |   |   |   |   |   input4 > 6
|   |   |   |   |   |   |   |   |   input28 <= 11: 9 (2.0)
|   |   |   |   |   |   |   |   |   input28 > 11: 3 (18.0)
|   |   |   |   |   |   |   input19 > 4
|   |   |   |   |   |   |   |   input22 <= 6
|   |   |   |   |   |   |   |   |   input46 <= 5
|   |   |   |   |   |   |   |   |   |   input3 <= 3: 7 (2.0)
|   |   |   |   |   |   |   |   |   |   input3 > 3: 2 (2.0/1.0)
|   |   |   |   |   |   |   |   |   input46 > 5
|   |   |   |   |   |   |   |   |   |   input31 <= 3
|   |   |   |   |   |   |   |   |   |   |   input21 <= 15
|   |   |   |   |   |   |   |   |   |   |   |   input19 <= 10: 3 (3.0/1.0)
|   |   |   |   |   |   |   |   |   |   |   |   input19 > 10: 5 (20.0)
|   |   |   |   |   |   |   |   |   |   |   input21 > 15
|   |   |   |   |   |   |   |   |   |   |   |   input5 <= 8: 9 (2.0)
|   |   |   |   |   |   |   |   |   |   |   |   input5 > 8: 1 (4.0)
|   |   |   |   |   |   |   |   |   |   input31 > 3
|   |   |   |   |   |   |   |   |   |   |   input7 <= 1: 4 (4.0)
|   |   |   |   |   |   |   |   |   |   |   input7 > 1: 9 (2.0)
|   |   |   |   |   |   |   |   input22 > 6
|   |   |   |   |   |   |   |   |   input11 <= 7
|   |   |   |   |   |   |   |   |   |   input21 <= 14
|   |   |   |   |   |   |   |   |   |   |   input63 <= 2
|   |   |   |   |   |   |   |   |   |   |   |   input6 <= 4: 4 (4.0)
|   |   |   |   |   |   |   |   |   |   |   |   input6 > 4
|   |   |   |   |   |   |   |   |   |   |   |   |   input26 <= 5: 9 (25.0/1.0)
|   |   |   |   |   |   |   |   |   |   |   |   |   input26 > 5
|   |   |   |   |   |   |   |   |   |   |   |   |   |   input12 <= 13: 4 (3.0)
|   |   |   |   |   |   |   |   |   |   |   |   |   |   input12 > 13
|   |   |   |   |   |   |   |   |   |   |   |   |   |   |   input29 <= 15: 9 (6.0)
|   |   |   |   |   |   |   |   |   |   |   |   |   |   |   input29 > 15: 4 (2.0)
|   |   |   |   |   |   |   |   |   |   |   input63 > 2: 1 (2.0)
|   |   |   |   |   |   |   |   |   |   input21 > 14: 1 (26.0)
|   |   |   |   |   |   |   |   |   input11 > 7
|   |   |   |   |   |   |   |   |   |   input63 <= 11: 9 (219.0/5.0)
|   |   |   |   |   |   |   |   |   |   input63 > 11: 2 (4.0/1.0)
|   |   |   |   |   input43 > 7
|   |   |   |   |   |   input36 <= 6
|   |   |   |   |   |   |   input26 <= 0: 3 (9.0/1.0)
|   |   |   |   |   |   |   input26 > 0: 0 (2.0/1.0)
|   |   |   |   |   |   input36 > 6
|   |   |   |   |   |   |   input31 <= 7: 8 (84.0/1.0)
|   |   |   |   |   |   |   input31 > 7: 7 (2.0)
|   |   |   |   input44 > 3
|   |   |   |   |   input20 <= 13
|   |   |   |   |   |   input28 <= 10
|   |   |   |   |   |   |   input39 <= 0
|   |   |   |   |   |   |   |   input27 <= 9
|   |   |   |   |   |   |   |   |   input46 <= 10
|   |   |   |   |   |   |   |   |   |   input52 <= 9
|   |   |   |   |   |   |   |   |   |   |   input45 <= 5: 2 (19.0)
|   |   |   |   |   |   |   |   |   |   |   input45 > 5
|   |   |   |   |   |   |   |   |   |   |   |   input6 <= 8: 8 (3.0/1.0)
|   |   |   |   |   |   |   |   |   |   |   |   input6 > 8: 3 (6.0/2.0)
|   |   |   |   |   |   |   |   |   |   input52 > 9: 2 (271.0/3.0)
|   |   |   |   |   |   |   |   |   input46 > 10
|   |   |   |   |   |   |   |   |   |   input46 <= 13
|   |   |   |   |   |   |   |   |   |   |   input13 <= 14: 8 (5.0)
|   |   |   |   |   |   |   |   |   |   |   input13 > 14
|   |   |   |   |   |   |   |   |   |   |   |   input3 <= 5: 6 (2.0/1.0)
|   |   |   |   |   |   |   |   |   |   |   |   input3 > 5: 2 (2.0)
|   |   |   |   |   |   |   |   |   |   input46 > 13: 3 (7.0/1.0)
|   |   |   |   |   |   |   |   input27 > 9
|   |   |   |   |   |   |   |   |   input36 <= 12
|   |   |   |   |   |   |   |   |   |   input11 <= 10: 0 (2.0/1.0)
|   |   |   |   |   |   |   |   |   |   input11 > 10: 2 (15.0)
|   |   |   |   |   |   |   |   |   input36 > 12: 8 (54.0/2.0)
|   |   |   |   |   |   |   input39 > 0
|   |   |   |   |   |   |   |   input47 <= 4
|   |   |   |   |   |   |   |   |   input55 <= 2
|   |   |   |   |   |   |   |   |   |   input6 <= 6
|   |   |   |   |   |   |   |   |   |   |   input6 <= 1: 4 (5.0)
|   |   |   |   |   |   |   |   |   |   |   input6 > 1: 0 (2.0/1.0)
|   |   |   |   |   |   |   |   |   |   input6 > 6: 7 (35.0/1.0)
|   |   |   |   |   |   |   |   |   input55 > 2: 2 (2.0/1.0)
|   |   |   |   |   |   |   |   input47 > 4
|   |   |   |   |   |   |   |   |   input26 <= 1: 3 (5.0)
|   |   |   |   |   |   |   |   |   input26 > 1: 8 (6.0/1.0)
|   |   |   |   |   |   input28 > 10
|   |   |   |   |   |   |   input19 <= 6
|   |   |   |   |   |   |   |   input11 <= 5
|   |   |   |   |   |   |   |   |   input29 <= 12: 4 (5.0)
|   |   |   |   |   |   |   |   |   input29 > 12: 1 (25.0/1.0)
|   |   |   |   |   |   |   |   input11 > 5
|   |   |   |   |   |   |   |   |   input43 <= 8
|   |   |   |   |   |   |   |   |   |   input31 <= 1: 3 (17.0)
|   |   |   |   |   |   |   |   |   |   input31 > 1: 7 (2.0/1.0)
|   |   |   |   |   |   |   |   |   input43 > 8
|   |   |   |   |   |   |   |   |   |   input21 <= 14: 8 (5.0)
|   |   |   |   |   |   |   |   |   |   input21 > 14: 2 (11.0)
|   |   |   |   |   |   |   input19 > 6
|   |   |   |   |   |   |   |   input29 <= 3: 5 (3.0/1.0)
|   |   |   |   |   |   |   |   input29 > 3
|   |   |   |   |   |   |   |   |   input31 <= 7
|   |   |   |   |   |   |   |   |   |   input21 <= 15: 8 (249.0/6.0)
|   |   |   |   |   |   |   |   |   |   input21 > 15
|   |   |   |   |   |   |   |   |   |   |   input36 <= 8: 9 (2.0)
|   |   |   |   |   |   |   |   |   |   |   input36 > 8
|   |   |   |   |   |   |   |   |   |   |   |   input28 <= 13: 2 (6.0/1.0)
|   |   |   |   |   |   |   |   |   |   |   |   input28 > 13: 8 (12.0)
|   |   |   |   |   |   |   |   |   input31 > 7
|   |   |   |   |   |   |   |   |   |   input3 <= 3: 4 (2.0)
|   |   |   |   |   |   |   |   |   |   input3 > 3: 8 (2.0/1.0)
|   |   |   |   |   input20 > 13
|   |   |   |   |   |   input29 <= 9
|   |   |   |   |   |   |   input2 <= 2
|   |   |   |   |   |   |   |   input46 <= 6
|   |   |   |   |   |   |   |   |   input29 <= 3: 5 (2.0)
|   |   |   |   |   |   |   |   |   input29 > 3: 8 (4.0)
|   |   |   |   |   |   |   |   input46 > 6: 4 (8.0/1.0)
|   |   |   |   |   |   |   input2 > 2: 2 (2.0/1.0)
|   |   |   |   |   |   input29 > 9
|   |   |   |   |   |   |   input42 <= 7
|   |   |   |   |   |   |   |   input13 <= 12: 8 (28.0/1.0)
|   |   |   |   |   |   |   |   input13 > 12
|   |   |   |   |   |   |   |   |   input5 <= 5
|   |   |   |   |   |   |   |   |   |   input13 <= 15: 1 (2.0/1.0)
|   |   |   |   |   |   |   |   |   |   input13 > 15: 8 (2.0)
|   |   |   |   |   |   |   |   |   input5 > 5
|   |   |   |   |   |   |   |   |   |   input21 <= 13
|   |   |   |   |   |   |   |   |   |   |   input18 <= 1: 8 (5.0/1.0)
|   |   |   |   |   |   |   |   |   |   |   input18 > 1: 1 (3.0)
|   |   |   |   |   |   |   |   |   |   input21 > 13
|   |   |   |   |   |   |   |   |   |   |   input53 <= 9
|   |   |   |   |   |   |   |   |   |   |   |   input54 <= 3: 1 (9.0)
|   |   |   |   |   |   |   |   |   |   |   |   input54 > 3: 8 (7.0)
|   |   |   |   |   |   |   |   |   |   |   input53 > 9
|   |   |   |   |   |   |   |   |   |   |   |   input47 <= 3: 1 (224.0/3.0)
|   |   |   |   |   |   |   |   |   |   |   |   input47 > 3
|   |   |   |   |   |   |   |   |   |   |   |   |   input38 <= 15: 8 (2.0)
|   |   |   |   |   |   |   |   |   |   |   |   |   input38 > 15: 1 (3.0)
|   |   |   |   |   |   |   input42 > 7: 4 (3.0)
|   |   |   input34 > 2
|   |   |   |   input21 <= 14
|   |   |   |   |   input38 <= 6
|   |   |   |   |   |   input58 <= 1
|   |   |   |   |   |   |   input51 <= 6
|   |   |   |   |   |   |   |   input19 <= 13: 2 (2.0)
|   |   |   |   |   |   |   |   input19 > 13: 5 (3.0/1.0)
|   |   |   |   |   |   |   input51 > 6: 8 (16.0/1.0)
|   |   |   |   |   |   input58 > 1: 3 (2.0)
|   |   |   |   |   input38 > 6
|   |   |   |   |   |   input45 <= 7
|   |   |   |   |   |   |   input22 <= 5
|   |   |   |   |   |   |   |   input19 <= 13: 4 (2.0)
|   |   |   |   |   |   |   |   input19 > 13: 5 (6.0/1.0)
|   |   |   |   |   |   |   input22 > 5
|   |   |   |   |   |   |   |   input36 <= 3
|   |   |   |   |   |   |   |   |   input6 <= 7: 0 (7.0)
|   |   |   |   |   |   |   |   |   input6 > 7: 3 (2.0)
|   |   |   |   |   |   |   |   input36 > 3
|   |   |   |   |   |   |   |   |   input42 <= 0: 9 (3.0)
|   |   |   |   |   |   |   |   |   input42 > 0: 8 (3.0)
|   |   |   |   |   |   input45 > 7
|   |   |   |   |   |   |   input20 <= 1
|   |   |   |   |   |   |   |   input18 <= 2: 7 (11.0/1.0)
|   |   |   |   |   |   |   |   input18 > 2: 4 (2.0/1.0)
|   |   |   |   |   |   |   input20 > 1
|   |   |   |   |   |   |   |   input7 <= 10: 4 (290.0/5.0)
|   |   |   |   |   |   |   |   input7 > 10
|   |   |   |   |   |   |   |   |   input8 <= 2
|   |   |   |   |   |   |   |   |   |   input45 <= 12: 9 (3.0/1.0)
|   |   |   |   |   |   |   |   |   |   input45 > 12: 4 (3.0)
|   |   |   |   |   |   |   |   |   input8 > 2: 7 (2.0)
|   |   |   |   input21 > 14
|   |   |   |   |   input10 <= 2
|   |   |   |   |   |   input39 <= 0
|   |   |   |   |   |   |   input29 <= 7: 8 (2.0)
|   |   |   |   |   |   |   input29 > 7: 1 (100.0/3.0)
|   |   |   |   |   |   input39 > 0
|   |   |   |   |   |   |   input3 <= 2
|   |   |   |   |   |   |   |   input7 <= 0: 4 (24.0)
|   |   |   |   |   |   |   |   input7 > 0: 1 (6.0)
|   |   |   |   |   |   |   input3 > 2: 5 (2.0/1.0)
|   |   |   |   |   input10 > 2
|   |   |   |   |   |   input39 <= 1: 8 (4.0)
|   |   |   |   |   |   input39 > 1: 3 (2.0/1.0)

Number of Leaves  : 	212

Size of the tree : 	423


Time taken to build model: 2.01 seconds
Time taken to test model on training data: 0.18 seconds

=== Error on training data ===

Correctly Classified Instances        5506               97.9715 %
Incorrectly Classified Instances       114                2.0285 %
Kappa statistic                          0.9775
Mean absolute error                      0.0065
Root mean squared error                  0.0569
Relative absolute error                  3.5939 %
Root relative squared error             18.9576 %
Total Number of Instances             5620     


=== Detailed Accuracy By Class ===

               TP Rate   FP Rate   Precision   Recall  F-Measure   ROC Area  Class
                 0.995     0.001      0.989     0.995     0.992      1        0
                 0.986     0.003      0.972     0.986     0.979      0.999    1
                 0.989     0.002      0.979     0.989     0.984      1        2
                 0.977     0.002      0.982     0.977     0.98       0.999    3
                 0.981     0.002      0.981     0.981     0.981      0.999    4
                 0.987     0.002      0.984     0.987     0.986      1        5
                 0.989     0.002      0.986     0.989     0.987      1        6
                 0.988     0.001      0.989     0.988     0.989      1        7
                 0.955     0.004      0.967     0.955     0.961      0.998    8
                 0.95      0.004      0.967     0.95      0.959      0.997    9
Weighted Avg.    0.98      0.002      0.98      0.98      0.98       0.999


=== Confusion Matrix ===

   a   b   c   d   e   f   g   h   i   j   <-- classified as
 551   0   0   0   3   0   0   0   0   0 |   a = 0
   1 563   2   1   0   0   0   1   2   1 |   b = 1
   0   2 551   1   0   0   1   0   1   1 |   c = 2
   0   1   1 559   0   1   0   0   3   7 |   d = 3
   1   3   0   0 557   3   2   0   1   1 |   e = 4
   1   1   0   0   0 551   0   0   1   4 |   f = 5
   1   0   0   0   2   1 552   0   2   0 |   g = 6
   0   0   0   2   2   0   0 559   0   3 |   h = 7
   1   7   6   2   1   1   4   2 529   1 |   i = 8
   1   2   3   4   3   3   1   3   8 534 |   j = 9



=== Stratified cross-validation ===

Correctly Classified Instances        5097               90.694  %
Incorrectly Classified Instances       523                9.306  %
Kappa statistic                          0.8966
Mean absolute error                      0.0204
Root mean squared error                  0.131 
Relative absolute error                 11.3403 %
Root relative squared error             43.6503 %
Total Number of Instances             5620     


=== Detailed Accuracy By Class ===

               TP Rate   FP Rate   Precision   Recall  F-Measure   ROC Area  Class
                 0.966     0.005      0.959     0.966     0.962      0.983    0
                 0.902     0.013      0.886     0.902     0.894      0.949    1
                 0.923     0.009      0.915     0.923     0.919      0.96     2
                 0.89      0.014      0.876     0.89      0.883      0.943    3
                 0.912     0.011      0.904     0.912     0.908      0.958    4
                 0.928     0.008      0.927     0.928     0.927      0.969    5
                 0.95      0.005      0.958     0.95      0.954      0.976    6
                 0.928     0.006      0.948     0.928     0.938      0.964    7
                 0.843     0.017      0.846     0.843     0.844      0.93     8
                 0.829     0.016      0.852     0.829     0.84       0.91     9
Weighted Avg.    0.907     0.01       0.907     0.907     0.907      0.954


=== Confusion Matrix ===

   a   b   c   d   e   f   g   h   i   j   <-- classified as
 535   0   0   3   5   3   2   0   5   1 |   a = 0
   2 515   5  10   6   2   5   4  15   7 |   b = 1
   3   5 514   9   0   1   3   0  14   8 |   c = 2
   2   3   7 509   3  11   1   3  14  19 |   d = 3
   3   8   3   2 518   3   4   7   8  12 |   e = 4
   2   6   1   7   3 518   2   0   4  15 |   f = 5
   2   7   5   0   7   3 530   1   3   0 |   g = 6
   1   5   1   6   6   1   1 525  11   9 |   h = 7
   6  25  17   9   6   7   5   2 467  10 |   i = 8
   2   7   9  26  19  10   0  12  11 466 |   j = 9

