autos

J48 pruned tree
------------------

num-of-doors = four
|   wheel-base <= 101.2
|   |   height <= 51.6: 1 (10.56/1.0)
|   |   height > 51.6
|   |   |   curb-weight <= 2050
|   |   |   |   horsepower <= 69: 1 (7.0)
|   |   |   |   horsepower > 69: 0 (4.0)
|   |   |   curb-weight > 2050
|   |   |   |   height <= 55.6
|   |   |   |   |   price <= 13860: 0 (31.56)
|   |   |   |   |   price > 13860
|   |   |   |   |   |   normalized-losses <= 168: 2 (2.0)
|   |   |   |   |   |   normalized-losses > 168: 0 (2.0)
|   |   |   |   height > 55.6
|   |   |   |   |   body-style = hardtop: 2 (0.0)
|   |   |   |   |   body-style = wagon: 0 (4.0)
|   |   |   |   |   body-style = sedan: 2 (8.0)
|   |   |   |   |   body-style = hatchback: 2 (0.0)
|   |   |   |   |   body-style = convertible: 2 (0.0)
|   wheel-base > 101.2
|   |   make = alfa-romero: -1 (0.0)
|   |   make = audi: 1 (3.0)
|   |   make = bmw: 0 (3.0/1.0)
|   |   make = chevrolet: -1 (0.0)
|   |   make = dodge: -1 (1.0)
|   |   make = honda: -1 (0.0)
|   |   make = isuzu: -1 (0.0)
|   |   make = jaguar: 0 (2.0)
|   |   make = mazda: 0 (2.0)
|   |   make = mercedes-benz: -1 (5.0/1.0)
|   |   make = mercury: -1 (0.0)
|   |   make = mitsubishi: -1 (0.0)
|   |   make = nissan: -1 (0.0)
|   |   make = peugot: 0 (11.0)
|   |   make = plymouth: -1 (1.0)
|   |   make = porsche: -1 (0.0)
|   |   make = renault: -1 (0.0)
|   |   make = saab: -1 (0.0)
|   |   make = subaru: -1 (0.0)
|   |   make = toyota: -1 (7.0)
|   |   make = volkswagen: -1 (0.0)
|   |   make = volvo
|   |   |   normalized-losses <= 98: -1 (8.0)
|   |   |   normalized-losses > 98: -2 (3.0)
num-of-doors = two
|   city-mpg <= 22
|   |   wheel-base <= 99.1: 3 (23.0/2.0)
|   |   wheel-base > 99.1
|   |   |   engine-type = dohc: 3 (2.0)
|   |   |   engine-type = dohcv: 0 (0.0)
|   |   |   engine-type = l: 0 (0.0)
|   |   |   engine-type = ohc: 0 (6.0/2.0)
|   |   |   engine-type = ohcf: 0 (0.0)
|   |   |   engine-type = ohcv: 1 (3.0/1.0)
|   |   |   engine-type = rotor: 0 (0.0)
|   city-mpg > 22
|   |   bore <= 3.39
|   |   |   engine-size <= 103
|   |   |   |   width <= 64.2
|   |   |   |   |   wheel-base <= 89.5: 2 (3.0)
|   |   |   |   |   wheel-base > 89.5: 1 (26.44/1.0)
|   |   |   |   width > 64.2: 2 (4.0)
|   |   |   engine-size > 103
|   |   |   |   compression-ratio <= 8.5: 3 (4.0)
|   |   |   |   compression-ratio > 8.5
|   |   |   |   |   city-mpg <= 26: 1 (3.0)
|   |   |   |   |   city-mpg > 26: 0 (3.44/1.0)
|   |   bore > 3.39: 2 (12.0)

Number of Leaves  : 	49

Size of the tree : 	69


Time taken to build model: 0.19 seconds
Time taken to test model on training data: 0.04 seconds

=== Error on training data ===

Correctly Classified Instances         195               95.122  %
Incorrectly Classified Instances        10                4.878  %
Kappa statistic                          0.9366
Mean absolute error                      0.0224
Root mean squared error                  0.1057
Relative absolute error                 10.1396 %
Root relative squared error             31.8552 %
Total Number of Instances              205     


=== Detailed Accuracy By Class ===

               TP Rate   FP Rate   Precision   Recall  F-Measure   ROC Area  Class
                 0         0          0         0         0          ?        -3
                 1         0          1         1         1          1        -2
                 0.955     0.005      0.955     0.955     0.955      0.998    -1
                 0.97      0.029      0.942     0.97      0.956      0.997    0
                 0.926     0.02       0.943     0.926     0.935      0.99     1
                 0.906     0          1         0.906     0.951      0.995    2
                 1         0.011      0.931     1         0.964      0.996    3
Weighted Avg.    0.951     0.017      0.952     0.951     0.951      0.995


=== Confusion Matrix ===

  a  b  c  d  e  f  g   <-- classified as
  0  0  0  0  0  0  0 |  a = -3
  0  3  0  0  0  0  0 |  b = -2
  0  0 21  0  1  0  0 |  c = -1
  0  0  1 65  1  0  0 |  d = 0
  0  0  0  2 50  0  2 |  e = 1
  0  0  0  2  1 29  0 |  f = 2
  0  0  0  0  0  0 27 |  g = 3



=== Stratified cross-validation ===

Correctly Classified Instances         168               81.9512 %
Incorrectly Classified Instances        37               18.0488 %
Kappa statistic                          0.7669
Mean absolute error                      0.0596
Root mean squared error                  0.2046
Relative absolute error                 26.961  %
Root relative squared error             61.6353 %
Total Number of Instances              205     


=== Detailed Accuracy By Class ===

               TP Rate   FP Rate   Precision   Recall  F-Measure   ROC Area  Class
                 0         0          0         0         0          ?        -3
                 0.667     0          1         0.667     0.8        0.998    -2
                 0.864     0.038      0.731     0.864     0.792      0.922    -1
                 0.881     0.029      0.937     0.881     0.908      0.96     0
                 0.778     0.086      0.764     0.778     0.771      0.879    1
                 0.719     0.012      0.92      0.719     0.807      0.9      2
                 0.852     0.062      0.676     0.852     0.754      0.935    3
Weighted Avg.    0.82      0.046      0.833     0.82      0.822      0.922


=== Confusion Matrix ===

  a  b  c  d  e  f  g   <-- classified as
  0  0  0  0  0  0  0 |  a = -3
  0  2  1  0  0  0  0 |  b = -2
  0  0 19  0  3  0  0 |  c = -1
  0  0  3 59  2  0  3 |  d = 0
  0  0  2  2 42  0  8 |  e = 1
  0  0  0  2  7 23  0 |  f = 2
  0  0  1  0  1  2 23 |  g = 3

