sonar

J48 pruned tree
------------------

attribute_11 <= 0.197
|   attribute_1 <= 0.0392
|   |   attribute_4 <= 0.0539
|   |   |   attribute_28 <= 0.9578
|   |   |   |   attribute_27 <= 0.2771
|   |   |   |   |   attribute_2 <= 0.0378: Mine (2.0)
|   |   |   |   |   attribute_2 > 0.0378: Rock (2.0)
|   |   |   |   attribute_27 > 0.2771: Rock (56.0)
|   |   |   attribute_28 > 0.9578
|   |   |   |   attribute_2 <= 0.0253: Rock (2.0)
|   |   |   |   attribute_2 > 0.0253: Mine (3.0)
|   |   attribute_4 > 0.0539
|   |   |   attribute_21 <= 0.7894
|   |   |   |   attribute_18 <= 0.2613: Mine (2.0)
|   |   |   |   attribute_18 > 0.2613: Rock (6.0)
|   |   |   attribute_21 > 0.7894: Mine (6.0)
|   attribute_1 > 0.0392: Mine (8.0/1.0)
attribute_11 > 0.197
|   attribute_27 <= 0.8145
|   |   attribute_54 <= 0.0205
|   |   |   attribute_53 <= 0.0166
|   |   |   |   attribute_21 <= 0.5959: Rock (14.0)
|   |   |   |   attribute_21 > 0.5959
|   |   |   |   |   attribute_51 <= 0.0153
|   |   |   |   |   |   attribute_23 <= 0.7867: Rock (13.0/1.0)
|   |   |   |   |   |   attribute_23 > 0.7867: Mine (6.0/1.0)
|   |   |   |   |   attribute_51 > 0.0153: Mine (7.0)
|   |   |   attribute_53 > 0.0166: Mine (12.0/1.0)
|   |   attribute_54 > 0.0205: Mine (13.0)
|   attribute_27 > 0.8145
|   |   attribute_8 <= 0.0697
|   |   |   attribute_2 <= 0.0222: Mine (3.0)
|   |   |   attribute_2 > 0.0222: Rock (2.0)
|   |   attribute_8 > 0.0697: Mine (51.0)

Number of Leaves  : 	18

Size of the tree : 	35


Time taken to build model: 0.31 seconds
Time taken to test model on training data: 0.05 seconds

=== Error on training data ===

Correctly Classified Instances         204               98.0769 %
Incorrectly Classified Instances         4                1.9231 %
Kappa statistic                          0.9613
Mean absolute error                      0.0341
Root mean squared error                  0.1306
Relative absolute error                  6.854  %
Root relative squared error             26.1807 %
Total Number of Instances              208     


=== Detailed Accuracy By Class ===

               TP Rate   FP Rate   Precision   Recall  F-Measure   ROC Area  Class
                 0.969     0.009      0.989     0.969     0.979      0.997    Rock
                 0.991     0.031      0.973     0.991     0.982      0.997    Mine
Weighted Avg.    0.981     0.021      0.981     0.981     0.981      0.997


=== Confusion Matrix ===

   a   b   <-- classified as
  94   3 |   a = Rock
   1 110 |   b = Mine



=== Stratified cross-validation ===

Correctly Classified Instances         148               71.1538 %
Incorrectly Classified Instances        60               28.8462 %
Kappa statistic                          0.422 
Mean absolute error                      0.2863
Root mean squared error                  0.5207
Relative absolute error                 57.5045 %
Root relative squared error            104.3706 %
Total Number of Instances              208     


=== Detailed Accuracy By Class ===

               TP Rate   FP Rate   Precision   Recall  F-Measure   ROC Area  Class
                 0.711     0.288      0.683     0.711     0.697      0.743    Rock
                 0.712     0.289      0.738     0.712     0.725      0.743    Mine
Weighted Avg.    0.712     0.288      0.713     0.712     0.712      0.743


=== Confusion Matrix ===

  a  b   <-- classified as
 69 28 |  a = Rock
 32 79 |  b = Mine

