lung-cancer

J48 pruned tree
------------------

attribute9 = 1: 1 (5.0)
attribute9 = 2
|   attribute43 = 1: 1 (3.0/1.0)
|   attribute43 = 2: 2 (5.0)
|   attribute43 = 3: 1 (1.0)
attribute9 = 3: 2 (18.0/1.0)

Number of Leaves  : 	5

Size of the tree : 	7


Time taken to build model: 0.05 seconds
Time taken to test model on training data: 0.01 seconds

=== Error on training data ===

Correctly Classified Instances          30               93.75   %
Incorrectly Classified Instances         2                6.25   %
Kappa statistic                          0.8454
Mean absolute error                      0.1007
Root mean squared error                  0.2244
Relative absolute error                 24.564  %
Root relative squared error             49.8856 %
Total Number of Instances               32     


=== Detailed Accuracy By Class ===

               TP Rate   FP Rate   Precision   Recall  F-Measure   ROC Area  Class
                 0.889     0.043      0.889     0.889     0.889      0.949    1
                 0.957     0.111      0.957     0.957     0.957      0.949    2
Weighted Avg.    0.938     0.092      0.938     0.938     0.938      0.949


=== Confusion Matrix ===

  a  b   <-- classified as
  8  1 |  a = 1
  1 22 |  b = 2



=== Stratified cross-validation ===

Correctly Classified Instances          25               78.125  %
Incorrectly Classified Instances         7               21.875  %
Kappa statistic                          0.3978
Mean absolute error                      0.2552
Root mean squared error                  0.4394
Relative absolute error                 61.8551 %
Root relative squared error             97.2113 %
Total Number of Instances               32     


=== Detailed Accuracy By Class ===

               TP Rate   FP Rate   Precision   Recall  F-Measure   ROC Area  Class
                 0.444     0.087      0.667     0.444     0.533      0.708    1
                 0.913     0.556      0.808     0.913     0.857      0.708    2
Weighted Avg.    0.781     0.424      0.768     0.781     0.766      0.708


=== Confusion Matrix ===

  a  b   <-- classified as
  4  5 |  a = 1
  2 21 |  b = 2

