spect_train

J48 pruned tree
------------------

F18 = 0
|   F21 = 0: 0 (59.0/12.0)
|   F21 = 1
|   |   F9 = 0
|   |   |   OVERALL_DIAGNOSIS = 0: 0 (3.0/1.0)
|   |   |   OVERALL_DIAGNOSIS = 1: 1 (7.0/1.0)
|   |   F9 = 1: 0 (5.0/1.0)
F18 = 1: 1 (6.0)

Number of Leaves  : 	5

Size of the tree : 	9


Time taken to build model: 0.06 seconds
Time taken to test model on training data: 0.01 seconds

=== Error on training data ===

Correctly Classified Instances          65               81.25   %
Incorrectly Classified Instances        15               18.75   %
Kappa statistic                          0.509 
Mean absolute error                      0.2971
Root mean squared error                  0.3854
Relative absolute error                 67.4804 %
Root relative squared error             82.2828 %
Total Number of Instances               80     


=== Detailed Accuracy By Class ===

               TP Rate   FP Rate   Precision   Recall  F-Measure   ROC Area  Class
                 0.981     0.538      0.791     0.981     0.876      0.733    0
                 0.462     0.019      0.923     0.462     0.615      0.733    1
Weighted Avg.    0.813     0.369      0.834     0.813     0.791      0.733


=== Confusion Matrix ===

  a  b   <-- classified as
 53  1 |  a = 0
 14 12 |  b = 1



=== Stratified cross-validation ===

Correctly Classified Instances          57               71.25   %
Incorrectly Classified Instances        23               28.75   %
Kappa statistic                          0.2801
Mean absolute error                      0.37  
Root mean squared error                  0.4804
Relative absolute error                 83.8494 %
Root relative squared error            102.3564 %
Total Number of Instances               80     


=== Detailed Accuracy By Class ===

               TP Rate   FP Rate   Precision   Recall  F-Measure   ROC Area  Class
                 0.87      0.615      0.746     0.87      0.803      0.594    0
                 0.385     0.13       0.588     0.385     0.465      0.594    1
Weighted Avg.    0.713     0.458      0.695     0.713     0.693      0.594


=== Confusion Matrix ===

  a  b   <-- classified as
 47  7 |  a = 0
 16 10 |  b = 1

