bridges_version1

J48 pruned tree
------------------

MATERIAL = WOOD: WOOD (16.0)
MATERIAL = IRON
|   ERECTED <= 1859: SUSPEN (3.0)
|   ERECTED > 1859: SIMPLE-T (8.0)
MATERIAL = STEEL
|   PURPOSE = WALK: SUSPEN (1.0)
|   PURPOSE = AQUEDUCT: SIMPLE-T (0.0)
|   PURPOSE = RR: SIMPLE-T (26.0/3.0)
|   PURPOSE = HIGHWAY
|   |   T-OR-D = THROUGH: SIMPLE-T (39.78/27.0)
|   |   T-OR-D = DECK
|   |   |   ERECTED <= 1939: CANTILEV (5.22/2.22)
|   |   |   ERECTED > 1939: CONT-T (6.0)

Number of Leaves  : 	9

Size of the tree : 	14


Time taken to build model: 0.06 seconds
Time taken to test model on training data: 0.02 seconds

=== Error on training data ===

Correctly Classified Instances          72               68.5714 %
Incorrectly Classified Instances        33               31.4286 %
Kappa statistic                          0.5308
Mean absolute error                      0.1218
Root mean squared error                  0.2467
Relative absolute error                 48.1564 %
Root relative squared error             69.5292 %
Total Number of Instances              105     
Ignored Class Unknown Instances                  2     


=== Detailed Accuracy By Class ===

               TP Rate   FP Rate   Precision   Recall  F-Measure   ROC Area  Class
                 1         0          1         1         1          1        WOOD
                 0.364     0          1         0.364     0.533      0.894    SUSPEN
                 0.977     0.492      0.589     0.977     0.735      0.905    SIMPLE-T
                 0         0.011      0         0         0          0.843    ARCH
                 0.273     0.021      0.6       0.273     0.375      0.792    CANTILEV
                 0.6       0          1         0.6       0.75       0.885    CONT-T
Weighted Avg.    0.686     0.21       0.662     0.686     0.627      0.897


=== Confusion Matrix ===

  a  b  c  d  e  f   <-- classified as
 16  0  0  0  0  0 |  a = WOOD
  0  4  7  0  0  0 |  b = SUSPEN
  0  0 43  1  0  0 |  c = SIMPLE-T
  0  0 12  0  1  0 |  d = ARCH
  0  0  8  0  3  0 |  e = CANTILEV
  0  0  3  0  1  6 |  f = CONT-T



=== Stratified cross-validation ===

Correctly Classified Instances          60               57.1429 %
Incorrectly Classified Instances        45               42.8571 %
Kappa statistic                          0.403 
Mean absolute error                      0.1584
Root mean squared error                  0.3137
Relative absolute error                 62.5034 %
Root relative squared error             88.3517 %
Total Number of Instances              105     
Ignored Class Unknown Instances                  2     


=== Detailed Accuracy By Class ===

               TP Rate   FP Rate   Precision   Recall  F-Measure   ROC Area  Class
                 1         0          1         1         1          1        WOOD
                 0.182     0.021      0.5       0.182     0.267      0.672    SUSPEN
                 0.75      0.377      0.589     0.75      0.66       0.79     SIMPLE-T
                 0.308     0.152      0.222     0.308     0.258      0.671    ARCH
                 0.091     0.021      0.333     0.091     0.143      0.596    CANTILEV
                 0.4       0.042      0.5       0.4       0.444      0.773    CONT-T
Weighted Avg.    0.571     0.185      0.562     0.571     0.546      0.773


=== Confusion Matrix ===

  a  b  c  d  e  f   <-- classified as
 16  0  0  0  0  0 |  a = WOOD
  0  2  4  4  1  0 |  b = SUSPEN
  0  1 33  8  0  2 |  c = SIMPLE-T
  0  0  8  4  1  0 |  d = ARCH
  0  1  6  1  1  2 |  e = CANTILEV
  0  0  5  1  0  4 |  f = CONT-T

