credit-a

J48 pruned tree
------------------

A9 = t
|   A10 = t: + (228.0/21.0)
|   A10 = f
|   |   A15 <= 444
|   |   |   A7 = v
|   |   |   |   A4 = u
|   |   |   |   |   A14 <= 112: + (16.57/1.57)
|   |   |   |   |   A14 > 112
|   |   |   |   |   |   A15 <= 70: - (30.0/10.0)
|   |   |   |   |   |   A15 > 70: + (2.0)
|   |   |   |   A4 = y
|   |   |   |   |   A13 = g: - (12.0/2.0)
|   |   |   |   |   A13 = p: - (0.0)
|   |   |   |   |   A13 = s: + (3.0/1.0)
|   |   |   |   A4 = l: - (0.0)
|   |   |   |   A4 = t: - (0.0)
|   |   |   A7 = h: + (27.24/8.24)
|   |   |   A7 = bb
|   |   |   |   A3 <= 1.375: + (5.0/1.0)
|   |   |   |   A3 > 1.375: - (9.13/1.0)
|   |   |   A7 = j: - (1.01)
|   |   |   A7 = n: + (0.0)
|   |   |   A7 = z: + (0.0)
|   |   |   A7 = dd: + (1.01/0.01)
|   |   |   A7 = ff: - (5.05/1.0)
|   |   |   A7 = o: + (0.0)
|   |   A15 > 444: + (21.0/1.0)
A9 = f
|   A3 <= 0.165
|   |   A7 = v
|   |   |   A2 <= 35.58: - (18.72/3.44)
|   |   |   A2 > 35.58: + (3.6/0.16)
|   |   A7 = h: - (0.0)
|   |   A7 = bb: + (1.24/0.08)
|   |   A7 = j: + (1.24/0.08)
|   |   A7 = n: + (1.24/0.08)
|   |   A7 = z: - (0.0)
|   |   A7 = dd: - (0.0)
|   |   A7 = ff: - (4.96/0.64)
|   |   A7 = o: - (0.0)
|   A3 > 0.165: - (298.0/12.0)

Number of Leaves  : 	30

Size of the tree : 	42


Time taken to build model: 0.21 seconds
Time taken to test model on training data: 0.06 seconds

=== Error on training data ===

Correctly Classified Instances         626               90.7246 %
Incorrectly Classified Instances        64                9.2754 %
Kappa statistic                          0.8125
Mean absolute error                      0.1564
Root mean squared error                  0.2781
Relative absolute error                 31.6573 %
Root relative squared error             55.9554 %
Total Number of Instances              690     


=== Detailed Accuracy By Class ===

               TP Rate   FP Rate   Precision   Recall  F-Measure   ROC Area  Class
                 0.902     0.089      0.891     0.902     0.896      0.937    +
                 0.911     0.098      0.921     0.911     0.916      0.937    -
Weighted Avg.    0.907     0.094      0.907     0.907     0.907      0.937


=== Confusion Matrix ===

   a   b   <-- classified as
 277  30 |   a = +
  34 349 |   b = -



=== Stratified cross-validation ===

Correctly Classified Instances         594               86.087  %
Incorrectly Classified Instances        96               13.913  %
Kappa statistic                          0.718 
Mean absolute error                      0.1924
Root mean squared error                  0.3313
Relative absolute error                 38.9417 %
Root relative squared error             66.6637 %
Total Number of Instances              690     


=== Detailed Accuracy By Class ===

               TP Rate   FP Rate   Precision   Recall  F-Measure   ROC Area  Class
                 0.837     0.12       0.848     0.837     0.843      0.887    +
                 0.88      0.163      0.871     0.88      0.875      0.887    -
Weighted Avg.    0.861     0.144      0.861     0.861     0.861      0.887


=== Confusion Matrix ===

   a   b   <-- classified as
 257  50 |   a = +
  46 337 |   b = -

