anneal

J48 pruned tree
------------------

hardness <= 70
|   strength <= 350
|   |   family = ?
|   |   |   surface-quality = ?
|   |   |   |   condition = ?: 3 (68.0/1.0)
|   |   |   |   condition = S
|   |   |   |   |   thick <= 0.75: 3 (5.0)
|   |   |   |   |   thick > 0.75
|   |   |   |   |   |   thick <= 2.501: 2 (81.0/1.0)
|   |   |   |   |   |   thick > 2.501: 3 (2.0)
|   |   |   |   condition = A: 2 (0.0)
|   |   |   |   condition = X: 2 (0.0)
|   |   |   surface-quality = D: 3 (55.0)
|   |   |   surface-quality = E
|   |   |   |   condition = ?: U (2.0)
|   |   |   |   condition = S: 3 (256.0)
|   |   |   |   condition = A: 3 (0.0)
|   |   |   |   condition = X: 3 (0.0)
|   |   |   surface-quality = F: 3 (60.0)
|   |   |   surface-quality = G: 3 (180.0)
|   |   family = GB: 3 (0.0)
|   |   family = GK: 3 (0.0)
|   |   family = GS: 3 (0.0)
|   |   family = TN: 5 (67.0)
|   |   family = ZA: 3 (0.0)
|   |   family = ZF: 3 (0.0)
|   |   family = ZH: 3 (0.0)
|   |   family = ZM: 3 (0.0)
|   |   family = ZS
|   |   |   strength <= 0: 3 (46.0)
|   |   |   strength > 0: 1 (2.0)
|   strength > 350
|   |   steel = ?: 2 (8.0)
|   |   steel = R: 3 (5.0)
|   |   steel = A: 3 (5.0)
|   |   steel = U: 2 (0.0)
|   |   steel = K: 2 (0.0)
|   |   steel = M: 2 (11.0)
|   |   steel = S: 1 (5.0)
|   |   steel = W: 2 (0.0)
|   |   steel = V: 2 (0.0)
hardness > 70
|   hardness <= 80
|   |   cbond = ?: U (3.0)
|   |   cbond = Y: 3 (2.0)
|   hardness > 80: U (35.0)

Number of Leaves  : 	35

Size of the tree : 	47


Time taken to build model: 0.39 seconds
Time taken to test model on training data: 0.07 seconds

=== Error on training data ===

Correctly Classified Instances         896               99.7773 %
Incorrectly Classified Instances         2                0.2227 %
Kappa statistic                          0.9944
Mean absolute error                      0.0015
Root mean squared error                  0.0271
Relative absolute error                  1.0906 %
Root relative squared error             10.4803 %
Total Number of Instances              898     


=== Detailed Accuracy By Class ===

               TP Rate   FP Rate   Precision   Recall  F-Measure   ROC Area  Class
                 0.875     0          1         0.875     0.933      0.995    1
                 1         0.001      0.99      1         0.995      0.999    2
                 0.999     0.005      0.999     0.999     0.999      0.999    3
                 0         0          0         0         0          ?        4
                 1         0          1         1         1          1        5
                 1         0          1         1         1          1        U
Weighted Avg.    0.998     0.004      0.998     0.998     0.998      1    


=== Confusion Matrix ===

   a   b   c   d   e   f   <-- classified as
   7   0   1   0   0   0 |   a = 1
   0  99   0   0   0   0 |   b = 2
   0   1 683   0   0   0 |   c = 3
   0   0   0   0   0   0 |   d = 4
   0   0   0   0  67   0 |   e = 5
   0   0   0   0   0  40 |   f = U



=== Stratified cross-validation ===

Correctly Classified Instances         884               98.441  %
Incorrectly Classified Instances        14                1.559  %
Kappa statistic                          0.9605
Mean absolute error                      0.0056
Root mean squared error                  0.0669
Relative absolute error                  4.1865 %
Root relative squared error             25.9118 %
Total Number of Instances              898     


=== Detailed Accuracy By Class ===

               TP Rate   FP Rate   Precision   Recall  F-Measure   ROC Area  Class
                 0.625     0          1         0.625     0.769      0.931    1
                 1         0.003      0.98      1         0.99       1        2
                 0.994     0.047      0.986     0.994     0.99       0.994    3
                 0         0          0         0         0          ?        4
                 1         0          1         1         1          1        5
                 0.825     0.002      0.943     0.825     0.88       0.996    U
Weighted Avg.    0.984     0.036      0.984     0.984     0.984      0.995


=== Confusion Matrix ===

   a   b   c   d   e   f   <-- classified as
   5   0   3   0   0   0 |   a = 1
   0  99   0   0   0   0 |   b = 2
   0   2 680   0   0   2 |   c = 3
   0   0   0   0   0   0 |   d = 4
   0   0   0   0  67   0 |   e = 5
   0   0   7   0   0  33 |   f = U

