mfeat-pixel

J48 pruned tree
------------------

att153 = 0
|   att20 = 0
|   |   att181 = 0
|   |   |   att72 = 0: 7 (4.0/2.0)
|   |   |   att72 = 1: 5 (1.0)
|   |   |   att72 = 2: 2 (0.0)
|   |   |   att72 = 3: 2 (0.0)
|   |   |   att72 = 4: 10 (1.0)
|   |   |   att72 = 5: 7 (1.0)
|   |   |   att72 = 6: 2 (90.0/1.0)
|   |   att181 = 1: 4 (2.0/1.0)
|   |   att181 = 2: 2 (0.0)
|   |   att181 = 3: 3 (1.0)
|   |   att181 = 4: 2 (0.0)
|   |   att181 = 5: 2 (0.0)
|   |   att181 = 6: 4 (2.0)
|   att20 = 1
|   |   att37 = 0: 4 (2.0)
|   |   att37 = 1: 2 (0.0)
|   |   att37 = 2: 2 (0.0)
|   |   att37 = 3: 8 (1.0)
|   |   att37 = 4: 2 (0.0)
|   |   att37 = 5: 2 (0.0)
|   |   att37 = 6: 2 (5.0/1.0)
|   att20 = 2
|   |   att2 = 0
|   |   |   att56 = 0: 6 (2.0)
|   |   |   att56 = 1: 2 (0.0)
|   |   |   att56 = 2: 2 (0.0)
|   |   |   att56 = 3: 3 (1.0)
|   |   |   att56 = 4: 2 (0.0)
|   |   |   att56 = 5: 2 (0.0)
|   |   |   att56 = 6: 2 (4.0)
|   |   att2 = 1: 2 (0.0)
|   |   att2 = 2: 2 (0.0)
|   |   att2 = 3: 2 (0.0)
|   |   att2 = 4: 2 (0.0)
|   |   att2 = 5: 2 (0.0)
|   |   att2 = 6: 4 (4.0)
|   att20 = 3
|   |   att209 = 0
|   |   |   att35 = 0: 4 (4.0)
|   |   |   att35 = 1: 4 (0.0)
|   |   |   att35 = 2: 4 (0.0)
|   |   |   att35 = 3: 4 (0.0)
|   |   |   att35 = 4: 4 (0.0)
|   |   |   att35 = 5: 4 (0.0)
|   |   |   att35 = 6: 3 (2.0/1.0)
|   |   att209 = 1: 4 (0.0)
|   |   att209 = 2: 4 (0.0)
|   |   att209 = 3: 4 (0.0)
|   |   att209 = 4: 4 (0.0)
|   |   att209 = 5: 4 (0.0)
|   |   att209 = 6: 2 (3.0)
|   att20 = 4
|   |   att215 = 0
|   |   |   att22 = 0: 2 (0.0)
|   |   |   att22 = 1: 2 (0.0)
|   |   |   att22 = 2: 2 (0.0)
|   |   |   att22 = 3: 2 (0.0)
|   |   |   att22 = 4: 8 (3.0)
|   |   |   att22 = 5: 2 (0.0)
|   |   |   att22 = 6: 2 (5.0)
|   |   att215 = 1: 4 (0.0)
|   |   att215 = 2: 4 (0.0)
|   |   att215 = 3: 4 (0.0)
|   |   att215 = 4: 4 (0.0)
|   |   att215 = 5: 4 (0.0)
|   |   att215 = 6
|   |   |   att54 = 0: 6 (2.0)
|   |   |   att54 = 1: 4 (0.0)
|   |   |   att54 = 2: 4 (0.0)
|   |   |   att54 = 3: 4 (0.0)
|   |   |   att54 = 4: 4 (0.0)
|   |   |   att54 = 5: 4 (0.0)
|   |   |   att54 = 6: 4 (12.0)
|   att20 = 5
|   |   att104 = 0
|   |   |   att147 = 0: 8 (3.0/1.0)
|   |   |   att147 = 1: 4 (0.0)
|   |   |   att147 = 2: 4 (0.0)
|   |   |   att147 = 3: 4 (0.0)
|   |   |   att147 = 4: 4 (0.0)
|   |   |   att147 = 5: 4 (0.0)
|   |   |   att147 = 6: 4 (5.0)
|   |   att104 = 1: 4 (0.0)
|   |   att104 = 2: 2 (2.0/1.0)
|   |   att104 = 3: 2 (2.0/1.0)
|   |   att104 = 4: 4 (0.0)
|   |   att104 = 5: 4 (0.0)
|   |   att104 = 6
|   |   |   att26 = 0: 5 (2.0)
|   |   |   att26 = 1: 10 (0.0)
|   |   |   att26 = 2: 10 (0.0)
|   |   |   att26 = 3: 10 (0.0)
|   |   |   att26 = 4: 10 (0.0)
|   |   |   att26 = 5: 10 (0.0)
|   |   |   att26 = 6: 10 (4.0/1.0)
|   att20 = 6
|   |   att63 = 0
|   |   |   att82 = 0
|   |   |   |   att28 = 0: 8 (0.0)
|   |   |   |   att28 = 1: 8 (0.0)
|   |   |   |   att28 = 2: 3 (2.0/1.0)
|   |   |   |   att28 = 3: 8 (0.0)
|   |   |   |   att28 = 4: 8 (0.0)
|   |   |   |   att28 = 5: 8 (0.0)
|   |   |   |   att28 = 6: 8 (99.0/3.0)
|   |   |   att82 = 1: 4 (3.0)
|   |   |   att82 = 2
|   |   |   |   att55 = 0: 4 (2.0)
|   |   |   |   att55 = 1: 8 (0.0)
|   |   |   |   att55 = 2: 8 (0.0)
|   |   |   |   att55 = 3: 8 (0.0)
|   |   |   |   att55 = 4: 8 (0.0)
|   |   |   |   att55 = 5: 8 (0.0)
|   |   |   |   att55 = 6: 8 (4.0)
|   |   |   att82 = 3
|   |   |   |   att148 = 0
|   |   |   |   |   att234 = 0: 8 (4.0)
|   |   |   |   |   att234 = 1: 8 (0.0)
|   |   |   |   |   att234 = 2: 8 (0.0)
|   |   |   |   |   att234 = 3: 8 (0.0)
|   |   |   |   |   att234 = 4: 3 (2.0)
|   |   |   |   att148 = 1: 4 (0.0)
|   |   |   |   att148 = 2: 4 (0.0)
|   |   |   |   att148 = 3: 4 (0.0)
|   |   |   |   att148 = 4: 4 (0.0)
|   |   |   |   att148 = 5: 4 (0.0)
|   |   |   |   att148 = 6
|   |   |   |   |   att41 = 0: 1 (2.0/1.0)
|   |   |   |   |   att41 = 1: 4 (0.0)
|   |   |   |   |   att41 = 2: 4 (0.0)
|   |   |   |   |   att41 = 3: 4 (0.0)
|   |   |   |   |   att41 = 4: 4 (0.0)
|   |   |   |   |   att41 = 5: 4 (0.0)
|   |   |   |   |   att41 = 6: 4 (5.0)
|   |   |   att82 = 4: 4 (4.0/1.0)
|   |   |   att82 = 5
|   |   |   |   att118 = 0: 8 (2.0)
|   |   |   |   att118 = 1: 4 (0.0)
|   |   |   |   att118 = 2: 4 (0.0)
|   |   |   |   att118 = 3: 4 (0.0)
|   |   |   |   att118 = 4: 4 (0.0)
|   |   |   |   att118 = 5: 4 (0.0)
|   |   |   |   att118 = 6: 4 (5.0)
|   |   |   att82 = 6: 4 (130.0/5.0)
|   |   att63 = 1
|   |   |   att66 = 0
|   |   |   |   att222 = 0: 8 (3.0)
|   |   |   |   att222 = 1: 3 (0.0)
|   |   |   |   att222 = 2: 3 (0.0)
|   |   |   |   att222 = 3: 3 (0.0)
|   |   |   |   att222 = 4: 3 (0.0)
|   |   |   |   att222 = 5: 3 (0.0)
|   |   |   |   att222 = 6: 3 (3.0)
|   |   |   att66 = 1: 4 (0.0)
|   |   |   att66 = 2: 4 (0.0)
|   |   |   att66 = 3: 4 (0.0)
|   |   |   att66 = 4: 4 (0.0)
|   |   |   att66 = 5: 4 (0.0)
|   |   |   att66 = 6: 4 (6.0/1.0)
|   |   att63 = 2
|   |   |   att6 = 0: 3 (0.0)
|   |   |   att6 = 1: 3 (0.0)
|   |   |   att6 = 2: 2 (2.0)
|   |   |   att6 = 3: 3 (0.0)
|   |   |   att6 = 4: 3 (0.0)
|   |   |   att6 = 5: 10 (1.0)
|   |   |   att6 = 6
|   |   |   |   att16 = 0: 3 (3.0)
|   |   |   |   att16 = 1: 3 (0.0)
|   |   |   |   att16 = 2: 3 (0.0)
|   |   |   |   att16 = 3: 3 (0.0)
|   |   |   |   att16 = 4: 3 (0.0)
|   |   |   |   att16 = 5: 3 (0.0)
|   |   |   |   att16 = 6: 8 (3.0)
|   |   att63 = 3
|   |   |   att17 = 0
|   |   |   |   att58 = 0: 6 (6.0)
|   |   |   |   att58 = 1: 6 (0.0)
|   |   |   |   att58 = 2: 6 (0.0)
|   |   |   |   att58 = 3: 2 (1.0)
|   |   |   |   att58 = 4: 6 (0.0)
|   |   |   |   att58 = 5: 6 (0.0)
|   |   |   |   att58 = 6: 3 (2.0)
|   |   |   att17 = 1: 4 (1.0)
|   |   |   att17 = 2: 6 (0.0)
|   |   |   att17 = 3: 6 (0.0)
|   |   |   att17 = 4: 6 (0.0)
|   |   |   att17 = 5: 6 (0.0)
|   |   |   att17 = 6: 8 (4.0)
|   |   att63 = 4
|   |   |   att32 = 0: 2 (2.0/1.0)
|   |   |   att32 = 1: 3 (0.0)
|   |   |   att32 = 2: 4 (1.0)
|   |   |   att32 = 3: 3 (0.0)
|   |   |   att32 = 4: 3 (0.0)
|   |   |   att32 = 5: 3 (0.0)
|   |   |   att32 = 6
|   |   |   |   att71 = 0: 10 (2.0)
|   |   |   |   att71 = 1: 3 (0.0)
|   |   |   |   att71 = 2: 3 (0.0)
|   |   |   |   att71 = 3: 3 (0.0)
|   |   |   |   att71 = 4: 3 (0.0)
|   |   |   |   att71 = 5: 3 (0.0)
|   |   |   |   att71 = 6
|   |   |   |   |   att30 = 0: 3 (3.0)
|   |   |   |   |   att30 = 1: 3 (0.0)
|   |   |   |   |   att30 = 2: 3 (0.0)
|   |   |   |   |   att30 = 3: 3 (0.0)
|   |   |   |   |   att30 = 4: 3 (0.0)
|   |   |   |   |   att30 = 5: 3 (0.0)
|   |   |   |   |   att30 = 6: 8 (2.0)
|   |   att63 = 5
|   |   |   att56 = 0: 6 (4.0)
|   |   |   att56 = 1: 9 (1.0)
|   |   |   att56 = 2: 3 (0.0)
|   |   |   att56 = 3: 3 (1.0)
|   |   |   att56 = 4: 3 (0.0)
|   |   |   att56 = 5: 3 (0.0)
|   |   |   att56 = 6
|   |   |   |   att15 = 0
|   |   |   |   |   att7 = 0: 3 (0.0)
|   |   |   |   |   att7 = 1: 3 (0.0)
|   |   |   |   |   att7 = 2: 3 (0.0)
|   |   |   |   |   att7 = 3: 3 (0.0)
|   |   |   |   |   att7 = 4: 4 (3.0)
|   |   |   |   |   att7 = 5: 3 (0.0)
|   |   |   |   |   att7 = 6: 3 (4.0)
|   |   |   |   att15 = 1: 8 (3.0)
|   |   |   |   att15 = 2: 3 (0.0)
|   |   |   |   att15 = 3: 3 (0.0)
|   |   |   |   att15 = 5: 3 (0.0)
|   |   |   |   att15 = 6: 3 (0.0)
|   |   att63 = 6
|   |   |   att58 = 0
|   |   |   |   att132 = 0
|   |   |   |   |   att28 = 0
|   |   |   |   |   |   att161 = 0: 3 (33.0)
|   |   |   |   |   |   att161 = 1: 3 (0.0)
|   |   |   |   |   |   att161 = 2: 3 (0.0)
|   |   |   |   |   |   att161 = 3: 3 (0.0)
|   |   |   |   |   |   att161 = 4: 3 (0.0)
|   |   |   |   |   |   att161 = 5: 3 (0.0)
|   |   |   |   |   |   att161 = 6: 2 (5.0/1.0)
|   |   |   |   |   att28 = 1: 3 (0.0)
|   |   |   |   |   att28 = 2: 3 (0.0)
|   |   |   |   |   att28 = 3: 3 (0.0)
|   |   |   |   |   att28 = 4: 3 (0.0)
|   |   |   |   |   att28 = 5: 3 (0.0)
|   |   |   |   |   att28 = 6: 6 (6.0/1.0)
|   |   |   |   att132 = 1: 6 (0.0)
|   |   |   |   att132 = 2: 9 (1.0)
|   |   |   |   att132 = 3
|   |   |   |   |   att50 = 0: 3 (2.0/1.0)
|   |   |   |   |   att50 = 1: 2 (0.0)
|   |   |   |   |   att50 = 2: 2 (0.0)
|   |   |   |   |   att50 = 3: 2 (0.0)
|   |   |   |   |   att50 = 4: 2 (0.0)
|   |   |   |   |   att50 = 5: 2 (0.0)
|   |   |   |   |   att50 = 6: 2 (2.0)
|   |   |   |   att132 = 4: 6 (3.0/1.0)
|   |   |   |   att132 = 5: 2 (2.0/1.0)
|   |   |   |   att132 = 6
|   |   |   |   |   att80 = 0: 7 (2.0/1.0)
|   |   |   |   |   att80 = 1: 6 (0.0)
|   |   |   |   |   att80 = 2: 10 (1.0)
|   |   |   |   |   att80 = 3: 6 (0.0)
|   |   |   |   |   att80 = 4: 6 (1.0)
|   |   |   |   |   att80 = 5
|   |   |   |   |   |   att39 = 0: 6 (2.0/1.0)
|   |   |   |   |   |   att39 = 1: 10 (0.0)
|   |   |   |   |   |   att39 = 2: 10 (0.0)
|   |   |   |   |   |   att39 = 3: 10 (0.0)
|   |   |   |   |   |   att39 = 4: 10 (0.0)
|   |   |   |   |   |   att39 = 5: 10 (0.0)
|   |   |   |   |   |   att39 = 6: 10 (2.0)
|   |   |   |   |   att80 = 6: 6 (127.0/10.0)
|   |   |   att58 = 1
|   |   |   |   att157 = 0: 10 (4.0/1.0)
|   |   |   |   att157 = 1: 6 (1.0)
|   |   |   |   att157 = 2: 3 (0.0)
|   |   |   |   att157 = 3: 3 (0.0)
|   |   |   |   att157 = 4: 3 (0.0)
|   |   |   |   att157 = 5: 3 (0.0)
|   |   |   |   att157 = 6
|   |   |   |   |   att11 = 0: 3 (4.0)
|   |   |   |   |   att11 = 1: 3 (0.0)
|   |   |   |   |   att11 = 2: 3 (0.0)
|   |   |   |   |   att11 = 3: 3 (0.0)
|   |   |   |   |   att11 = 4: 3 (0.0)
|   |   |   |   |   att11 = 5: 3 (0.0)
|   |   |   |   |   att11 = 6: 8 (2.0)
|   |   |   att58 = 2
|   |   |   |   att62 = 0: 6 (0.0)
|   |   |   |   att62 = 1: 6 (0.0)
|   |   |   |   att62 = 2: 6 (0.0)
|   |   |   |   att62 = 3: 2 (2.0)
|   |   |   |   att62 = 4: 6 (0.0)
|   |   |   |   att62 = 5: 6 (0.0)
|   |   |   |   att62 = 6: 6 (5.0)
|   |   |   att58 = 3
|   |   |   |   att109 = 0: 3 (6.0)
|   |   |   |   att109 = 1: 3 (0.0)
|   |   |   |   att109 = 2: 3 (0.0)
|   |   |   |   att109 = 3: 3 (0.0)
|   |   |   |   att109 = 4: 3 (0.0)
|   |   |   |   att109 = 5: 3 (0.0)
|   |   |   |   att109 = 6: 6 (3.0/2.0)
|   |   |   att58 = 4
|   |   |   |   att103 = 0: 8 (2.0)
|   |   |   |   att103 = 1: 3 (0.0)
|   |   |   |   att103 = 2: 3 (2.0)
|   |   |   |   att103 = 3: 3 (0.0)
|   |   |   |   att103 = 4: 3 (0.0)
|   |   |   |   att103 = 5: 3 (0.0)
|   |   |   |   att103 = 6: 6 (1.0)
|   |   |   att58 = 5
|   |   |   |   att185 = 0: 6 (2.0/1.0)
|   |   |   |   att185 = 1: 3 (0.0)
|   |   |   |   att185 = 2: 3 (0.0)
|   |   |   |   att185 = 3: 3 (0.0)
|   |   |   |   att185 = 4: 3 (0.0)
|   |   |   |   att185 = 5: 3 (0.0)
|   |   |   |   att185 = 6: 3 (5.0)
|   |   |   att58 = 6
|   |   |   |   att170 = 0
|   |   |   |   |   att240 = 0
|   |   |   |   |   |   att1 = 0
|   |   |   |   |   |   |   att2 = 0: 10 (148.0/7.0)
|   |   |   |   |   |   |   att2 = 1
|   |   |   |   |   |   |   |   att95 = 0: 8 (2.0)
|   |   |   |   |   |   |   |   att95 = 1: 10 (0.0)
|   |   |   |   |   |   |   |   att95 = 2: 10 (0.0)
|   |   |   |   |   |   |   |   att95 = 3: 10 (0.0)
|   |   |   |   |   |   |   |   att95 = 4: 10 (0.0)
|   |   |   |   |   |   |   |   att95 = 5: 10 (0.0)
|   |   |   |   |   |   |   |   att95 = 6: 10 (8.0)
|   |   |   |   |   |   |   att2 = 2: 10 (1.0)
|   |   |   |   |   |   |   att2 = 3
|   |   |   |   |   |   |   |   att112 = 0: 8 (14.0/1.0)
|   |   |   |   |   |   |   |   att112 = 1: 8 (0.0)
|   |   |   |   |   |   |   |   att112 = 2: 8 (0.0)
|   |   |   |   |   |   |   |   att112 = 3: 9 (1.0)
|   |   |   |   |   |   |   |   att112 = 4: 10 (1.0)
|   |   |   |   |   |   |   |   att112 = 5: 10 (2.0)
|   |   |   |   |   |   |   |   att112 = 6: 10 (4.0)
|   |   |   |   |   |   |   att2 = 4: 10 (1.0)
|   |   |   |   |   |   |   att2 = 5: 10 (0.0)
|   |   |   |   |   |   |   att2 = 6: 10 (0.0)
|   |   |   |   |   |   att1 = 1: 8 (9.0/1.0)
|   |   |   |   |   |   att1 = 2: 8 (1.0)
|   |   |   |   |   |   att1 = 3
|   |   |   |   |   |   |   att97 = 0: 8 (10.0)
|   |   |   |   |   |   |   att97 = 1: 8 (0.0)
|   |   |   |   |   |   |   att97 = 2: 10 (1.0)
|   |   |   |   |   |   |   att97 = 3: 8 (0.0)
|   |   |   |   |   |   |   att97 = 4: 8 (0.0)
|   |   |   |   |   |   |   att97 = 5: 8 (0.0)
|   |   |   |   |   |   |   att97 = 6: 10 (2.0)
|   |   |   |   |   |   att1 = 5: 8 (7.0)
|   |   |   |   |   |   att1 = 6: 8 (2.0)
|   |   |   |   |   att240 = 1
|   |   |   |   |   |   att158 = 0: 10 (5.0/1.0)
|   |   |   |   |   |   att158 = 1: 10 (0.0)
|   |   |   |   |   |   att158 = 2: 10 (0.0)
|   |   |   |   |   |   att158 = 3: 10 (0.0)
|   |   |   |   |   |   att158 = 4: 10 (0.0)
|   |   |   |   |   |   att158 = 5: 10 (0.0)
|   |   |   |   |   |   att158 = 6: 3 (3.0)
|   |   |   |   |   att240 = 2: 10 (1.0)
|   |   |   |   |   att240 = 3
|   |   |   |   |   |   att37 = 0: 3 (0.0)
|   |   |   |   |   |   att37 = 1: 3 (0.0)
|   |   |   |   |   |   att37 = 2: 3 (0.0)
|   |   |   |   |   |   att37 = 3: 3 (3.0)
|   |   |   |   |   |   att37 = 4: 3 (0.0)
|   |   |   |   |   |   att37 = 5: 3 (0.0)
|   |   |   |   |   |   att37 = 6: 2 (2.0/1.0)
|   |   |   |   |   att240 = 4: 10 (1.0)
|   |   |   |   att170 = 1
|   |   |   |   |   att111 = 0
|   |   |   |   |   |   att15 = 0: 3 (3.0)
|   |   |   |   |   |   att15 = 1: 3 (0.0)
|   |   |   |   |   |   att15 = 2: 3 (0.0)
|   |   |   |   |   |   att15 = 3: 8 (2.0)
|   |   |   |   |   |   att15 = 5: 3 (0.0)
|   |   |   |   |   |   att15 = 6: 3 (0.0)
|   |   |   |   |   att111 = 1: 10 (0.0)
|   |   |   |   |   att111 = 2: 10 (0.0)
|   |   |   |   |   att111 = 3: 10 (0.0)
|   |   |   |   |   att111 = 4: 10 (0.0)
|   |   |   |   |   att111 = 5: 10 (0.0)
|   |   |   |   |   att111 = 6: 10 (5.0/1.0)
|   |   |   |   att170 = 2: 8 (4.0/1.0)
|   |   |   |   att170 = 3: 8 (2.0/1.0)
|   |   |   |   att170 = 4: 3 (3.0/1.0)
|   |   |   |   att170 = 5: 3 (2.0)
|   |   |   |   att170 = 6
|   |   |   |   |   att162 = 0
|   |   |   |   |   |   att232 = 0: 10 (4.0)
|   |   |   |   |   |   att232 = 1: 3 (0.0)
|   |   |   |   |   |   att232 = 2: 3 (1.0)
|   |   |   |   |   |   att232 = 3: 8 (1.0)
|   |   |   |   |   |   att232 = 4: 3 (43.0/3.0)
|   |   |   |   |   att162 = 1: 6 (1.0)
|   |   |   |   |   att162 = 2: 3 (0.0)
|   |   |   |   |   att162 = 3: 3 (0.0)
|   |   |   |   |   att162 = 4: 3 (0.0)
|   |   |   |   |   att162 = 5: 3 (0.0)
|   |   |   |   |   att162 = 6: 9 (3.0)
att153 = 1
|   att162 = 0
|   |   att218 = 0: 10 (3.0/1.0)
|   |   att218 = 1: 3 (0.0)
|   |   att218 = 2: 3 (0.0)
|   |   att218 = 3: 3 (0.0)
|   |   att218 = 4: 2 (1.0)
|   |   att218 = 5: 3 (0.0)
|   |   att218 = 6: 3 (13.0)
|   att162 = 1: 3 (0.0)
|   att162 = 2: 3 (0.0)
|   att162 = 3: 3 (0.0)
|   att162 = 4: 3 (0.0)
|   att162 = 5: 4 (1.0)
|   att162 = 6
|   |   att169 = 0
|   |   |   att215 = 0: 2 (2.0)
|   |   |   att215 = 1: 6 (0.0)
|   |   |   att215 = 2: 6 (0.0)
|   |   |   att215 = 3: 6 (0.0)
|   |   |   att215 = 4: 6 (0.0)
|   |   |   att215 = 5: 6 (0.0)
|   |   |   att215 = 6: 6 (7.0)
|   |   att169 = 1: 6 (0.0)
|   |   att169 = 2: 4 (3.0/1.0)
|   |   att169 = 3: 6 (0.0)
|   |   att169 = 4: 6 (0.0)
|   |   att169 = 5: 6 (0.0)
|   |   att169 = 6: 9 (3.0/1.0)
att153 = 2
|   att205 = 0: 8 (4.0)
|   att205 = 1: 6 (1.0)
|   att205 = 2: 3 (3.0/1.0)
|   att205 = 3: 5 (1.0)
|   att205 = 4: 7 (1.0)
|   att205 = 5: 2 (0.0)
|   att205 = 6
|   |   att143 = 0
|   |   |   att34 = 0: 4 (2.0)
|   |   |   att34 = 1: 6 (0.0)
|   |   |   att34 = 2: 6 (0.0)
|   |   |   att34 = 3: 6 (0.0)
|   |   |   att34 = 4: 6 (0.0)
|   |   |   att34 = 5: 6 (0.0)
|   |   |   att34 = 6: 6 (5.0)
|   |   att143 = 1: 2 (0.0)
|   |   att143 = 2: 2 (0.0)
|   |   att143 = 3: 2 (0.0)
|   |   att143 = 4: 2 (0.0)
|   |   att143 = 5: 2 (0.0)
|   |   att143 = 6
|   |   |   att33 = 0: 2 (6.0)
|   |   |   att33 = 1: 2 (0.0)
|   |   |   att33 = 2: 2 (0.0)
|   |   |   att33 = 3: 2 (0.0)
|   |   |   att33 = 4: 2 (0.0)
|   |   |   att33 = 5: 2 (0.0)
|   |   |   att33 = 6: 10 (2.0)
att153 = 3
|   att178 = 0
|   |   att138 = 0: 3 (13.0/1.0)
|   |   att138 = 1: 8 (2.0)
|   |   att138 = 2: 3 (0.0)
|   |   att138 = 3: 3 (0.0)
|   |   att138 = 4: 3 (0.0)
|   |   att138 = 5: 3 (0.0)
|   |   att138 = 6: 3 (0.0)
|   att178 = 1: 3 (0.0)
|   att178 = 2: 3 (0.0)
|   att178 = 3: 3 (0.0)
|   att178 = 4: 3 (0.0)
|   att178 = 5: 9 (1.0)
|   att178 = 6
|   |   att232 = 0: 5 (4.0)
|   |   att232 = 1: 9 (0.0)
|   |   att232 = 2: 9 (2.0)
|   |   att232 = 3: 9 (0.0)
|   |   att232 = 4
|   |   |   att144 = 0
|   |   |   |   att82 = 0: 1 (4.0)
|   |   |   |   att82 = 1: 1 (0.0)
|   |   |   |   att82 = 2: 1 (0.0)
|   |   |   |   att82 = 3: 1 (0.0)
|   |   |   |   att82 = 4: 1 (0.0)
|   |   |   |   att82 = 5: 6 (1.0)
|   |   |   |   att82 = 6
|   |   |   |   |   att92 = 0: 9 (4.0)
|   |   |   |   |   att92 = 1: 9 (0.0)
|   |   |   |   |   att92 = 2: 9 (0.0)
|   |   |   |   |   att92 = 3: 9 (0.0)
|   |   |   |   |   att92 = 4: 9 (0.0)
|   |   |   |   |   att92 = 5: 6 (1.0)
|   |   |   |   |   att92 = 6: 6 (2.0)
|   |   |   att144 = 1: 9 (0.0)
|   |   |   att144 = 2: 9 (0.0)
|   |   |   att144 = 3: 9 (0.0)
|   |   |   att144 = 4: 9 (0.0)
|   |   |   att144 = 5: 7 (1.0)
|   |   |   att144 = 6: 9 (3.0)
att153 = 4
|   att72 = 0
|   |   att170 = 0
|   |   |   att27 = 0: 5 (5.0)
|   |   |   att27 = 1: 5 (0.0)
|   |   |   att27 = 2: 5 (0.0)
|   |   |   att27 = 3: 5 (0.0)
|   |   |   att27 = 4: 5 (0.0)
|   |   |   att27 = 5: 5 (0.0)
|   |   |   att27 = 6: 6 (3.0)
|   |   att170 = 1: 5 (0.0)
|   |   att170 = 2: 5 (0.0)
|   |   att170 = 3: 5 (0.0)
|   |   att170 = 4: 5 (0.0)
|   |   att170 = 5: 5 (0.0)
|   |   att170 = 6: 7 (4.0/1.0)
|   att72 = 1: 2 (0.0)
|   att72 = 2: 6 (1.0)
|   att72 = 3: 3 (1.0)
|   att72 = 4: 4 (1.0)
|   att72 = 5: 2 (0.0)
|   att72 = 6
|   |   att199 = 0: 2 (6.0)
|   |   att199 = 1: 2 (0.0)
|   |   att199 = 2: 2 (0.0)
|   |   att199 = 3: 9 (1.0)
|   |   att199 = 4: 2 (0.0)
|   |   att199 = 5: 2 (0.0)
|   |   att199 = 6
|   |   |   att49 = 0: 5 (2.0/1.0)
|   |   |   att49 = 1: 9 (0.0)
|   |   |   att49 = 2: 9 (0.0)
|   |   |   att49 = 3: 3 (1.0)
|   |   |   att49 = 4: 9 (0.0)
|   |   |   att49 = 5: 9 (0.0)
|   |   |   att49 = 6: 9 (4.0)
att153 = 5
|   att148 = 0
|   |   att107 = 0
|   |   |   att20 = 0: 5 (2.0)
|   |   |   att20 = 1: 3 (1.0)
|   |   |   att20 = 2: 3 (0.0)
|   |   |   att20 = 3: 3 (0.0)
|   |   |   att20 = 4: 3 (0.0)
|   |   |   att20 = 5: 3 (0.0)
|   |   |   att20 = 6: 3 (11.0)
|   |   att107 = 1: 3 (0.0)
|   |   att107 = 2: 3 (0.0)
|   |   att107 = 3: 3 (0.0)
|   |   att107 = 4: 3 (0.0)
|   |   att107 = 5: 3 (0.0)
|   |   att107 = 6: 2 (2.0/1.0)
|   att148 = 1: 2 (1.0)
|   att148 = 2: 3 (0.0)
|   att148 = 3: 3 (0.0)
|   att148 = 4: 5 (1.0)
|   att148 = 5: 3 (0.0)
|   att148 = 6
|   |   att232 = 0: 5 (4.0)
|   |   att232 = 1: 6 (1.0)
|   |   att232 = 2: 1 (1.0)
|   |   att232 = 3: 1 (0.0)
|   |   att232 = 4
|   |   |   att73 = 0
|   |   |   |   att61 = 0: 7 (3.0)
|   |   |   |   att61 = 1: 7 (0.0)
|   |   |   |   att61 = 2: 7 (0.0)
|   |   |   |   att61 = 3: 7 (0.0)
|   |   |   |   att61 = 4: 7 (0.0)
|   |   |   |   att61 = 5: 6 (2.0)
|   |   |   |   att61 = 6: 7 (0.0)
|   |   |   att73 = 1: 9 (0.0)
|   |   |   att73 = 2: 9 (0.0)
|   |   |   att73 = 3: 9 (1.0)
|   |   |   att73 = 4: 6 (1.0)
|   |   |   att73 = 5: 9 (0.0)
|   |   |   att73 = 6
|   |   |   |   att99 = 0: 1 (3.0)
|   |   |   |   att99 = 1: 1 (0.0)
|   |   |   |   att99 = 2: 1 (0.0)
|   |   |   |   att99 = 3: 1 (0.0)
|   |   |   |   att99 = 4: 1 (0.0)
|   |   |   |   att99 = 5: 1 (0.0)
|   |   |   |   att99 = 6: 9 (3.0)
att153 = 6
|   att215 = 0
|   |   att86 = 0: 5 (132.0)
|   |   att86 = 1: 5 (3.0)
|   |   att86 = 2: 5 (3.0)
|   |   att86 = 3: 5 (3.0/1.0)
|   |   att86 = 4
|   |   |   att141 = 0: 2 (0.0)
|   |   |   att141 = 1: 2 (0.0)
|   |   |   att141 = 2: 2 (0.0)
|   |   |   att141 = 3: 2 (0.0)
|   |   |   att141 = 4: 2 (0.0)
|   |   |   att141 = 5: 5 (2.0)
|   |   |   att141 = 6: 2 (3.0)
|   |   att86 = 5: 5 (4.0)
|   |   att86 = 6
|   |   |   att129 = 0: 1 (5.0/3.0)
|   |   |   att129 = 1: 5 (4.0)
|   |   |   att129 = 2: 5 (1.0)
|   |   |   att129 = 3: 5 (2.0)
|   |   |   att129 = 4: 2 (0.0)
|   |   |   att129 = 5: 2 (0.0)
|   |   |   att129 = 6: 2 (26.0)
|   att215 = 1: 1 (0.0)
|   att215 = 2
|   |   att42 = 0: 5 (6.0)
|   |   att42 = 1: 5 (0.0)
|   |   att42 = 2: 5 (0.0)
|   |   att42 = 3: 5 (0.0)
|   |   att42 = 4: 5 (0.0)
|   |   att42 = 5: 5 (0.0)
|   |   att42 = 6: 1 (2.0/1.0)
|   att215 = 3
|   |   att49 = 0
|   |   |   att27 = 0: 5 (2.0)
|   |   |   att27 = 1: 2 (0.0)
|   |   |   att27 = 2: 2 (0.0)
|   |   |   att27 = 3: 2 (0.0)
|   |   |   att27 = 4: 2 (0.0)
|   |   |   att27 = 5: 2 (0.0)
|   |   |   att27 = 6: 2 (3.0)
|   |   att49 = 1: 9 (1.0)
|   |   att49 = 2: 1 (0.0)
|   |   att49 = 3: 1 (0.0)
|   |   att49 = 4: 1 (0.0)
|   |   att49 = 5: 4 (1.0)
|   |   att49 = 6
|   |   |   att56 = 0: 7 (2.0)
|   |   |   att56 = 1: 9 (1.0)
|   |   |   att56 = 2: 1 (0.0)
|   |   |   att56 = 3: 1 (0.0)
|   |   |   att56 = 4: 1 (0.0)
|   |   |   att56 = 5: 1 (0.0)
|   |   |   att56 = 6: 1 (3.0)
|   att215 = 4
|   |   att116 = 0: 5 (7.0)
|   |   att116 = 1: 5 (0.0)
|   |   att116 = 2: 5 (0.0)
|   |   att116 = 3: 5 (0.0)
|   |   att116 = 4: 5 (0.0)
|   |   att116 = 5: 5 (0.0)
|   |   att116 = 6
|   |   |   att107 = 0: 9 (2.0)
|   |   |   att107 = 1: 1 (0.0)
|   |   |   att107 = 2: 1 (0.0)
|   |   |   att107 = 3: 2 (1.0)
|   |   |   att107 = 4: 9 (1.0)
|   |   |   att107 = 5: 1 (0.0)
|   |   |   att107 = 6: 1 (3.0)
|   att215 = 5
|   |   att73 = 0
|   |   |   att175 = 0: 7 (4.0)
|   |   |   att175 = 1: 7 (0.0)
|   |   |   att175 = 2: 7 (0.0)
|   |   |   att175 = 3: 7 (0.0)
|   |   |   att175 = 4: 7 (0.0)
|   |   |   att175 = 5: 7 (0.0)
|   |   |   att175 = 6: 6 (4.0/1.0)
|   |   att73 = 1: 1 (0.0)
|   |   att73 = 2: 1 (0.0)
|   |   att73 = 3: 1 (0.0)
|   |   att73 = 4: 1 (0.0)
|   |   att73 = 5: 1 (0.0)
|   |   att73 = 6
|   |   |   att157 = 0
|   |   |   |   att77 = 0: 9 (3.0)
|   |   |   |   att77 = 1: 1 (0.0)
|   |   |   |   att77 = 2: 1 (0.0)
|   |   |   |   att77 = 3: 1 (0.0)
|   |   |   |   att77 = 4: 1 (0.0)
|   |   |   |   att77 = 5: 9 (1.0)
|   |   |   |   att77 = 6: 1 (4.0)
|   |   |   att157 = 1: 1 (0.0)
|   |   |   att157 = 2: 1 (0.0)
|   |   |   att157 = 3: 1 (0.0)
|   |   |   att157 = 4: 1 (0.0)
|   |   |   att157 = 5: 1 (0.0)
|   |   |   att157 = 6: 2 (2.0)
|   att215 = 6
|   |   att72 = 0
|   |   |   att74 = 0
|   |   |   |   att138 = 0: 7 (0.0)
|   |   |   |   att138 = 1: 7 (0.0)
|   |   |   |   att138 = 2
|   |   |   |   |   att27 = 0: 5 (2.0/1.0)
|   |   |   |   |   att27 = 1: 4 (0.0)
|   |   |   |   |   att27 = 2: 4 (0.0)
|   |   |   |   |   att27 = 3: 4 (0.0)
|   |   |   |   |   att27 = 4: 4 (0.0)
|   |   |   |   |   att27 = 5: 4 (0.0)
|   |   |   |   |   att27 = 6: 4 (2.0/1.0)
|   |   |   |   att138 = 3: 5 (1.0)
|   |   |   |   att138 = 4: 7 (0.0)
|   |   |   |   att138 = 5: 3 (1.0)
|   |   |   |   att138 = 6
|   |   |   |   |   att168 = 0: 6 (4.0)
|   |   |   |   |   att168 = 1: 6 (2.0)
|   |   |   |   |   att168 = 2: 6 (2.0)
|   |   |   |   |   att168 = 3: 7 (1.0)
|   |   |   |   |   att168 = 4: 7 (0.0)
|   |   |   |   |   att168 = 5: 7 (0.0)
|   |   |   |   |   att168 = 6: 7 (178.0/4.0)
|   |   |   att74 = 1: 7 (0.0)
|   |   |   att74 = 2: 7 (0.0)
|   |   |   att74 = 3: 7 (0.0)
|   |   |   att74 = 4: 7 (0.0)
|   |   |   att74 = 5: 7 (0.0)
|   |   |   att74 = 6: 9 (5.0)
|   |   att72 = 1
|   |   |   att88 = 0: 9 (2.0)
|   |   |   att88 = 1: 1 (0.0)
|   |   |   att88 = 2: 1 (0.0)
|   |   |   att88 = 3: 4 (1.0)
|   |   |   att88 = 4: 1 (1.0)
|   |   |   att88 = 5: 6 (3.0/1.0)
|   |   |   att88 = 6: 1 (1.0)
|   |   att72 = 2
|   |   |   att16 = 0: 7 (2.0/1.0)
|   |   |   att16 = 1: 6 (0.0)
|   |   |   att16 = 2: 6 (0.0)
|   |   |   att16 = 3: 6 (0.0)
|   |   |   att16 = 4: 6 (0.0)
|   |   |   att16 = 5: 6 (2.0/1.0)
|   |   |   att16 = 6: 6 (0.0)
|   |   att72 = 3
|   |   |   att114 = 0: 1 (7.0)
|   |   |   att114 = 1: 9 (0.0)
|   |   |   att114 = 2: 9 (1.0)
|   |   |   att114 = 3: 9 (0.0)
|   |   |   att114 = 4: 7 (1.0)
|   |   |   att114 = 5: 9 (0.0)
|   |   |   att114 = 6
|   |   |   |   att147 = 0: 3 (3.0)
|   |   |   |   att147 = 1: 9 (0.0)
|   |   |   |   att147 = 2: 9 (0.0)
|   |   |   |   att147 = 3: 9 (0.0)
|   |   |   |   att147 = 4: 9 (0.0)
|   |   |   |   att147 = 5: 9 (0.0)
|   |   |   |   att147 = 6: 9 (13.0/1.0)
|   |   att72 = 4
|   |   |   att106 = 0: 9 (6.0)
|   |   |   att106 = 1: 9 (0.0)
|   |   |   att106 = 2: 9 (0.0)
|   |   |   att106 = 3: 1 (2.0)
|   |   |   att106 = 4: 7 (1.0)
|   |   |   att106 = 5: 9 (0.0)
|   |   |   att106 = 6: 1 (1.0)
|   |   att72 = 5: 9 (4.0/1.0)
|   |   att72 = 6
|   |   |   att113 = 0
|   |   |   |   att128 = 0
|   |   |   |   |   att158 = 0
|   |   |   |   |   |   att83 = 0: 1 (157.0)
|   |   |   |   |   |   att83 = 1: 1 (0.0)
|   |   |   |   |   |   att83 = 2: 1 (0.0)
|   |   |   |   |   |   att83 = 3: 1 (0.0)
|   |   |   |   |   |   att83 = 4: 1 (0.0)
|   |   |   |   |   |   att83 = 5: 1 (0.0)
|   |   |   |   |   |   att83 = 6
|   |   |   |   |   |   |   att33 = 0: 1 (2.0)
|   |   |   |   |   |   |   att33 = 1: 9 (0.0)
|   |   |   |   |   |   |   att33 = 2: 9 (0.0)
|   |   |   |   |   |   |   att33 = 3: 9 (0.0)
|   |   |   |   |   |   |   att33 = 4: 9 (0.0)
|   |   |   |   |   |   |   att33 = 5: 9 (0.0)
|   |   |   |   |   |   |   att33 = 6: 9 (3.0)
|   |   |   |   |   att158 = 1: 1 (0.0)
|   |   |   |   |   att158 = 2: 4 (1.0)
|   |   |   |   |   att158 = 3: 1 (0.0)
|   |   |   |   |   att158 = 4: 1 (0.0)
|   |   |   |   |   att158 = 5: 1 (2.0)
|   |   |   |   |   att158 = 6: 1 (0.0)
|   |   |   |   att128 = 1: 1 (0.0)
|   |   |   |   att128 = 2: 1 (0.0)
|   |   |   |   att128 = 3: 9 (1.0)
|   |   |   |   att128 = 4: 1 (0.0)
|   |   |   |   att128 = 5: 9 (1.0)
|   |   |   |   att128 = 6: 9 (2.0)
|   |   |   att113 = 1: 9 (7.0)
|   |   |   att113 = 2: 9 (3.0)
|   |   |   att113 = 3
|   |   |   |   att95 = 0: 3 (3.0)
|   |   |   |   att95 = 1: 3 (0.0)
|   |   |   |   att95 = 2: 3 (0.0)
|   |   |   |   att95 = 3: 3 (0.0)
|   |   |   |   att95 = 4: 3 (0.0)
|   |   |   |   att95 = 5: 4 (1.0)
|   |   |   |   att95 = 6: 9 (3.0)
|   |   |   att113 = 4: 9 (3.0)
|   |   |   att113 = 5: 9 (10.0)
|   |   |   att113 = 6
|   |   |   |   att172 = 0
|   |   |   |   |   att96 = 0: 3 (8.0)
|   |   |   |   |   att96 = 1: 9 (1.0)
|   |   |   |   |   att96 = 2: 9 (1.0)
|   |   |   |   |   att96 = 3: 9 (1.0)
|   |   |   |   |   att96 = 4: 3 (3.0/2.0)
|   |   |   |   |   att96 = 5: 9 (5.0)
|   |   |   |   |   att96 = 6: 9 (83.0/1.0)
|   |   |   |   att172 = 1: 3 (3.0/1.0)
|   |   |   |   att172 = 2: 9 (1.0)
|   |   |   |   att172 = 3: 3 (4.0)
|   |   |   |   att172 = 4: 9 (0.0)
|   |   |   |   att172 = 5: 2 (2.0)
|   |   |   |   att172 = 6
|   |   |   |   |   att32 = 0: 2 (6.0/1.0)
|   |   |   |   |   att32 = 1: 2 (0.0)
|   |   |   |   |   att32 = 2: 2 (0.0)
|   |   |   |   |   att32 = 3: 2 (0.0)
|   |   |   |   |   att32 = 4: 2 (0.0)
|   |   |   |   |   att32 = 5: 2 (0.0)
|   |   |   |   |   att32 = 6: 3 (5.0)

Number of Leaves  : 	708

Size of the tree : 	828


Time taken to build model: 0.8 seconds
Time taken to test model on training data: 0.21 seconds

=== Error on training data ===

Correctly Classified Instances        1908               95.4    %
Incorrectly Classified Instances        92                4.6    %
Kappa statistic                          0.9489
Mean absolute error                      0.0139
Root mean squared error                  0.0833
Relative absolute error                  7.7133 %
Root relative squared error             27.7727 %
Total Number of Instances             2000     


=== Detailed Accuracy By Class ===

               TP Rate   FP Rate   Precision   Recall  F-Measure   ROC Area  Class
                 0.975     0.003      0.975     0.975     0.975      0.999    1
                 0.9       0.006      0.947     0.9       0.923      0.992    2
                 0.975     0.007      0.942     0.975     0.958      0.999    3
                 0.97      0.006      0.951     0.97      0.96       0.997    4
                 0.955     0.002      0.985     0.955     0.97       0.999    5
                 0.945     0.011      0.909     0.945     0.926      0.996    6
                 0.98      0.005      0.956     0.98      0.968      0.999    7
                 0.935     0.004      0.959     0.935     0.947      0.997    8
                 0.945     0.002      0.979     0.945     0.962      0.999    9
                 0.96      0.007      0.941     0.96      0.95       0.998    10
Weighted Avg.    0.954     0.005      0.954     0.954     0.954      0.997


=== Confusion Matrix ===

   a   b   c   d   e   f   g   h   i   j   <-- classified as
 195   0   1   1   0   0   1   0   2   0 |   a = 1
   1 180   1   2   1   7   3   0   0   5 |   b = 2
   0   1 195   0   0   0   0   3   0   1 |   c = 3
   0   1   2 194   0   1   0   2   0   0 |   d = 4
   3   0   1   1 191   2   1   0   0   1 |   e = 5
   1   2   1   3   0 189   1   0   0   3 |   f = 6
   0   0   0   0   1   1 196   0   2   0 |   g = 7
   0   2   2   3   1   3   0 187   0   2 |   h = 8
   0   2   3   0   0   3   3   0 189   0 |   i = 9
   0   2   1   0   0   2   0   3   0 192 |   j = 10



=== Stratified cross-validation ===

Correctly Classified Instances        1573               78.65   %
Incorrectly Classified Instances       427               21.35   %
Kappa statistic                          0.7628
Mean absolute error                      0.0475
Root mean squared error                  0.189 
Relative absolute error                 26.3909 %
Root relative squared error             62.992  %
Total Number of Instances             2000     


=== Detailed Accuracy By Class ===

               TP Rate   FP Rate   Precision   Recall  F-Measure   ROC Area  Class
                 0.855     0.018      0.842     0.855     0.849      0.932    1
                 0.71      0.04       0.664     0.71      0.686      0.848    2
                 0.79      0.041      0.684     0.79      0.733      0.907    3
                 0.79      0.026      0.771     0.79      0.78       0.915    4
                 0.825     0.012      0.882     0.825     0.853      0.926    5
                 0.71      0.033      0.706     0.71      0.708      0.881    6
                 0.88      0.011      0.898     0.88      0.889      0.948    7
                 0.735     0.017      0.826     0.735     0.778      0.912    8
                 0.725     0.021      0.792     0.725     0.757      0.881    9
                 0.845     0.018      0.837     0.845     0.841      0.947    10
Weighted Avg.    0.787     0.024      0.79      0.787     0.787      0.91 


=== Confusion Matrix ===

   a   b   c   d   e   f   g   h   i   j   <-- classified as
 171   1   2   2   4   6   1   0  13   0 |   a = 1
   1 142  11  12   9  10   2   1   3   9 |   b = 2
   0   7 158   5   1   5   3  11   6   4 |   c = 3
   2  18   5 158   2   5   0   8   1   1 |   d = 4
   2  14   4   2 165   8   3   0   1   1 |   e = 5
   5  12  14   8   2 142   7   0   8   2 |   f = 6
   3   3   2   2   0   8 176   0   6   0 |   g = 7
   0   3  20  13   0   2   0 147   0  15 |   h = 8
  19   8  10   3   3   7   4   0 145   1 |   i = 9
   0   6   5   0   1   8   0  11   0 169 |   j = 10

