monks-problems-2_test

J48 pruned tree
------------------

class = 0
|   attr3 = 1: 1 (148.0/64.0)
|   attr3 = 2
|   |   attr1 = 1
|   |   |   attr2 = 1: 1 (18.0/6.0)
|   |   |   attr2 = 2
|   |   |   |   attr4 = 1: 1 (5.0/1.0)
|   |   |   |   attr4 = 2: 2 (4.0/1.0)
|   |   |   |   attr4 = 3: 2 (4.0/1.0)
|   |   |   attr2 = 3
|   |   |   |   attr4 = 1: 1 (5.0/1.0)
|   |   |   |   attr4 = 2: 2 (4.0/1.0)
|   |   |   |   attr4 = 3: 2 (4.0/1.0)
|   |   attr1 = 2: 2 (49.0/20.0)
|   |   attr1 = 3: 2 (49.0/20.0)
class = 1
|   attr3 = 1
|   |   attr1 = 1: 2 (12.0)
|   |   attr1 = 2
|   |   |   attr2 = 1: 2 (6.0)
|   |   |   attr2 = 2
|   |   |   |   attr4 = 1: 2 (3.0)
|   |   |   |   attr4 = 2: 1 (4.0/1.0)
|   |   |   |   attr4 = 3: 1 (4.0/1.0)
|   |   |   attr2 = 3
|   |   |   |   attr4 = 1: 2 (3.0)
|   |   |   |   attr4 = 2: 1 (4.0/1.0)
|   |   |   |   attr4 = 3: 1 (4.0/1.0)
|   |   attr1 = 3
|   |   |   attr2 = 1: 2 (6.0)
|   |   |   attr2 = 2
|   |   |   |   attr4 = 1: 2 (3.0)
|   |   |   |   attr4 = 2: 1 (4.0/1.0)
|   |   |   |   attr4 = 3: 1 (4.0/1.0)
|   |   |   attr2 = 3
|   |   |   |   attr4 = 1: 2 (3.0)
|   |   |   |   attr4 = 2: 1 (4.0/1.0)
|   |   |   |   attr4 = 3: 1 (4.0/1.0)
|   attr3 = 2
|   |   attr1 = 1
|   |   |   attr2 = 1: 2 (6.0)
|   |   |   attr2 = 2
|   |   |   |   attr4 = 1: 2 (3.0)
|   |   |   |   attr4 = 2: 1 (4.0/1.0)
|   |   |   |   attr4 = 3: 1 (4.0/1.0)
|   |   |   attr2 = 3
|   |   |   |   attr4 = 1: 2 (3.0)
|   |   |   |   attr4 = 2: 1 (4.0/1.0)
|   |   |   |   attr4 = 3: 1 (4.0/1.0)
|   |   attr1 = 2: 1 (23.0/7.0)
|   |   attr1 = 3: 1 (23.0/7.0)

Number of Leaves  : 	34

Size of the tree : 	52


Time taken to build model: 0.05 seconds
Time taken to test model on training data: 0.03 seconds

=== Error on training data ===

Correctly Classified Instances         290               67.1296 %
Incorrectly Classified Instances       142               32.8704 %
Kappa statistic                          0.3426
Mean absolute error                      0.4043
Root mean squared error                  0.4496
Relative absolute error                 80.8675 %
Root relative squared error             89.9264 %
Total Number of Instances              432     


=== Detailed Accuracy By Class ===

               TP Rate   FP Rate   Precision   Recall  F-Measure   ROC Area  Class
                 0.796     0.454      0.637     0.796     0.708      0.73     1
                 0.546     0.204      0.728     0.546     0.624      0.73     2
Weighted Avg.    0.671     0.329      0.683     0.671     0.666      0.73 


=== Confusion Matrix ===

   a   b   <-- classified as
 172  44 |   a = 1
  98 118 |   b = 2



=== Stratified cross-validation ===

Correctly Classified Instances         207               47.9167 %
Incorrectly Classified Instances       225               52.0833 %
Kappa statistic                         -0.0417
Mean absolute error                      0.5155
Root mean squared error                  0.5486
Relative absolute error                103.0894 %
Root relative squared error            109.7176 %
Total Number of Instances              432     


=== Detailed Accuracy By Class ===

               TP Rate   FP Rate   Precision   Recall  F-Measure   ROC Area  Class
                 0.597     0.639      0.483     0.597     0.534      0.447    1
                 0.361     0.403      0.473     0.361     0.409      0.447    2
Weighted Avg.    0.479     0.521      0.478     0.479     0.472      0.447


=== Confusion Matrix ===

   a   b   <-- classified as
 129  87 |   a = 1
 138  78 |   b = 2

