ecoli

J48 pruned tree
------------------

alm1 <= 0.57
|   gvh <= 0.58
|   |   lip <= 0.48
|   |   |   mcg <= 0.62: cp (145.0/6.0)
|   |   |   mcg > 0.62
|   |   |   |   aac <= 0.62
|   |   |   |   |   mcg <= 0.69: cp (4.0/1.0)
|   |   |   |   |   mcg > 0.69: pp (4.0/1.0)
|   |   |   |   aac > 0.62: om (4.0)
|   |   lip > 0.48: omL (4.0/1.0)
|   gvh > 0.58
|   |   aac <= 0.64: pp (44.0/3.0)
|   |   aac > 0.64: om (12.0)
alm1 > 0.57
|   lip <= 0.48
|   |   mcg <= 0.61
|   |   |   aac <= 0.58: im (41.0)
|   |   |   aac > 0.58
|   |   |   |   mcg <= 0.55: im (14.0/1.0)
|   |   |   |   mcg > 0.55: imU (2.0)
|   |   mcg > 0.61
|   |   |   alm2 <= 0.59: pp (4.0/1.0)
|   |   |   alm2 > 0.59
|   |   |   |   mcg <= 0.74
|   |   |   |   |   gvh <= 0.53
|   |   |   |   |   |   mcg <= 0.67
|   |   |   |   |   |   |   alm2 <= 0.82: imU (9.0/2.0)
|   |   |   |   |   |   |   alm2 > 0.82: im (2.0)
|   |   |   |   |   |   mcg > 0.67
|   |   |   |   |   |   |   aac <= 0.56: im (5.0)
|   |   |   |   |   |   |   aac > 0.56
|   |   |   |   |   |   |   |   mcg <= 0.71: im (6.0/2.0)
|   |   |   |   |   |   |   |   mcg > 0.71: imU (2.0)
|   |   |   |   |   gvh > 0.53: im (6.0/1.0)
|   |   |   |   mcg > 0.74
|   |   |   |   |   alm1 <= 0.72
|   |   |   |   |   |   mcg <= 0.81: imU (5.0)
|   |   |   |   |   |   mcg > 0.81: im (3.0)
|   |   |   |   |   alm1 > 0.72: imU (14.0)
|   lip > 0.48
|   |   mcg <= 0.63: im (3.0/2.0)
|   |   mcg > 0.63: omL (3.0/1.0)

Number of Leaves  : 	22

Size of the tree : 	43


Time taken to build model: 0.17 seconds
Time taken to test model on training data: 0.04 seconds

=== Error on training data ===

Correctly Classified Instances         314               93.4524 %
Incorrectly Classified Instances        22                6.5476 %
Kappa statistic                          0.909 
Mean absolute error                      0.0269
Root mean squared error                  0.116 
Relative absolute error                 14.7333 %
Root relative squared error             38.472  %
Total Number of Instances              336     


=== Detailed Accuracy By Class ===

               TP Rate   FP Rate   Precision   Recall  F-Measure   ROC Area  Class
                 0.993     0.036      0.953     0.993     0.973      0.983    cp
                 0.961     0.023      0.925     0.961     0.943      0.989    im
                 0.904     0.018      0.904     0.904     0.904      0.976    pp
                 0.857     0.007      0.938     0.857     0.896      0.988    imU
                 0.8       0          1         0.8       0.889      0.991    om
                 1         0.006      0.714     1         0.833      0.997    omL
                 0         0          0         0         0          0.993    imL
                 0         0          0         0         0          0.987    imS
Weighted Avg.    0.935     0.024      0.925     0.935     0.928      0.985


=== Confusion Matrix ===

   a   b   c   d   e   f   g   h   <-- classified as
 142   0   1   0   0   0   0   0 |   a = cp
   2  74   0   1   0   0   0   0 |   b = im
   4   1  47   0   0   0   0   0 |   c = pp
   1   4   0  30   0   0   0   0 |   d = imU
   0   1   3   0  16   0   0   0 |   e = om
   0   0   0   0   0   5   0   0 |   f = omL
   0   0   0   0   0   2   0   0 |   g = imL
   0   0   1   1   0   0   0   0 |   h = imS



=== Stratified cross-validation ===

Correctly Classified Instances         283               84.2262 %
Incorrectly Classified Instances        53               15.7738 %
Kappa statistic                          0.7824
Mean absolute error                      0.0486
Root mean squared error                  0.1851
Relative absolute error                 26.5877 %
Root relative squared error             61.3413 %
Total Number of Instances              336     


=== Detailed Accuracy By Class ===

               TP Rate   FP Rate   Precision   Recall  F-Measure   ROC Area  Class
                 0.951     0.036      0.951     0.951     0.951      0.962    cp
                 0.844     0.066      0.793     0.844     0.818      0.907    im
                 0.865     0.032      0.833     0.865     0.849      0.904    pp
                 0.571     0.03       0.69      0.571     0.625      0.855    imU
                 0.7       0.028      0.609     0.7       0.651      0.89     om
                 0.6       0.006      0.6       0.6       0.6        0.993    omL
                 0         0          0         0         0          0.49     imL
                 0         0          0         0         0          0.479    imS
Weighted Avg.    0.842     0.04       0.832     0.842     0.836      0.92 


=== Confusion Matrix ===

   a   b   c   d   e   f   g   h   <-- classified as
 136   0   4   0   3   0   0   0 |   a = cp
   2  65   0   8   2   0   0   0 |   b = im
   4   2  45   0   1   0   0   0 |   c = pp
   1  12   1  20   1   0   0   0 |   d = imU
   0   3   3   0  14   0   0   0 |   e = om
   0   0   0   0   2   3   0   0 |   f = omL
   0   0   0   0   0   2   0   0 |   g = imL
   0   0   1   1   0   0   0   0 |   h = imS

