mfeat-morphological

J48 pruned tree
------------------

att1 <= 0
|   att5 <= 1.548576: 2 (202.0/15.0)
|   att5 > 1.548576
|   |   att6 <= 8574.682952
|   |   |   att6 <= 5804.513685
|   |   |   |   att5 <= 1.609052
|   |   |   |   |   att2 <= 2
|   |   |   |   |   |   att4 <= 144.472861
|   |   |   |   |   |   |   att6 <= 4528.578862: 8 (3.0/1.0)
|   |   |   |   |   |   |   att6 > 4528.578862: 2 (3.0/1.0)
|   |   |   |   |   |   att4 > 144.472861
|   |   |   |   |   |   |   att6 <= 5120.638273: 8 (7.0)
|   |   |   |   |   |   |   att6 > 5120.638273: 5 (3.0/1.0)
|   |   |   |   |   att2 > 2
|   |   |   |   |   |   att5 <= 1.589619: 5 (3.0)
|   |   |   |   |   |   att5 > 1.589619: 2 (2.0)
|   |   |   |   att5 > 1.609052: 8 (104.0/6.0)
|   |   |   att6 > 5804.513685
|   |   |   |   att2 <= 2
|   |   |   |   |   att4 <= 163.296861
|   |   |   |   |   |   att5 <= 1.773592
|   |   |   |   |   |   |   att6 <= 6493.591741
|   |   |   |   |   |   |   |   att4 <= 155.794861: 5 (22.0/8.0)
|   |   |   |   |   |   |   |   att4 > 155.794861
|   |   |   |   |   |   |   |   |   att5 <= 1.643385: 4 (4.0/1.0)
|   |   |   |   |   |   |   |   |   att5 > 1.643385
|   |   |   |   |   |   |   |   |   |   att5 <= 1.743657: 8 (7.0/1.0)
|   |   |   |   |   |   |   |   |   |   att5 > 1.743657: 4 (2.0/1.0)
|   |   |   |   |   |   |   att6 > 6493.591741
|   |   |   |   |   |   |   |   att4 <= 161.344861: 5 (16.0/2.0)
|   |   |   |   |   |   |   |   att4 > 161.344861
|   |   |   |   |   |   |   |   |   att6 <= 7329.973134: 3 (6.0/2.0)
|   |   |   |   |   |   |   |   |   att6 > 7329.973134: 5 (2.0)
|   |   |   |   |   |   att5 > 1.773592
|   |   |   |   |   |   |   att6 <= 7329.973134: 8 (21.0/5.0)
|   |   |   |   |   |   |   att6 > 7329.973134: 5 (5.0/2.0)
|   |   |   |   |   att4 > 163.296861
|   |   |   |   |   |   att6 <= 7908.003397
|   |   |   |   |   |   |   att5 <= 1.703938
|   |   |   |   |   |   |   |   att5 <= 1.639492: 4 (2.0/1.0)
|   |   |   |   |   |   |   |   att5 > 1.639492: 3 (2.0)
|   |   |   |   |   |   |   att5 > 1.703938: 8 (50.0/6.0)
|   |   |   |   |   |   att6 > 7908.003397
|   |   |   |   |   |   |   att4 <= 172.932861
|   |   |   |   |   |   |   |   att6 <= 8306.160447
|   |   |   |   |   |   |   |   |   att6 <= 8105.99096: 6 (3.0/1.0)
|   |   |   |   |   |   |   |   |   att6 > 8105.99096: 4 (5.0)
|   |   |   |   |   |   |   |   att6 > 8306.160447
|   |   |   |   |   |   |   |   |   att5 <= 1.865824: 5 (2.0)
|   |   |   |   |   |   |   |   |   att5 > 1.865824: 3 (2.0)
|   |   |   |   |   |   |   att4 > 172.932861
|   |   |   |   |   |   |   |   att6 <= 8516.526479: 8 (6.0/1.0)
|   |   |   |   |   |   |   |   att6 > 8516.526479: 3 (2.0/1.0)
|   |   |   |   att2 > 2
|   |   |   |   |   att4 <= 162.684861: 5 (106.0/23.0)
|   |   |   |   |   att4 > 162.684861
|   |   |   |   |   |   att4 <= 169.530861
|   |   |   |   |   |   |   att2 <= 3
|   |   |   |   |   |   |   |   att5 <= 1.730179: 4 (7.0/3.0)
|   |   |   |   |   |   |   |   att5 > 1.730179
|   |   |   |   |   |   |   |   |   att4 <= 165.892861
|   |   |   |   |   |   |   |   |   |   att6 <= 6739.807393: 8 (3.0)
|   |   |   |   |   |   |   |   |   |   att6 > 6739.807393: 5 (11.0/2.0)
|   |   |   |   |   |   |   |   |   att4 > 165.892861
|   |   |   |   |   |   |   |   |   |   att4 <= 168.530861
|   |   |   |   |   |   |   |   |   |   |   att4 <= 166.704861: 4 (3.0/1.0)
|   |   |   |   |   |   |   |   |   |   |   att4 > 166.704861: 5 (3.0/1.0)
|   |   |   |   |   |   |   |   |   |   att4 > 168.530861: 8 (2.0)
|   |   |   |   |   |   |   att2 > 3
|   |   |   |   |   |   |   |   att4 <= 164.014861: 4 (4.0)
|   |   |   |   |   |   |   |   att4 > 164.014861: 5 (3.0)
|   |   |   |   |   |   att4 > 169.530861
|   |   |   |   |   |   |   att5 <= 1.743979: 3 (2.0/1.0)
|   |   |   |   |   |   |   att5 > 1.743979
|   |   |   |   |   |   |   |   att5 <= 1.995942: 4 (17.0/2.0)
|   |   |   |   |   |   |   |   att5 > 1.995942: 5 (2.0/1.0)
|   |   att6 > 8574.682952
|   |   |   att3 <= 0
|   |   |   |   att6 <= 11871.42647
|   |   |   |   |   att5 <= 1.884321
|   |   |   |   |   |   att6 <= 9965.915743: 3 (27.0/10.0)
|   |   |   |   |   |   att6 > 9965.915743: 6 (13.0/3.0)
|   |   |   |   |   att5 > 1.884321: 3 (156.0/37.0)
|   |   |   |   att6 > 11871.42647
|   |   |   |   |   att5 <= 2.023512: 6 (22.0/2.0)
|   |   |   |   |   att5 > 2.023512
|   |   |   |   |   |   att6 <= 13029.405324: 3 (27.0/5.0)
|   |   |   |   |   |   att6 > 13029.405324
|   |   |   |   |   |   |   att5 <= 2.196566: 6 (9.0/1.0)
|   |   |   |   |   |   |   att5 > 2.196566: 3 (4.0/1.0)
|   |   |   att3 > 0
|   |   |   |   att6 <= 10477.241338
|   |   |   |   |   att4 <= 170.292861
|   |   |   |   |   |   att6 <= 8728.791999
|   |   |   |   |   |   |   att5 <= 1.862126: 5 (3.0)
|   |   |   |   |   |   |   att5 > 1.862126: 4 (2.0)
|   |   |   |   |   |   att6 > 8728.791999: 5 (27.0/4.0)
|   |   |   |   |   att4 > 170.292861: 4 (87.0/29.0)
|   |   |   |   att6 > 10477.241338
|   |   |   |   |   att2 <= 3
|   |   |   |   |   |   att6 <= 13448.248867
|   |   |   |   |   |   |   att5 <= 2.009862
|   |   |   |   |   |   |   |   att6 <= 11687.239766
|   |   |   |   |   |   |   |   |   att5 <= 1.939374: 6 (14.0/2.0)
|   |   |   |   |   |   |   |   |   att5 > 1.939374: 4 (13.0/4.0)
|   |   |   |   |   |   |   |   att6 > 11687.239766: 6 (27.0/3.0)
|   |   |   |   |   |   |   att5 > 2.009862
|   |   |   |   |   |   |   |   att5 <= 2.01692: 3 (3.0)
|   |   |   |   |   |   |   |   att5 > 2.01692
|   |   |   |   |   |   |   |   |   att6 <= 12568.45198
|   |   |   |   |   |   |   |   |   |   att6 <= 10856.932099: 3 (3.0/1.0)
|   |   |   |   |   |   |   |   |   |   att6 > 10856.932099: 4 (19.0/4.0)
|   |   |   |   |   |   |   |   |   att6 > 12568.45198
|   |   |   |   |   |   |   |   |   |   att4 <= 197.734861: 6 (7.0)
|   |   |   |   |   |   |   |   |   |   att4 > 197.734861
|   |   |   |   |   |   |   |   |   |   |   att5 <= 2.130812: 6 (5.0/2.0)
|   |   |   |   |   |   |   |   |   |   |   att5 > 2.130812
|   |   |   |   |   |   |   |   |   |   |   |   att6 <= 12900.521361
|   |   |   |   |   |   |   |   |   |   |   |   |   att5 <= 2.184971: 4 (2.0)
|   |   |   |   |   |   |   |   |   |   |   |   |   att5 > 2.184971: 6 (2.0)
|   |   |   |   |   |   |   |   |   |   |   |   att6 > 12900.521361: 4 (6.0)
|   |   |   |   |   |   att6 > 13448.248867: 6 (64.0/6.0)
|   |   |   |   |   att2 > 3: 4 (16.0)
att1 > 0
|   att3 <= 0: 1 (197.0)
|   att3 > 0
|   |   att1 <= 1
|   |   |   att4 <= 174.650861
|   |   |   |   att6 <= 2670.501968
|   |   |   |   |   att4 <= 131.536861
|   |   |   |   |   |   att6 <= 2419.457886: 7 (4.0/2.0)
|   |   |   |   |   |   att6 > 2419.457886: 10 (3.0)
|   |   |   |   |   att4 > 131.536861: 9 (3.0)
|   |   |   |   att6 > 2670.501968: 7 (389.0/193.0)
|   |   |   att4 > 174.650861: 9 (5.0/1.0)
|   |   att1 > 1: 9 (192.0)

Number of Leaves  : 	69

Size of the tree : 	137


Time taken to build model: 0.41 seconds
Time taken to test model on training data: 0.07 seconds

=== Error on training data ===

Correctly Classified Instances        1600               80      %
Incorrectly Classified Instances       400               20      %
Kappa statistic                          0.7778
Mean absolute error                      0.0535
Root mean squared error                  0.1636
Relative absolute error                 29.7316 %
Root relative squared error             54.5267 %
Total Number of Instances             2000     


=== Detailed Accuracy By Class ===

               TP Rate   FP Rate   Precision   Recall  F-Measure   ROC Area  Class
                 0.985     0          1         0.985     0.992      1        1
                 0.955     0.009      0.923     0.955     0.939      0.993    2
                 0.88      0.032      0.752     0.88      0.811      0.974    3
                 0.715     0.026      0.757     0.715     0.735      0.954    4
                 0.82      0.024      0.788     0.82      0.804      0.974    5
                 0.73      0.011      0.88      0.73      0.798      0.974    6
                 0.99      0.108      0.504     0.99      0.668      0.945    7
                 0.915     0.011      0.901     0.915     0.908      0.992    8
                 0.995     0.001      0.995     0.995     0.995      1        9
                 0.015     0          1         0.015     0.03       0.941    10
Weighted Avg.    0.8       0.022      0.85      0.8       0.768      0.975


=== Confusion Matrix ===

   a   b   c   d   e   f   g   h   i   j   <-- classified as
 197   0   2   0   0   1   0   0   0   0 |   a = 1
   0 191   1   0   4   0   1   3   0   0 |   b = 2
   0   2 176   9   3   5   2   3   0   0 |   c = 3
   0   2  14 143  20  14   0   7   0   0 |   d = 4
   0   9   3  17 164   0   1   6   0   0 |   e = 5
   0   0  34  14   5 146   0   1   0   0 |   f = 6
   0   1   0   1   0   0 198   0   0   0 |   g = 7
   0   1   1   3  12   0   0 183   0   0 |   h = 8
   0   0   0   0   0   0   1   0 199   0 |   i = 9
   0   1   3   2   0   0 190   0   1   3 |   j = 10



=== Stratified cross-validation ===

Correctly Classified Instances        1441               72.05   %
Incorrectly Classified Instances       559               27.95   %
Kappa statistic                          0.6894
Mean absolute error                      0.0647
Root mean squared error                  0.1999
Relative absolute error                 35.9588 %
Root relative squared error             66.6367 %
Total Number of Instances             2000     


=== Detailed Accuracy By Class ===

               TP Rate   FP Rate   Precision   Recall  F-Measure   ROC Area  Class
                 0.985     0.001      0.995     0.985     0.99       0.992    1
                 0.92      0.012      0.898     0.92      0.909      0.952    2
                 0.715     0.048      0.622     0.715     0.665      0.855    3
                 0.525     0.043      0.574     0.525     0.548      0.834    4
                 0.7       0.042      0.651     0.7       0.675      0.868    5
                 0.585     0.027      0.709     0.585     0.641      0.923    6
                 0.965     0.109      0.496     0.965     0.655      0.935    7
                 0.815     0.023      0.795     0.815     0.805      0.92     8
                 0.985     0.001      0.995     0.985     0.99       0.997    9
                 0.01      0.006      0.167     0.01      0.019      0.917    10
Weighted Avg.    0.721     0.031      0.69      0.721     0.69       0.919


=== Confusion Matrix ===

   a   b   c   d   e   f   g   h   i   j   <-- classified as
 197   0   2   0   0   1   0   0   0   0 |   a = 1
   0 184   2   1   7   0   0   5   0   1 |   b = 2
   1   3 143  21   8  14   2   8   0   0 |   c = 3
   0   2  17 105  34  27   0  13   0   2 |   d = 4
   0  11   7  24 140   2   1  15   0   0 |   e = 5
   0   0  48  24   9 117   0   1   0   1 |   f = 6
   0   1   0   1   0   0 193   0   0   5 |   g = 7
   0   3   8   7  17   2   0 163   0   0 |   h = 8
   0   0   0   0   0   0   2   0 197   1 |   i = 9
   0   1   3   0   0   2 191   0   1   2 |   j = 10

