sick

J48 pruned tree
------------------

T3 <= 1.1
|   T3 measured = t
|   |   TT4 <= 53
|   |   |   TSH <= 19
|   |   |   |   FTI <= 78
|   |   |   |   |   T4U <= 0.67
|   |   |   |   |   |   T3 <= 0.5: sick (3.0/1.0)
|   |   |   |   |   |   T3 > 0.5: negative (2.0)
|   |   |   |   |   T4U > 0.67: sick (7.0)
|   |   |   |   FTI > 78: negative (8.0)
|   |   |   TSH > 19: negative (53.0)
|   |   TT4 > 53
|   |   |   TT4 <= 136
|   |   |   |   referral source = SVHC: sick (9.0)
|   |   |   |   referral source = other
|   |   |   |   |   sick = f
|   |   |   |   |   |   age <= 77
|   |   |   |   |   |   |   query hypothyroid = f
|   |   |   |   |   |   |   |   on thyroxine = f
|   |   |   |   |   |   |   |   |   T3 <= 0.5: sick (5.0/1.0)
|   |   |   |   |   |   |   |   |   T3 > 0.5: negative (21.0/1.0)
|   |   |   |   |   |   |   |   on thyroxine = t: sick (5.0/2.0)
|   |   |   |   |   |   |   query hypothyroid = t: sick (4.0/1.0)
|   |   |   |   |   |   age > 77: sick (8.0)
|   |   |   |   |   sick = t: sick (3.0)
|   |   |   |   referral source = SVI
|   |   |   |   |   FTI <= 151
|   |   |   |   |   |   FTI <= 69
|   |   |   |   |   |   |   FTI <= 61: negative (2.08/0.08)
|   |   |   |   |   |   |   FTI > 61: sick (6.22)
|   |   |   |   |   |   FTI > 69: sick (148.36)
|   |   |   |   |   FTI > 151
|   |   |   |   |   |   age <= 73: negative (5.28/1.28)
|   |   |   |   |   |   age > 73: sick (4.06)
|   |   |   |   referral source = STMW: sick (0.0)
|   |   |   |   referral source = SVHD: sick (3.0)
|   |   |   TT4 > 136
|   |   |   |   T4U measured = t: negative (12.0/1.0)
|   |   |   |   T4U measured = f: sick (2.0)
|   T3 measured = f: negative (79.64/0.31)
T3 > 1.1
|   FTI <= 171
|   |   TT4 <= 56
|   |   |   referral source = SVHC: negative (3.89)
|   |   |   referral source = other: negative (32.25/0.9)
|   |   |   referral source = SVI
|   |   |   |   TSH <= 14: sick (7.79/1.0)
|   |   |   |   TSH > 14: negative (4.98)
|   |   |   referral source = STMW: negative (2.03)
|   |   |   referral source = SVHD: negative (0.01)
|   |   TT4 > 56: negative (3187.63/1.0)
|   FTI > 171
|   |   T3 <= 2.6
|   |   |   on thyroxine = f
|   |   |   |   T3 measured = t
|   |   |   |   |   TSH <= 0.27: sick (19.02/3.02)
|   |   |   |   |   TSH > 0.27: negative (11.76)
|   |   |   |   T3 measured = f: negative (8.79)
|   |   |   on thyroxine = t: negative (19.64)
|   |   T3 > 2.6: negative (83.58)

Number of Leaves  : 	34

Size of the tree : 	61


Time taken to build model: 0.44 seconds
Time taken to test model on training data: 0.07 seconds

=== Error on training data ===

Correctly Classified Instances        3759               99.6554 %
Incorrectly Classified Instances        13                0.3446 %
Kappa statistic                          0.9702
Mean absolute error                      0.0063
Root mean squared error                  0.0535
Relative absolute error                  5.4871 %
Root relative squared error             22.3209 %
Total Number of Instances             3772     


=== Detailed Accuracy By Class ===

               TP Rate   FP Rate   Precision   Recall  F-Measure   ROC Area  Class
                 0.998     0.022      0.999     0.998     0.998      0.997    negative
                 0.978     0.002      0.966     0.978     0.972      0.997    sick
Weighted Avg.    0.997     0.02       0.997     0.997     0.997      0.997


=== Confusion Matrix ===

    a    b   <-- classified as
 3533    8 |    a = negative
    5  226 |    b = sick



=== Stratified cross-validation ===

Correctly Classified Instances        3727               98.807  %
Incorrectly Classified Instances        45                1.193  %
Kappa statistic                          0.8943
Mean absolute error                      0.0146
Root mean squared error                  0.1054
Relative absolute error                 12.685  %
Root relative squared error             43.9447 %
Total Number of Instances             3772     


=== Detailed Accuracy By Class ===

               TP Rate   FP Rate   Precision   Recall  F-Measure   ROC Area  Class
                 0.995     0.117      0.992     0.995     0.994      0.951    negative
                 0.883     0.005      0.919     0.883     0.901      0.951    sick
Weighted Avg.    0.988     0.11       0.988     0.988     0.988      0.951


=== Confusion Matrix ===

    a    b   <-- classified as
 3523   18 |    a = negative
   27  204 |    b = sick

