mfeat-fourier

J48 pruned tree
------------------

att2 <= 0.347439
|   att76 <= 0.22708
|   |   att7 <= 0.532369
|   |   |   att7 <= 0.170618: 2 (10.0/1.0)
|   |   |   att7 > 0.170618
|   |   |   |   att17 <= 0.273618
|   |   |   |   |   att74 <= 0.334226
|   |   |   |   |   |   att73 <= 0.331587
|   |   |   |   |   |   |   att1 <= 0.173903
|   |   |   |   |   |   |   |   att3 <= 0.182855
|   |   |   |   |   |   |   |   |   att1 <= 0.112752: 5 (2.0/1.0)
|   |   |   |   |   |   |   |   |   att1 > 0.112752: 4 (5.0)
|   |   |   |   |   |   |   |   att3 > 0.182855
|   |   |   |   |   |   |   |   |   att74 <= 0.153647
|   |   |   |   |   |   |   |   |   |   att5 <= 0.330868: 4 (2.0/1.0)
|   |   |   |   |   |   |   |   |   |   att5 > 0.330868: 5 (8.0)
|   |   |   |   |   |   |   |   |   att74 > 0.153647
|   |   |   |   |   |   |   |   |   |   att4 <= 0.260354
|   |   |   |   |   |   |   |   |   |   |   att2 <= 0.162839: 7 (18.0/2.0)
|   |   |   |   |   |   |   |   |   |   |   att2 > 0.162839
|   |   |   |   |   |   |   |   |   |   |   |   att65 <= 0.130531
|   |   |   |   |   |   |   |   |   |   |   |   |   att30 <= 0.118446
|   |   |   |   |   |   |   |   |   |   |   |   |   |   att6 <= 0.209038
|   |   |   |   |   |   |   |   |   |   |   |   |   |   |   att15 <= 0.105352
|   |   |   |   |   |   |   |   |   |   |   |   |   |   |   |   att25 <= 0.080551: 7 (4.0/1.0)
|   |   |   |   |   |   |   |   |   |   |   |   |   |   |   |   att25 > 0.080551: 10 (5.0)
|   |   |   |   |   |   |   |   |   |   |   |   |   |   |   att15 > 0.105352: 7 (6.0)
|   |   |   |   |   |   |   |   |   |   |   |   |   |   att6 > 0.209038: 10 (5.0)
|   |   |   |   |   |   |   |   |   |   |   |   |   att30 > 0.118446: 7 (8.0)
|   |   |   |   |   |   |   |   |   |   |   |   att65 > 0.130531: 10 (11.0/1.0)
|   |   |   |   |   |   |   |   |   |   att4 > 0.260354
|   |   |   |   |   |   |   |   |   |   |   att34 <= 0.068996
|   |   |   |   |   |   |   |   |   |   |   |   att1 <= 0.109975: 7 (2.0)
|   |   |   |   |   |   |   |   |   |   |   |   att1 > 0.109975: 5 (2.0)
|   |   |   |   |   |   |   |   |   |   |   att34 > 0.068996: 2 (4.0/1.0)
|   |   |   |   |   |   |   att1 > 0.173903
|   |   |   |   |   |   |   |   att8 <= 0.239284
|   |   |   |   |   |   |   |   |   att11 <= 0.109247: 9 (6.0)
|   |   |   |   |   |   |   |   |   att11 > 0.109247
|   |   |   |   |   |   |   |   |   |   att39 <= 0.062731: 7 (7.0/1.0)
|   |   |   |   |   |   |   |   |   |   att39 > 0.062731: 10 (9.0)
|   |   |   |   |   |   |   |   att8 > 0.239284
|   |   |   |   |   |   |   |   |   att60 <= 0.016246: 7 (7.0/1.0)
|   |   |   |   |   |   |   |   |   att60 > 0.016246
|   |   |   |   |   |   |   |   |   |   att7 <= 0.288987
|   |   |   |   |   |   |   |   |   |   |   att33 <= 0.167746
|   |   |   |   |   |   |   |   |   |   |   |   att24 <= 0.282671: 7 (33.0)
|   |   |   |   |   |   |   |   |   |   |   |   att24 > 0.282671: 10 (5.0/1.0)
|   |   |   |   |   |   |   |   |   |   |   att33 > 0.167746: 10 (4.0)
|   |   |   |   |   |   |   |   |   |   att7 > 0.288987
|   |   |   |   |   |   |   |   |   |   |   att8 <= 0.369946
|   |   |   |   |   |   |   |   |   |   |   |   att44 <= 0.02999
|   |   |   |   |   |   |   |   |   |   |   |   |   att8 <= 0.286053: 10 (2.0)
|   |   |   |   |   |   |   |   |   |   |   |   |   att8 > 0.286053: 7 (7.0)
|   |   |   |   |   |   |   |   |   |   |   |   att44 > 0.02999
|   |   |   |   |   |   |   |   |   |   |   |   |   att44 <= 0.050244: 10 (16.0)
|   |   |   |   |   |   |   |   |   |   |   |   |   att44 > 0.050244
|   |   |   |   |   |   |   |   |   |   |   |   |   |   att26 <= 0.171258
|   |   |   |   |   |   |   |   |   |   |   |   |   |   |   att51 <= 0.025661: 7 (5.0)
|   |   |   |   |   |   |   |   |   |   |   |   |   |   |   att51 > 0.025661
|   |   |   |   |   |   |   |   |   |   |   |   |   |   |   |   att5 <= 0.49541
|   |   |   |   |   |   |   |   |   |   |   |   |   |   |   |   |   att18 <= 0.151618
|   |   |   |   |   |   |   |   |   |   |   |   |   |   |   |   |   |   att37 <= 0.09048: 7 (8.0/1.0)
|   |   |   |   |   |   |   |   |   |   |   |   |   |   |   |   |   |   att37 > 0.09048: 10 (9.0/1.0)
|   |   |   |   |   |   |   |   |   |   |   |   |   |   |   |   |   att18 > 0.151618
|   |   |   |   |   |   |   |   |   |   |   |   |   |   |   |   |   |   att33 <= 0.160906: 10 (27.0)
|   |   |   |   |   |   |   |   |   |   |   |   |   |   |   |   |   |   att33 > 0.160906
|   |   |   |   |   |   |   |   |   |   |   |   |   |   |   |   |   |   |   att3 <= 0.384789: 7 (2.0)
|   |   |   |   |   |   |   |   |   |   |   |   |   |   |   |   |   |   |   att3 > 0.384789: 10 (3.0)
|   |   |   |   |   |   |   |   |   |   |   |   |   |   |   |   att5 > 0.49541
|   |   |   |   |   |   |   |   |   |   |   |   |   |   |   |   |   att8 <= 0.298652: 10 (4.0/1.0)
|   |   |   |   |   |   |   |   |   |   |   |   |   |   |   |   |   att8 > 0.298652: 7 (7.0)
|   |   |   |   |   |   |   |   |   |   |   |   |   |   att26 > 0.171258: 10 (12.0)
|   |   |   |   |   |   |   |   |   |   |   att8 > 0.369946
|   |   |   |   |   |   |   |   |   |   |   |   att15 <= 0.226139
|   |   |   |   |   |   |   |   |   |   |   |   |   att10 <= 0.021722: 10 (7.0)
|   |   |   |   |   |   |   |   |   |   |   |   |   att10 > 0.021722
|   |   |   |   |   |   |   |   |   |   |   |   |   |   att44 <= 0.125468
|   |   |   |   |   |   |   |   |   |   |   |   |   |   |   att26 <= 0.045933: 7 (6.0)
|   |   |   |   |   |   |   |   |   |   |   |   |   |   |   att26 > 0.045933
|   |   |   |   |   |   |   |   |   |   |   |   |   |   |   |   att21 <= 0.166059
|   |   |   |   |   |   |   |   |   |   |   |   |   |   |   |   |   att8 <= 0.402286
|   |   |   |   |   |   |   |   |   |   |   |   |   |   |   |   |   |   att45 <= 0.041018: 7 (4.0)
|   |   |   |   |   |   |   |   |   |   |   |   |   |   |   |   |   |   att45 > 0.041018
|   |   |   |   |   |   |   |   |   |   |   |   |   |   |   |   |   |   |   att28 <= 0.078486
|   |   |   |   |   |   |   |   |   |   |   |   |   |   |   |   |   |   |   |   att75 <= 0.044706: 10 (6.0)
|   |   |   |   |   |   |   |   |   |   |   |   |   |   |   |   |   |   |   |   att75 > 0.044706
|   |   |   |   |   |   |   |   |   |   |   |   |   |   |   |   |   |   |   |   |   att2 <= 0.174701: 10 (2.0)
|   |   |   |   |   |   |   |   |   |   |   |   |   |   |   |   |   |   |   |   |   att2 > 0.174701: 7 (5.0)
|   |   |   |   |   |   |   |   |   |   |   |   |   |   |   |   |   |   |   att28 > 0.078486: 10 (14.0)
|   |   |   |   |   |   |   |   |   |   |   |   |   |   |   |   |   att8 > 0.402286
|   |   |   |   |   |   |   |   |   |   |   |   |   |   |   |   |   |   att57 <= 0.092452: 7 (11.0)
|   |   |   |   |   |   |   |   |   |   |   |   |   |   |   |   |   |   att57 > 0.092452
|   |   |   |   |   |   |   |   |   |   |   |   |   |   |   |   |   |   |   att75 <= 0.103723
|   |   |   |   |   |   |   |   |   |   |   |   |   |   |   |   |   |   |   |   att44 <= 0.076227
|   |   |   |   |   |   |   |   |   |   |   |   |   |   |   |   |   |   |   |   |   att3 <= 0.250809: 7 (7.0)
|   |   |   |   |   |   |   |   |   |   |   |   |   |   |   |   |   |   |   |   |   att3 > 0.250809
|   |   |   |   |   |   |   |   |   |   |   |   |   |   |   |   |   |   |   |   |   |   att29 <= 0.081059: 7 (5.0)
|   |   |   |   |   |   |   |   |   |   |   |   |   |   |   |   |   |   |   |   |   |   att29 > 0.081059
|   |   |   |   |   |   |   |   |   |   |   |   |   |   |   |   |   |   |   |   |   |   |   att12 <= 0.151958: 7 (2.0)
|   |   |   |   |   |   |   |   |   |   |   |   |   |   |   |   |   |   |   |   |   |   |   att12 > 0.151958: 10 (11.0)
|   |   |   |   |   |   |   |   |   |   |   |   |   |   |   |   |   |   |   |   att44 > 0.076227: 10 (7.0)
|   |   |   |   |   |   |   |   |   |   |   |   |   |   |   |   |   |   |   att75 > 0.103723: 7 (5.0)
|   |   |   |   |   |   |   |   |   |   |   |   |   |   |   |   att21 > 0.166059: 10 (8.0)
|   |   |   |   |   |   |   |   |   |   |   |   |   |   att44 > 0.125468: 7 (10.0)
|   |   |   |   |   |   |   |   |   |   |   |   att15 > 0.226139: 7 (15.0)
|   |   |   |   |   |   att73 > 0.331587
|   |   |   |   |   |   |   att5 <= 0.364253: 10 (5.0/1.0)
|   |   |   |   |   |   |   att5 > 0.364253
|   |   |   |   |   |   |   |   att1 <= 0.239795: 5 (7.0)
|   |   |   |   |   |   |   |   att1 > 0.239795: 8 (2.0)
|   |   |   |   |   att74 > 0.334226
|   |   |   |   |   |   att8 <= 0.286053: 9 (10.0/1.0)
|   |   |   |   |   |   att8 > 0.286053
|   |   |   |   |   |   |   att1 <= 0.170369: 4 (2.0)
|   |   |   |   |   |   |   att1 > 0.170369: 7 (3.0/1.0)
|   |   |   |   att17 > 0.273618
|   |   |   |   |   att1 <= 0.171209: 6 (4.0)
|   |   |   |   |   att1 > 0.171209: 9 (2.0)
|   |   att7 > 0.532369
|   |   |   att3 <= 0.339252: 6 (46.0/1.0)
|   |   |   att3 > 0.339252
|   |   |   |   att2 <= 0.268705: 10 (7.0)
|   |   |   |   att2 > 0.268705: 6 (3.0/1.0)
|   att76 > 0.22708
|   |   att5 <= 0.435188
|   |   |   att3 <= 0.293406
|   |   |   |   att7 <= 0.445565: 9 (176.0)
|   |   |   |   att7 > 0.445565: 1 (2.0/1.0)
|   |   |   att3 > 0.293406
|   |   |   |   att3 <= 0.450941
|   |   |   |   |   att17 <= 0.133103
|   |   |   |   |   |   att7 <= 0.451414: 7 (7.0)
|   |   |   |   |   |   att7 > 0.451414: 10 (2.0)
|   |   |   |   |   att17 > 0.133103: 10 (6.0/1.0)
|   |   |   |   att3 > 0.450941
|   |   |   |   |   att10 <= 0.128145: 3 (2.0/1.0)
|   |   |   |   |   att10 > 0.128145: 2 (13.0)
|   |   att5 > 0.435188
|   |   |   att73 <= 0.218766: 1 (196.0/1.0)
|   |   |   att73 > 0.218766: 5 (7.0/1.0)
att2 > 0.347439
|   att74 <= 0.285128
|   |   att7 <= 0.485866
|   |   |   att5 <= 0.339491
|   |   |   |   att8 <= 0.297524
|   |   |   |   |   att10 <= 0.224378
|   |   |   |   |   |   att53 <= 0.176753
|   |   |   |   |   |   |   att1 <= 0.115463
|   |   |   |   |   |   |   |   att48 <= 0.071331
|   |   |   |   |   |   |   |   |   att14 <= 0.096717: 9 (5.0)
|   |   |   |   |   |   |   |   |   att14 > 0.096717
|   |   |   |   |   |   |   |   |   |   att1 <= 0.085792: 4 (2.0)
|   |   |   |   |   |   |   |   |   |   att1 > 0.085792: 3 (2.0)
|   |   |   |   |   |   |   |   att48 > 0.071331: 2 (8.0/1.0)
|   |   |   |   |   |   |   att1 > 0.115463
|   |   |   |   |   |   |   |   att36 <= 0.041688: 4 (2.0/1.0)
|   |   |   |   |   |   |   |   att36 > 0.041688
|   |   |   |   |   |   |   |   |   att28 <= 0.018656
|   |   |   |   |   |   |   |   |   |   att3 <= 0.173674: 3 (3.0/1.0)
|   |   |   |   |   |   |   |   |   |   att3 > 0.173674: 2 (4.0)
|   |   |   |   |   |   |   |   |   att28 > 0.018656
|   |   |   |   |   |   |   |   |   |   att60 <= 0.100182: 2 (71.0)
|   |   |   |   |   |   |   |   |   |   att60 > 0.100182
|   |   |   |   |   |   |   |   |   |   |   att37 <= 0.086409: 2 (13.0)
|   |   |   |   |   |   |   |   |   |   |   att37 > 0.086409: 4 (3.0)
|   |   |   |   |   |   att53 > 0.176753: 4 (3.0/2.0)
|   |   |   |   |   att10 > 0.224378
|   |   |   |   |   |   att53 <= 0.050084: 5 (2.0/1.0)
|   |   |   |   |   |   att53 > 0.050084: 4 (16.0/1.0)
|   |   |   |   att8 > 0.297524
|   |   |   |   |   att6 <= 0.111261: 2 (9.0)
|   |   |   |   |   att6 > 0.111261
|   |   |   |   |   |   att9 <= 0.358504: 4 (116.0/2.0)
|   |   |   |   |   |   att9 > 0.358504
|   |   |   |   |   |   |   att1 <= 0.161098: 5 (2.0)
|   |   |   |   |   |   |   att1 > 0.161098: 4 (2.0)
|   |   |   att5 > 0.339491
|   |   |   |   att6 <= 0.282571
|   |   |   |   |   att76 <= 0.323293
|   |   |   |   |   |   att71 <= 0.180789
|   |   |   |   |   |   |   att23 <= 0.038363: 2 (3.0)
|   |   |   |   |   |   |   att23 > 0.038363: 5 (66.0/3.0)
|   |   |   |   |   |   att71 > 0.180789
|   |   |   |   |   |   |   att8 <= 0.319122
|   |   |   |   |   |   |   |   att2 <= 0.423361
|   |   |   |   |   |   |   |   |   att8 <= 0.223021: 10 (5.0)
|   |   |   |   |   |   |   |   |   att8 > 0.223021: 7 (5.0)
|   |   |   |   |   |   |   |   att2 > 0.423361: 5 (6.0/1.0)
|   |   |   |   |   |   |   att8 > 0.319122
|   |   |   |   |   |   |   |   att11 <= 0.241097: 5 (5.0/1.0)
|   |   |   |   |   |   |   |   att11 > 0.241097: 8 (24.0/1.0)
|   |   |   |   |   att76 > 0.323293: 2 (7.0)
|   |   |   |   att6 > 0.282571
|   |   |   |   |   att9 <= 0.355518: 4 (12.0/1.0)
|   |   |   |   |   att9 > 0.355518
|   |   |   |   |   |   att1 <= 0.044192: 6 (2.0)
|   |   |   |   |   |   att1 > 0.044192: 5 (3.0/1.0)
|   |   att7 > 0.485866
|   |   |   att1 <= 0.251779
|   |   |   |   att3 <= 0.172073
|   |   |   |   |   att75 <= 0.236046
|   |   |   |   |   |   att5 <= 0.377616: 6 (99.0)
|   |   |   |   |   |   att5 > 0.377616
|   |   |   |   |   |   |   att10 <= 0.224686: 6 (3.0)
|   |   |   |   |   |   |   att10 > 0.224686: 5 (4.0)
|   |   |   |   |   att75 > 0.236046: 4 (2.0)
|   |   |   |   att3 > 0.172073
|   |   |   |   |   att13 <= 0.271796
|   |   |   |   |   |   att3 <= 0.261805
|   |   |   |   |   |   |   att71 <= 0.038461: 4 (4.0)
|   |   |   |   |   |   |   att71 > 0.038461
|   |   |   |   |   |   |   |   att8 <= 0.322875
|   |   |   |   |   |   |   |   |   att4 <= 0.289592: 6 (11.0/1.0)
|   |   |   |   |   |   |   |   |   att4 > 0.289592
|   |   |   |   |   |   |   |   |   |   att41 <= 0.075676: 6 (4.0/1.0)
|   |   |   |   |   |   |   |   |   |   att41 > 0.075676: 5 (13.0)
|   |   |   |   |   |   |   |   att8 > 0.322875: 4 (3.0/1.0)
|   |   |   |   |   |   att3 > 0.261805
|   |   |   |   |   |   |   att16 <= 0.234984
|   |   |   |   |   |   |   |   att70 <= 0.265182: 5 (62.0/1.0)
|   |   |   |   |   |   |   |   att70 > 0.265182: 6 (2.0)
|   |   |   |   |   |   |   att16 > 0.234984: 6 (2.0)
|   |   |   |   |   att13 > 0.271796: 6 (14.0/1.0)
|   |   |   att1 > 0.251779
|   |   |   |   att69 <= 0.169504: 6 (6.0/1.0)
|   |   |   |   att69 > 0.169504: 4 (18.0/1.0)
|   att74 > 0.285128
|   |   att1 <= 0.230125
|   |   |   att76 <= 0.26982
|   |   |   |   att6 <= 0.227654
|   |   |   |   |   att66 <= 0.146417
|   |   |   |   |   |   att13 <= 0.290394: 2 (18.0/1.0)
|   |   |   |   |   |   att13 > 0.290394: 7 (2.0/1.0)
|   |   |   |   |   att66 > 0.146417: 5 (6.0/1.0)
|   |   |   |   att6 > 0.227654
|   |   |   |   |   att71 <= 0.186672: 4 (7.0)
|   |   |   |   |   att71 > 0.186672: 2 (3.0/2.0)
|   |   |   att76 > 0.26982
|   |   |   |   att4 <= 0.50923
|   |   |   |   |   att4 <= 0.0823: 1 (3.0)
|   |   |   |   |   att4 > 0.0823
|   |   |   |   |   |   att75 <= 0.340437
|   |   |   |   |   |   |   att1 <= 0.223801: 3 (184.0/2.0)
|   |   |   |   |   |   |   att1 > 0.223801
|   |   |   |   |   |   |   |   att1 <= 0.226502: 2 (3.0)
|   |   |   |   |   |   |   |   att1 > 0.226502: 3 (2.0)
|   |   |   |   |   |   att75 > 0.340437: 5 (2.0)
|   |   |   |   att4 > 0.50923: 2 (10.0/2.0)
|   |   att1 > 0.230125
|   |   |   att73 <= 0.29669
|   |   |   |   att6 <= 0.206541
|   |   |   |   |   att5 <= 0.056001: 3 (4.0)
|   |   |   |   |   att5 > 0.056001: 10 (3.0/1.0)
|   |   |   |   att6 > 0.206541
|   |   |   |   |   att27 <= 0.086372: 6 (2.0)
|   |   |   |   |   att27 > 0.086372: 4 (6.0)
|   |   |   att73 > 0.29669
|   |   |   |   att4 <= 0.15771
|   |   |   |   |   att2 <= 0.46973: 5 (2.0/1.0)
|   |   |   |   |   att2 > 0.46973: 2 (5.0)
|   |   |   |   att4 > 0.15771
|   |   |   |   |   att7 <= 0.132688: 3 (3.0/1.0)
|   |   |   |   |   att7 > 0.132688
|   |   |   |   |   |   att57 <= 0.198698
|   |   |   |   |   |   |   att61 <= 0.259111
|   |   |   |   |   |   |   |   att13 <= 0.14484
|   |   |   |   |   |   |   |   |   att7 <= 0.270924
|   |   |   |   |   |   |   |   |   |   att2 <= 0.486102: 2 (2.0)
|   |   |   |   |   |   |   |   |   |   att2 > 0.486102: 8 (28.0/1.0)
|   |   |   |   |   |   |   |   |   att7 > 0.270924
|   |   |   |   |   |   |   |   |   |   att6 <= 0.193319
|   |   |   |   |   |   |   |   |   |   |   att74 <= 0.394366: 8 (4.0/1.0)
|   |   |   |   |   |   |   |   |   |   |   att74 > 0.394366: 2 (8.0)
|   |   |   |   |   |   |   |   |   |   att6 > 0.193319: 8 (4.0)
|   |   |   |   |   |   |   |   att13 > 0.14484
|   |   |   |   |   |   |   |   |   att73 <= 0.418118
|   |   |   |   |   |   |   |   |   |   att57 <= 0.035301: 2 (3.0/1.0)
|   |   |   |   |   |   |   |   |   |   att57 > 0.035301
|   |   |   |   |   |   |   |   |   |   |   att51 <= 0.046801
|   |   |   |   |   |   |   |   |   |   |   |   att3 <= 0.445762: 2 (3.0)
|   |   |   |   |   |   |   |   |   |   |   |   att3 > 0.445762: 5 (2.0/1.0)
|   |   |   |   |   |   |   |   |   |   |   att51 > 0.046801: 8 (63.0/1.0)
|   |   |   |   |   |   |   |   |   att73 > 0.418118: 8 (69.0)
|   |   |   |   |   |   |   att61 > 0.259111
|   |   |   |   |   |   |   |   att12 <= 0.143574: 5 (3.0)
|   |   |   |   |   |   |   |   att12 > 0.143574: 8 (2.0)
|   |   |   |   |   |   att57 > 0.198698
|   |   |   |   |   |   |   att1 <= 0.298867: 5 (2.0)
|   |   |   |   |   |   |   att1 > 0.298867: 3 (2.0/1.0)

Number of Leaves  : 	146

Size of the tree : 	291


Time taken to build model: 1.7 seconds
Time taken to test model on training data: 0.24 seconds

=== Error on training data ===

Correctly Classified Instances        1934               96.7    %
Incorrectly Classified Instances        66                3.3    %
Kappa statistic                          0.9633
Mean absolute error                      0.0103
Root mean squared error                  0.0718
Relative absolute error                  5.7244 %
Root relative squared error             23.9258 %
Total Number of Instances             2000     


=== Detailed Accuracy By Class ===

               TP Rate   FP Rate   Precision   Recall  F-Measure   ROC Area  Class
                 0.995     0.001      0.99      0.995     0.993      1        1
                 0.94      0.005      0.954     0.94      0.947      0.996    2
                 0.98      0.003      0.97      0.98      0.975      0.999    3
                 0.975     0.006      0.951     0.975     0.963      0.999    4
                 0.965     0.007      0.937     0.965     0.951      0.998    5
                 0.96      0.003      0.97      0.96      0.965      0.999    6
                 0.965     0.004      0.96      0.965     0.963      0.999    7
                 0.96      0.002      0.98      0.96      0.97       0.999    8
                 0.99      0.001      0.995     0.99      0.992      1        9
                 0.94      0.004      0.964     0.94      0.952      0.998    10
Weighted Avg.    0.967     0.004      0.967     0.967     0.967      0.999


=== Confusion Matrix ===

   a   b   c   d   e   f   g   h   i   j   <-- classified as
 199   0   0   0   0   0   0   0   1   0 |   a = 1
   0 188   2   3   2   1   0   3   0   1 |   b = 2
   0   2 196   0   0   0   1   0   0   1 |   c = 3
   0   0   1 195   1   0   1   0   0   2 |   d = 4
   0   2   0   0 193   4   0   1   0   0 |   e = 5
   1   2   0   2   3 192   0   0   0   0 |   f = 6
   0   1   0   3   0   0 193   0   0   3 |   g = 7
   0   1   3   0   3   0   1 192   0   0 |   h = 8
   1   0   0   0   1   0   0   0 198   0 |   i = 9
   0   1   0   2   3   1   5   0   0 188 |   j = 10



=== Stratified cross-validation ===

Correctly Classified Instances        1505               75.25   %
Incorrectly Classified Instances       495               24.75   %
Kappa statistic                          0.725 
Mean absolute error                      0.0517
Root mean squared error                  0.2103
Relative absolute error                 28.7254 %
Root relative squared error             70.1069 %
Total Number of Instances             2000     


=== Detailed Accuracy By Class ===

               TP Rate   FP Rate   Precision   Recall  F-Measure   ROC Area  Class
                 0.975     0.004      0.961     0.975     0.968      0.987    1
                 0.69      0.037      0.673     0.69      0.681      0.848    2
                 0.88      0.013      0.884     0.88      0.882      0.946    3
                 0.795     0.029      0.754     0.795     0.774      0.889    4
                 0.715     0.033      0.708     0.715     0.711      0.86     5
                 0.79      0.022      0.802     0.79      0.796      0.899    6
                 0.39      0.046      0.484     0.39      0.432      0.793    7
                 0.81      0.017      0.839     0.81      0.824      0.902    8
                 0.94      0.008      0.931     0.94      0.935      0.968    9
                 0.54      0.066      0.476     0.54      0.506      0.785    10
Weighted Avg.    0.753     0.028      0.751     0.753     0.751      0.888


=== Confusion Matrix ===

   a   b   c   d   e   f   g   h   i   j   <-- classified as
 195   0   3   0   0   0   0   0   2   0 |   a = 1
   0 138  11  17   7   2   3  17   1   4 |   b = 2
   2  11 176   1   0   2   2   2   3   1 |   c = 3
   0   9   2 159  11  11   3   2   1   2 |   d = 4
   3   8   2   8 143  18   4  10   1   3 |   e = 5
   0   4   1  14  17 158   3   0   1   2 |   f = 6
   0   5   0   3   5   0  78   0   4 105 |   g = 7
   0  23   1   2  12   0   0 162   0   0 |   h = 8
   2   3   2   0   1   2   0   0 188   2 |   i = 9
   1   4   1   7   6   4  68   0   1 108 |   j = 10

