dermatology

J48 pruned tree
------------------

vacuolisation_and_damage_of_basal_layer = 0
|   fibrosis_of_the_papillary_dermis = 0
|   |   perifollicular_parakeratosis = 0
|   |   |   spongiosis = 0
|   |   |   |   elongation_of_the_rete_ridges = 0
|   |   |   |   |   koebner_phenomenon = 0: 2 (4.0)
|   |   |   |   |   koebner_phenomenon = 1: 2 (0.0)
|   |   |   |   |   koebner_phenomenon = 2: 4 (2.0)
|   |   |   |   |   koebner_phenomenon = 3: 2 (0.0)
|   |   |   |   elongation_of_the_rete_ridges = 1: 1 (11.0)
|   |   |   |   elongation_of_the_rete_ridges = 2: 1 (60.0)
|   |   |   |   elongation_of_the_rete_ridges = 3: 1 (40.0)
|   |   |   spongiosis = 1
|   |   |   |   eosinophils_in_the_infiltrate = 0: 4 (5.0)
|   |   |   |   eosinophils_in_the_infiltrate = 1: 4 (2.0)
|   |   |   |   eosinophils_in_the_infiltrate = 2: 2 (2.0)
|   |   |   spongiosis = 2
|   |   |   |   koebner_phenomenon = 0
|   |   |   |   |   disappearance_of_the_granular_layer = 0: 2 (35.0/2.0)
|   |   |   |   |   disappearance_of_the_granular_layer = 1: 4 (3.0)
|   |   |   |   |   disappearance_of_the_granular_layer = 2: 2 (0.0)
|   |   |   |   |   disappearance_of_the_granular_layer = 3: 2 (0.0)
|   |   |   |   koebner_phenomenon = 1: 4 (17.0)
|   |   |   |   koebner_phenomenon = 2: 4 (8.0/1.0)
|   |   |   |   koebner_phenomenon = 3: 4 (2.0)
|   |   |   spongiosis = 3
|   |   |   |   koebner_phenomenon = 0: 2 (21.0/1.0)
|   |   |   |   koebner_phenomenon = 1: 4 (5.0)
|   |   |   |   koebner_phenomenon = 2: 4 (3.0)
|   |   |   |   koebner_phenomenon = 3: 2 (0.0)
|   |   perifollicular_parakeratosis = 1: 6 (4.0/1.0)
|   |   perifollicular_parakeratosis = 2: 6 (13.0)
|   |   perifollicular_parakeratosis = 3: 6 (4.0)
|   fibrosis_of_the_papillary_dermis = 1: 5 (8.0)
|   fibrosis_of_the_papillary_dermis = 2: 5 (22.0/1.0)
|   fibrosis_of_the_papillary_dermis = 3: 5 (23.0)
vacuolisation_and_damage_of_basal_layer = 1: 3 (3.0/1.0)
vacuolisation_and_damage_of_basal_layer = 2: 3 (43.0)
vacuolisation_and_damage_of_basal_layer = 3: 3 (26.0)

Number of Leaves  : 	30

Size of the tree : 	40


Time taken to build model: 0.15 seconds
Time taken to test model on training data: 0.04 seconds

=== Error on training data ===

Correctly Classified Instances         359               98.0874 %
Incorrectly Classified Instances         7                1.9126 %
Kappa statistic                          0.9761
Mean absolute error                      0.0111
Root mean squared error                  0.0744
Relative absolute error                  4.1594 %
Root relative squared error             20.4015 %
Total Number of Instances              366     


=== Detailed Accuracy By Class ===

               TP Rate   FP Rate   Precision   Recall  F-Measure   ROC Area  Class
                 0.991     0          1         0.991     0.996      1        1
                 0.967     0.01       0.952     0.967     0.959      0.995    2
                 0.986     0.003      0.986     0.986     0.986      0.999    3
                 0.939     0.003      0.979     0.939     0.958      0.995    4
                 1         0.003      0.981     1         0.99       0.999    5
                 1         0.003      0.952     1         0.976      1        6
Weighted Avg.    0.981     0.003      0.981     0.981     0.981      0.998


=== Confusion Matrix ===

   a   b   c   d   e   f   <-- classified as
 111   0   1   0   0   0 |   a = 1
   0  59   0   1   0   1 |   b = 2
   0   0  71   0   1   0 |   c = 3
   0   3   0  46   0   0 |   d = 4
   0   0   0   0  52   0 |   e = 5
   0   0   0   0   0  20 |   f = 6



=== Stratified cross-validation ===

Correctly Classified Instances         344               93.9891 %
Incorrectly Classified Instances        22                6.0109 %
Kappa statistic                          0.9246
Mean absolute error                      0.0264
Root mean squared error                  0.1365
Relative absolute error                  9.9147 %
Root relative squared error             37.397  %
Total Number of Instances              366     


=== Detailed Accuracy By Class ===

               TP Rate   FP Rate   Precision   Recall  F-Measure   ROC Area  Class
                 0.964     0.024      0.947     0.964     0.956      0.983    1
                 0.885     0.023      0.885     0.885     0.885      0.958    2
                 0.972     0.01       0.959     0.972     0.966      0.983    3
                 0.878     0.009      0.935     0.878     0.905      0.967    4
                 0.981     0.006      0.962     0.981     0.971      0.989    5
                 0.9       0.003      0.947     0.9       0.923      0.973    6
Weighted Avg.    0.94      0.015      0.94      0.94      0.94       0.977


=== Confusion Matrix ===

   a   b   c   d   e   f   <-- classified as
 108   1   2   0   1   0 |   a = 1
   2  54   1   3   0   1 |   b = 2
   0   1  70   0   1   0 |   c = 3
   2   4   0  43   0   0 |   d = 4
   1   0   0   0  51   0 |   e = 5
   1   1   0   0   0  18 |   f = 6

