postoperative-patient-data

J48 pruned tree
------------------
: A (90.0/26.0)

Number of Leaves  : 	1

Size of the tree : 	1


Time taken to build model: 0.05 seconds
Time taken to test model on training data: 0.01 seconds

=== Error on training data ===

Correctly Classified Instances          64               71.1111 %
Incorrectly Classified Instances        26               28.8889 %
Kappa statistic                          0     
Mean absolute error                      0.2818
Root mean squared error                  0.3754
Relative absolute error                 98.1724 %
Root relative squared error             99.97   %
Total Number of Instances               90     


=== Detailed Accuracy By Class ===

               TP Rate   FP Rate   Precision   Recall  F-Measure   ROC Area  Class
                 1         1          0.711     1         0.831      0.5      A
                 0         0          0         0         0          0.5      I
                 0         0          0         0         0          0.5      S
Weighted Avg.    0.711     0.711      0.506     0.711     0.591      0.5  


=== Confusion Matrix ===

  a  b  c   <-- classified as
 64  0  0 |  a = A
  2  0  0 |  b = I
 24  0  0 |  c = S



=== Stratified cross-validation ===

Correctly Classified Instances          63               70      %
Incorrectly Classified Instances        27               30      %
Kappa statistic                         -0.021 
Mean absolute error                      0.2842
Root mean squared error                  0.3789
Relative absolute error                 98.615  %
Root relative squared error            100.682  %
Total Number of Instances               90     


=== Detailed Accuracy By Class ===

               TP Rate   FP Rate   Precision   Recall  F-Measure   ROC Area  Class
                 0.984     1          0.708     0.984     0.824      0.453    A
                 0         0          0         0         0          0.102    I
                 0         0.015      0         0         0          0.44     S
Weighted Avg.    0.7       0.715      0.503     0.7       0.586      0.441


=== Confusion Matrix ===

  a  b  c   <-- classified as
 63  0  1 |  a = A
  2  0  0 |  b = I
 24  0  0 |  c = S

