mfeat-karhunen

J48 pruned tree
------------------

att1 <= -3.438621
|   att4 <= 8.350788
|   |   att7 <= -2.446082
|   |   |   att5 <= 4.139647
|   |   |   |   att11 <= 2.241144
|   |   |   |   |   att2 <= 5.56596
|   |   |   |   |   |   att26 <= -2.174978: 9 (3.0)
|   |   |   |   |   |   att26 > -2.174978
|   |   |   |   |   |   |   att21 <= -7.141445: 9 (2.0)
|   |   |   |   |   |   |   att21 > -7.141445
|   |   |   |   |   |   |   |   att54 <= 1.132617: 1 (155.0)
|   |   |   |   |   |   |   |   att54 > 1.132617
|   |   |   |   |   |   |   |   |   att2 <= -6.468532: 1 (4.0)
|   |   |   |   |   |   |   |   |   att2 > -6.468532: 9 (2.0)
|   |   |   |   |   att2 > 5.56596: 5 (3.0/1.0)
|   |   |   |   att11 > 2.241144
|   |   |   |   |   att6 <= -2.215308: 6 (8.0)
|   |   |   |   |   att6 > -2.215308
|   |   |   |   |   |   att5 <= 2.543816: 7 (3.0)
|   |   |   |   |   |   att5 > 2.543816
|   |   |   |   |   |   |   att4 <= 1.124224: 1 (2.0)
|   |   |   |   |   |   |   att4 > 1.124224: 9 (4.0)
|   |   |   att5 > 4.139647
|   |   |   |   att21 <= -1.07636
|   |   |   |   |   att2 <= -7.307154: 1 (5.0)
|   |   |   |   |   att2 > -7.307154
|   |   |   |   |   |   att18 <= -4.843876: 1 (2.0/1.0)
|   |   |   |   |   |   att18 > -4.843876
|   |   |   |   |   |   |   att1 <= -10.867832: 1 (4.0/1.0)
|   |   |   |   |   |   |   att1 > -10.867832: 9 (82.0/1.0)
|   |   |   |   att21 > -1.07636
|   |   |   |   |   att7 <= -4.192115
|   |   |   |   |   |   att1 <= -8.948052: 1 (3.0)
|   |   |   |   |   |   att1 > -8.948052: 9 (3.0/1.0)
|   |   |   |   |   att7 > -4.192115: 6 (7.0)
|   |   att7 > -2.446082
|   |   |   att3 <= -3.329894
|   |   |   |   att12 <= 1.941876
|   |   |   |   |   att3 <= -7.60938
|   |   |   |   |   |   att34 <= 1.622407: 5 (21.0)
|   |   |   |   |   |   att34 > 1.622407: 7 (2.0)
|   |   |   |   |   att3 > -7.60938
|   |   |   |   |   |   att64 <= -1.222371: 4 (3.0/2.0)
|   |   |   |   |   |   att64 > -1.222371
|   |   |   |   |   |   |   att29 <= -1.185815: 5 (2.0)
|   |   |   |   |   |   |   att29 > -1.185815: 7 (60.0)
|   |   |   |   att12 > 1.941876
|   |   |   |   |   att18 <= 6.148168: 5 (140.0/3.0)
|   |   |   |   |   att18 > 6.148168: 2 (4.0/1.0)
|   |   |   att3 > -3.329894
|   |   |   |   att9 <= -3.552448
|   |   |   |   |   att13 <= -4.388136: 7 (4.0)
|   |   |   |   |   att13 > -4.388136
|   |   |   |   |   |   att25 <= -0.075345: 6 (60.0/1.0)
|   |   |   |   |   |   att25 > -0.075345
|   |   |   |   |   |   |   att2 <= 0.320737: 10 (3.0)
|   |   |   |   |   |   |   att2 > 0.320737: 4 (2.0/1.0)
|   |   |   |   att9 > -3.552448
|   |   |   |   |   att26 <= -3.130917
|   |   |   |   |   |   att12 <= 0.09737: 9 (7.0/1.0)
|   |   |   |   |   |   att12 > 0.09737
|   |   |   |   |   |   |   att7 <= 8.206784
|   |   |   |   |   |   |   |   att9 <= -0.558901: 6 (11.0/1.0)
|   |   |   |   |   |   |   |   att9 > -0.558901: 5 (7.0)
|   |   |   |   |   |   |   att7 > 8.206784: 4 (3.0)
|   |   |   |   |   att26 > -3.130917
|   |   |   |   |   |   att10 <= -1.974773
|   |   |   |   |   |   |   att6 <= -4.590173
|   |   |   |   |   |   |   |   att2 <= -0.741115: 6 (3.0)
|   |   |   |   |   |   |   |   att2 > -0.741115: 1 (2.0/1.0)
|   |   |   |   |   |   |   att6 > -4.590173
|   |   |   |   |   |   |   |   att2 <= -3.686434
|   |   |   |   |   |   |   |   |   att21 <= -2.272588: 9 (8.0)
|   |   |   |   |   |   |   |   |   att21 > -2.272588: 1 (2.0/1.0)
|   |   |   |   |   |   |   |   att2 > -3.686434
|   |   |   |   |   |   |   |   |   att58 <= 1.015902
|   |   |   |   |   |   |   |   |   |   att17 <= 5.243237
|   |   |   |   |   |   |   |   |   |   |   att3 <= 6.724324
|   |   |   |   |   |   |   |   |   |   |   |   att8 <= 3.456325
|   |   |   |   |   |   |   |   |   |   |   |   |   att21 <= -8.088906: 9 (2.0)
|   |   |   |   |   |   |   |   |   |   |   |   |   att21 > -8.088906: 7 (116.0)
|   |   |   |   |   |   |   |   |   |   |   |   att8 > 3.456325: 6 (2.0/1.0)
|   |   |   |   |   |   |   |   |   |   |   att3 > 6.724324: 9 (4.0)
|   |   |   |   |   |   |   |   |   |   att17 > 5.243237: 9 (4.0)
|   |   |   |   |   |   |   |   |   att58 > 1.015902: 9 (8.0/1.0)
|   |   |   |   |   |   att10 > -1.974773
|   |   |   |   |   |   |   att25 <= 2.484449
|   |   |   |   |   |   |   |   att1 <= -4.744095
|   |   |   |   |   |   |   |   |   att4 <= 0.88306: 1 (18.0/1.0)
|   |   |   |   |   |   |   |   |   att4 > 0.88306
|   |   |   |   |   |   |   |   |   |   att9 <= -0.267009: 6 (4.0)
|   |   |   |   |   |   |   |   |   |   att9 > -0.267009: 7 (3.0/1.0)
|   |   |   |   |   |   |   |   att1 > -4.744095: 3 (3.0/1.0)
|   |   |   |   |   |   |   att25 > 2.484449
|   |   |   |   |   |   |   |   att1 <= -5.481667: 9 (3.0)
|   |   |   |   |   |   |   |   att1 > -5.481667: 10 (5.0/1.0)
|   att4 > 8.350788
|   |   att45 <= -0.941779
|   |   |   att2 <= -2.593519: 2 (2.0)
|   |   |   att2 > -2.593519: 5 (3.0)
|   |   att45 > -0.941779
|   |   |   att10 <= -2.753929: 6 (2.0/1.0)
|   |   |   att10 > -2.753929: 4 (50.0)
att1 > -3.438621
|   att3 <= 2.002044
|   |   att3 <= -4.176977
|   |   |   att8 <= -4.590483
|   |   |   |   att2 <= -0.834002: 6 (2.0)
|   |   |   |   att2 > -0.834002: 5 (8.0)
|   |   |   att8 > -4.590483
|   |   |   |   att14 <= 2.839049
|   |   |   |   |   att54 <= -1.88375: 6 (3.0/1.0)
|   |   |   |   |   att54 > -1.88375
|   |   |   |   |   |   att37 <= -1.641143: 5 (3.0)
|   |   |   |   |   |   att37 > -1.641143
|   |   |   |   |   |   |   att15 <= -4.480474: 5 (2.0)
|   |   |   |   |   |   |   att15 > -4.480474
|   |   |   |   |   |   |   |   att16 <= -5.821303: 5 (2.0/1.0)
|   |   |   |   |   |   |   |   att16 > -5.821303: 2 (147.0/1.0)
|   |   |   |   att14 > 2.839049
|   |   |   |   |   att2 <= -2.981052: 10 (3.0)
|   |   |   |   |   att2 > -2.981052: 2 (2.0/1.0)
|   |   att3 > -4.176977
|   |   |   att21 <= -2.732266
|   |   |   |   att5 <= 7.958917
|   |   |   |   |   att18 <= -2.850661: 7 (2.0)
|   |   |   |   |   att18 > -2.850661: 9 (23.0)
|   |   |   |   att5 > 7.958917: 10 (3.0)
|   |   |   att21 > -2.732266
|   |   |   |   att4 <= 6.101022
|   |   |   |   |   att13 <= -4.023475
|   |   |   |   |   |   att2 <= 7.19494: 9 (3.0)
|   |   |   |   |   |   att2 > 7.19494: 3 (9.0)
|   |   |   |   |   att13 > -4.023475
|   |   |   |   |   |   att9 <= -0.221306
|   |   |   |   |   |   |   att25 <= -0.825078
|   |   |   |   |   |   |   |   att28 <= -1.692468
|   |   |   |   |   |   |   |   |   att14 <= -1.281883: 3 (2.0/1.0)
|   |   |   |   |   |   |   |   |   att14 > -1.281883: 10 (4.0)
|   |   |   |   |   |   |   |   att28 > -1.692468
|   |   |   |   |   |   |   |   |   att18 <= 2.423511: 6 (65.0/2.0)
|   |   |   |   |   |   |   |   |   att18 > 2.423511: 4 (3.0/1.0)
|   |   |   |   |   |   |   att25 > -0.825078
|   |   |   |   |   |   |   |   att2 <= -3.260146
|   |   |   |   |   |   |   |   |   att20 <= 3.445771: 10 (74.0/1.0)
|   |   |   |   |   |   |   |   |   att20 > 3.445771: 8 (2.0)
|   |   |   |   |   |   |   |   att2 > -3.260146
|   |   |   |   |   |   |   |   |   att35 <= -1.226398
|   |   |   |   |   |   |   |   |   |   att7 <= -0.779418: 10 (3.0)
|   |   |   |   |   |   |   |   |   |   att7 > -0.779418: 6 (7.0)
|   |   |   |   |   |   |   |   |   att35 > -1.226398
|   |   |   |   |   |   |   |   |   |   att2 <= 4.530548: 2 (3.0/1.0)
|   |   |   |   |   |   |   |   |   |   att2 > 4.530548: 9 (3.0)
|   |   |   |   |   |   att9 > -0.221306
|   |   |   |   |   |   |   att7 <= -1.51998
|   |   |   |   |   |   |   |   att5 <= -0.732441
|   |   |   |   |   |   |   |   |   att8 <= 1.078171: 1 (6.0)
|   |   |   |   |   |   |   |   |   att8 > 1.078171
|   |   |   |   |   |   |   |   |   |   att5 <= -2.608219: 6 (2.0)
|   |   |   |   |   |   |   |   |   |   att5 > -2.608219: 3 (2.0/1.0)
|   |   |   |   |   |   |   |   att5 > -0.732441
|   |   |   |   |   |   |   |   |   att3 <= 1.302241
|   |   |   |   |   |   |   |   |   |   att26 <= -3.907185: 6 (2.0)
|   |   |   |   |   |   |   |   |   |   att26 > -3.907185
|   |   |   |   |   |   |   |   |   |   |   att1 <= 8.749154
|   |   |   |   |   |   |   |   |   |   |   |   att7 <= -2.782926: 9 (12.0)
|   |   |   |   |   |   |   |   |   |   |   |   att7 > -2.782926: 2 (2.0)
|   |   |   |   |   |   |   |   |   |   |   att1 > 8.749154: 2 (7.0)
|   |   |   |   |   |   |   |   |   att3 > 1.302241: 3 (3.0/2.0)
|   |   |   |   |   |   |   att7 > -1.51998
|   |   |   |   |   |   |   |   att10 <= -4.213028: 7 (4.0/1.0)
|   |   |   |   |   |   |   |   att10 > -4.213028: 5 (5.0)
|   |   |   |   att4 > 6.101022
|   |   |   |   |   att6 <= 1.847272
|   |   |   |   |   |   att15 <= 2.236565
|   |   |   |   |   |   |   att37 <= -0.341854: 10 (2.0)
|   |   |   |   |   |   |   att37 > -0.341854
|   |   |   |   |   |   |   |   att51 <= -0.74453: 6 (5.0/1.0)
|   |   |   |   |   |   |   |   att51 > -0.74453: 4 (33.0)
|   |   |   |   |   |   att15 > 2.236565: 10 (6.0/1.0)
|   |   |   |   |   att6 > 1.847272
|   |   |   |   |   |   att20 <= 1.510434: 2 (30.0/1.0)
|   |   |   |   |   |   att20 > 1.510434: 8 (3.0/1.0)
|   att3 > 2.002044
|   |   att11 <= 1.073211
|   |   |   att5 <= 5.504023
|   |   |   |   att27 <= 1.851854
|   |   |   |   |   att52 <= 1.594902
|   |   |   |   |   |   att4 <= -3.955585
|   |   |   |   |   |   |   att19 <= -0.866782: 10 (10.0/1.0)
|   |   |   |   |   |   |   att19 > -0.866782: 8 (4.0/1.0)
|   |   |   |   |   |   att4 > -3.955585
|   |   |   |   |   |   |   att33 <= -2.040273: 3 (4.0)
|   |   |   |   |   |   |   att33 > -2.040273
|   |   |   |   |   |   |   |   att17 <= -4.095921
|   |   |   |   |   |   |   |   |   att1 <= 2.370689: 10 (2.0)
|   |   |   |   |   |   |   |   |   att1 > 2.370689: 3 (2.0/1.0)
|   |   |   |   |   |   |   |   att17 > -4.095921
|   |   |   |   |   |   |   |   |   att14 <= 1.728126
|   |   |   |   |   |   |   |   |   |   att16 <= 4.371479
|   |   |   |   |   |   |   |   |   |   |   att24 <= 2.398047: 8 (175.0)
|   |   |   |   |   |   |   |   |   |   |   att24 > 2.398047
|   |   |   |   |   |   |   |   |   |   |   |   att6 <= 1.180186: 10 (3.0/1.0)
|   |   |   |   |   |   |   |   |   |   |   |   att6 > 1.180186: 8 (3.0)
|   |   |   |   |   |   |   |   |   |   att16 > 4.371479: 3 (2.0)
|   |   |   |   |   |   |   |   |   att14 > 1.728126
|   |   |   |   |   |   |   |   |   |   att2 <= 7.811331: 4 (2.0/1.0)
|   |   |   |   |   |   |   |   |   |   att2 > 7.811331: 3 (2.0)
|   |   |   |   |   att52 > 1.594902
|   |   |   |   |   |   att3 <= 2.779696: 4 (2.0)
|   |   |   |   |   |   att3 > 2.779696: 3 (6.0)
|   |   |   |   att27 > 1.851854
|   |   |   |   |   att4 <= 3.321889
|   |   |   |   |   |   att1 <= 9.874785: 3 (168.0/1.0)
|   |   |   |   |   |   att1 > 9.874785: 8 (4.0)
|   |   |   |   |   att4 > 3.321889
|   |   |   |   |   |   att4 <= 6.603942: 8 (4.0/1.0)
|   |   |   |   |   |   att4 > 6.603942: 4 (3.0)
|   |   |   att5 > 5.504023
|   |   |   |   att10 <= -7.774957: 9 (12.0)
|   |   |   |   att10 > -7.774957
|   |   |   |   |   att19 <= -0.423162
|   |   |   |   |   |   att4 <= -2.131849: 9 (3.0)
|   |   |   |   |   |   att4 > -2.131849: 10 (37.0/1.0)
|   |   |   |   |   att19 > -0.423162
|   |   |   |   |   |   att2 <= -2.012986: 2 (3.0/1.0)
|   |   |   |   |   |   att2 > -2.012986
|   |   |   |   |   |   |   att4 <= 7.373277: 3 (2.0/1.0)
|   |   |   |   |   |   |   att4 > 7.373277: 4 (8.0)
|   |   att11 > 1.073211
|   |   |   att10 <= -5.06654: 9 (10.0/1.0)
|   |   |   att10 > -5.06654
|   |   |   |   att9 <= -3.604652
|   |   |   |   |   att25 <= -1.275338: 6 (14.0)
|   |   |   |   |   att25 > -1.275338: 10 (37.0/1.0)
|   |   |   |   att9 > -3.604652
|   |   |   |   |   att4 <= 0.594068
|   |   |   |   |   |   att2 <= 7.375327
|   |   |   |   |   |   |   att9 <= 8.721077
|   |   |   |   |   |   |   |   att1 <= 7.801091: 6 (4.0)
|   |   |   |   |   |   |   |   att1 > 7.801091: 10 (5.0/1.0)
|   |   |   |   |   |   |   att9 > 8.721077: 2 (4.0)
|   |   |   |   |   |   att2 > 7.375327
|   |   |   |   |   |   |   att1 <= 1.967253: 3 (2.0)
|   |   |   |   |   |   |   att1 > 1.967253: 8 (3.0)
|   |   |   |   |   att4 > 0.594068
|   |   |   |   |   |   att2 <= -6.020346: 10 (5.0)
|   |   |   |   |   |   att2 > -6.020346
|   |   |   |   |   |   |   att6 <= 6.419812: 4 (86.0/1.0)
|   |   |   |   |   |   |   att6 > 6.419812: 8 (2.0/1.0)

Number of Leaves  : 	126

Size of the tree : 	251


Time taken to build model: 1.72 seconds
Time taken to test model on training data: 0.16 seconds

=== Error on training data ===

Correctly Classified Instances        1943               97.15   %
Incorrectly Classified Instances        57                2.85   %
Kappa statistic                          0.9683
Mean absolute error                      0.0084
Root mean squared error                  0.0646
Relative absolute error                  4.6412 %
Root relative squared error             21.5435 %
Total Number of Instances             2000     


=== Detailed Accuracy By Class ===

               TP Rate   FP Rate   Precision   Recall  F-Measure   ROC Area  Class
                 0.99      0.003      0.975     0.99      0.983      1        1
                 0.99      0.003      0.971     0.99      0.98       0.999    2
                 0.995     0.004      0.961     0.995     0.978      1        3
                 0.945     0.003      0.969     0.945     0.957      0.999    4
                 0.955     0.003      0.974     0.955     0.965      0.999    5
                 0.965     0.004      0.96      0.965     0.963      0.999    6
                 0.96      0.001      0.99      0.96      0.975      0.999    7
                 0.98      0.002      0.98      0.98      0.98       0.999    8
                 0.965     0.003      0.975     0.965     0.97       0.999    9
                 0.97      0.004      0.96      0.97      0.965      0.999    10
Weighted Avg.    0.972     0.003      0.972     0.972     0.971      0.999


=== Confusion Matrix ===

   a   b   c   d   e   f   g   h   i   j   <-- classified as
 198   0   0   0   0   0   0   1   1   0 |   a = 1
   0 198   0   0   0   1   0   0   1   0 |   b = 2
   0   0 199   0   0   0   0   0   1   0 |   c = 3
   1   2   1 189   0   3   2   1   0   1 |   d = 4
   0   2   1   1 191   2   0   1   1   1 |   e = 5
   0   0   2   2   0 193   0   0   0   3 |   f = 6
   2   0   1   0   5   0 192   0   0   0 |   g = 7
   0   0   0   1   0   0   0 196   0   3 |   h = 8
   1   1   2   1   0   2   0   0 193   0 |   i = 9
   1   1   1   1   0   0   0   1   1 194 |   j = 10



=== Stratified cross-validation ===

Correctly Classified Instances        1657               82.85   %
Incorrectly Classified Instances       343               17.15   %
Kappa statistic                          0.8094
Mean absolute error                      0.0362
Root mean squared error                  0.1768
Relative absolute error                 20.1041 %
Root relative squared error             58.9332 %
Total Number of Instances             2000     


=== Detailed Accuracy By Class ===

               TP Rate   FP Rate   Precision   Recall  F-Measure   ROC Area  Class
                 0.875     0.018      0.845     0.875     0.86       0.931    1
                 0.865     0.018      0.844     0.865     0.854      0.938    2
                 0.895     0.011      0.904     0.895     0.899      0.955    3
                 0.85      0.019      0.829     0.85      0.84       0.916    4
                 0.83      0.012      0.883     0.83      0.856      0.919    5
                 0.73      0.025      0.764     0.73      0.747      0.853    6
                 0.845     0.027      0.779     0.845     0.811      0.922    7
                 0.88      0.014      0.876     0.88      0.878      0.947    8
                 0.725     0.027      0.747     0.725     0.736      0.87     9
                 0.79      0.02       0.814     0.79      0.802      0.9      10
Weighted Avg.    0.829     0.019      0.829     0.829     0.828      0.915


=== Confusion Matrix ===

   a   b   c   d   e   f   g   h   i   j   <-- classified as
 175   1   0   1   2   1   9   1  10   0 |   a = 1
   2 173   1   1   4   5   2   2   8   2 |   b = 2
   2   4 179   1   0   0   2   7   2   3 |   c = 3
   3   2   1 170   0  11   2   2   3   6 |   d = 4
   3   7   1   2 166   3  16   0   2   0 |   e = 5
   6   1   0  11   5 146   9   3  10   9 |   f = 6
   4   2   1   1   8   6 169   1   7   1 |   g = 7
   0   4   6   6   0   0   0 176   0   8 |   h = 8
  11   7   5   3   2  11   8   1 145   7 |   i = 9
   1   4   4   9   1   8   0   8   7 158 |   j = 10

