monks-problems-2_train

J48 pruned tree
------------------

class = 0
|   attr3 = 1: 1 (50.0/19.0)
|   attr3 = 2
|   |   attr4 = 1: 1 (20.0/7.0)
|   |   attr4 = 2: 2 (15.0/7.0)
|   |   attr4 = 3: 2 (20.0/5.0)
class = 1
|   attr3 = 1: 2 (33.0/9.0)
|   attr3 = 2
|   |   attr2 = 1: 2 (11.0/3.0)
|   |   attr2 = 2: 1 (11.0/1.0)
|   |   attr2 = 3: 1 (9.0/3.0)

Number of Leaves  : 	8

Size of the tree : 	13


Time taken to build model: 0.06 seconds
Time taken to test model on training data: 0.02 seconds

=== Error on training data ===

Correctly Classified Instances         115               68.0473 %
Incorrectly Classified Instances        54               31.9527 %
Kappa statistic                          0.3612
Mean absolute error                      0.4195
Root mean squared error                  0.458 
Relative absolute error                 83.9075 %
Root relative squared error             91.6011 %
Total Number of Instances              169     


=== Detailed Accuracy By Class ===

               TP Rate   FP Rate   Precision   Recall  F-Measure   ROC Area  Class
                 0.714     0.353      0.667     0.714     0.69       0.716    1
                 0.647     0.286      0.696     0.647     0.671      0.716    2
Weighted Avg.    0.68      0.319      0.682     0.68      0.68       0.716


=== Confusion Matrix ===

  a  b   <-- classified as
 60 24 |  a = 1
 30 55 |  b = 2



=== Stratified cross-validation ===

Correctly Classified Instances          99               58.5799 %
Incorrectly Classified Instances        70               41.4201 %
Kappa statistic                          0.1723
Mean absolute error                      0.4644
Root mean squared error                  0.5285
Relative absolute error                 92.8427 %
Root relative squared error            105.6623 %
Total Number of Instances              169     


=== Detailed Accuracy By Class ===

               TP Rate   FP Rate   Precision   Recall  F-Measure   ROC Area  Class
                 0.655     0.482      0.573     0.655     0.611      0.563    1
                 0.518     0.345      0.603     0.518     0.557      0.563    2
Weighted Avg.    0.586     0.413      0.588     0.586     0.584      0.563


=== Confusion Matrix ===

  a  b   <-- classified as
 55 29 |  a = 1
 41 44 |  b = 2

