soybean

J48 pruned tree
------------------

leafspot-size = lt-1/8
|   canker-lesion = dna
|   |   leafspots-marg = w-s-marg
|   |   |   seed-size = norm: bacterial-blight (21.0/1.0)
|   |   |   seed-size = lt-norm: bacterial-pustule (3.23/1.23)
|   |   leafspots-marg = no-w-s-marg: bacterial-pustule (17.91/0.91)
|   |   leafspots-marg = dna: bacterial-blight (0.0)
|   canker-lesion = brown: bacterial-blight (0.0)
|   canker-lesion = dk-brown-blk: phytophthora-rot (4.78/0.1)
|   canker-lesion = tan: purple-seed-stain (11.23/0.23)
leafspot-size = gt-1/8
|   roots = norm
|   |   mold-growth = absent
|   |   |   fruit-spots = absent
|   |   |   |   leaf-malf = absent
|   |   |   |   |   fruiting-bodies = absent
|   |   |   |   |   |   date = april: brown-spot (5.0)
|   |   |   |   |   |   date = may: brown-spot (24.0/1.0)
|   |   |   |   |   |   date = june
|   |   |   |   |   |   |   precip = lt-norm: phyllosticta-leaf-spot (4.0)
|   |   |   |   |   |   |   precip = norm: brown-spot (5.0/2.0)
|   |   |   |   |   |   |   precip = gt-norm: brown-spot (21.0)
|   |   |   |   |   |   date = july
|   |   |   |   |   |   |   precip = lt-norm: phyllosticta-leaf-spot (1.0)
|   |   |   |   |   |   |   precip = norm: phyllosticta-leaf-spot (2.0)
|   |   |   |   |   |   |   precip = gt-norm: frog-eye-leaf-spot (11.0/5.0)
|   |   |   |   |   |   date = august
|   |   |   |   |   |   |   leaf-shread = absent
|   |   |   |   |   |   |   |   seed-tmt = none: alternarialeaf-spot (16.0/4.0)
|   |   |   |   |   |   |   |   seed-tmt = fungicide
|   |   |   |   |   |   |   |   |   plant-stand = normal: frog-eye-leaf-spot (6.0)
|   |   |   |   |   |   |   |   |   plant-stand = lt-normal: alternarialeaf-spot (5.0/1.0)
|   |   |   |   |   |   |   |   seed-tmt = other: frog-eye-leaf-spot (3.0)
|   |   |   |   |   |   |   leaf-shread = present: alternarialeaf-spot (2.0)
|   |   |   |   |   |   date = september
|   |   |   |   |   |   |   stem = norm: alternarialeaf-spot (44.0/4.0)
|   |   |   |   |   |   |   stem = abnorm: frog-eye-leaf-spot (2.0)
|   |   |   |   |   |   date = october: alternarialeaf-spot (31.0/1.0)
|   |   |   |   |   fruiting-bodies = present: brown-spot (34.0)
|   |   |   |   leaf-malf = present: phyllosticta-leaf-spot (10.0)
|   |   |   fruit-spots = colored
|   |   |   |   fruit-pods = norm: brown-spot (2.0)
|   |   |   |   fruit-pods = diseased: frog-eye-leaf-spot (62.0)
|   |   |   |   fruit-pods = few-present: frog-eye-leaf-spot (0.0)
|   |   |   |   fruit-pods = dna: frog-eye-leaf-spot (0.0)
|   |   |   fruit-spots = brown-w/blk-specks
|   |   |   |   crop-hist = diff-lst-year: brown-spot (0.0)
|   |   |   |   crop-hist = same-lst-yr: brown-spot (2.0)
|   |   |   |   crop-hist = same-lst-two-yrs: brown-spot (0.0)
|   |   |   |   crop-hist = same-lst-sev-yrs: frog-eye-leaf-spot (2.0)
|   |   |   fruit-spots = distort: brown-spot (0.0)
|   |   |   fruit-spots = dna: brown-stem-rot (9.0)
|   |   mold-growth = present
|   |   |   leaves = norm: diaporthe-pod-&-stem-blight (7.25)
|   |   |   leaves = abnorm: downy-mildew (20.0)
|   roots = rotted
|   |   area-damaged = scattered: herbicide-injury (1.1/0.1)
|   |   area-damaged = low-areas: phytophthora-rot (30.03)
|   |   area-damaged = upper-areas: phytophthora-rot (0.0)
|   |   area-damaged = whole-field: herbicide-injury (3.66/0.66)
|   roots = galls-cysts: cyst-nematode (7.81/0.17)
leafspot-size = dna
|   int-discolor = none
|   |   leaves = norm
|   |   |   stem-cankers = absent
|   |   |   |   canker-lesion = dna: diaporthe-pod-&-stem-blight (5.53)
|   |   |   |   canker-lesion = brown: purple-seed-stain (0.0)
|   |   |   |   canker-lesion = dk-brown-blk: purple-seed-stain (0.0)
|   |   |   |   canker-lesion = tan: purple-seed-stain (9.0)
|   |   |   stem-cankers = below-soil: rhizoctonia-root-rot (19.0)
|   |   |   stem-cankers = above-soil: anthracnose (0.0)
|   |   |   stem-cankers = above-sec-nde: anthracnose (24.0)
|   |   leaves = abnorm
|   |   |   stem = norm
|   |   |   |   plant-growth = norm: powdery-mildew (22.0/2.0)
|   |   |   |   plant-growth = abnorm: cyst-nematode (4.3/0.39)
|   |   |   stem = abnorm
|   |   |   |   plant-stand = normal
|   |   |   |   |   leaf-malf = absent
|   |   |   |   |   |   seed = norm: diaporthe-stem-canker (21.0/1.0)
|   |   |   |   |   |   seed = abnorm: anthracnose (9.0)
|   |   |   |   |   leaf-malf = present: 2-4-d-injury (3.0)
|   |   |   |   plant-stand = lt-normal
|   |   |   |   |   fruiting-bodies = absent: phytophthora-rot (50.16/7.61)
|   |   |   |   |   fruiting-bodies = present
|   |   |   |   |   |   roots = norm: anthracnose (11.0/1.0)
|   |   |   |   |   |   roots = rotted: phytophthora-rot (12.89/2.15)
|   |   |   |   |   |   roots = galls-cysts: phytophthora-rot (0.0)
|   int-discolor = brown
|   |   leaf-malf = absent: brown-stem-rot (35.73/0.73)
|   |   leaf-malf = present: 2-4-d-injury (3.15/0.68)
|   int-discolor = black: charcoal-rot (22.22/2.22)

Number of Leaves  : 	61

Size of the tree : 	93


Time taken to build model: 0.2 seconds
Time taken to test model on training data: 0.09 seconds

=== Error on training data ===

Correctly Classified Instances         658               96.3397 %
Incorrectly Classified Instances        25                3.6603 %
Kappa statistic                          0.9598
Mean absolute error                      0.0104
Root mean squared error                  0.0625
Relative absolute error                 10.7981 %
Root relative squared error             28.5358 %
Total Number of Instances              683     


=== Detailed Accuracy By Class ===

               TP Rate   FP Rate   Precision   Recall  F-Measure   ROC Area  Class
                 1         0.002      0.952     1         0.976      0.999    diaporthe-stem-canker
                 1         0          1         1         1          1        charcoal-rot
                 0.95      0          1         0.95      0.974      0.999    rhizoctonia-root-rot
                 1         0.008      0.946     1         0.972      1        phytophthora-rot
                 1         0          1         1         1          1        brown-stem-rot
                 1         0          1         1         1          1        powdery-mildew
                 1         0          1         1         1          1        downy-mildew
                 0.978     0.005      0.968     0.978     0.973      0.999    brown-spot
                 1         0.002      0.952     1         0.976      0.999    bacterial-blight
                 0.95      0          1         0.95      0.974      0.998    bacterial-pustule
                 1         0          1         1         1          1        purple-seed-stain
                 0.977     0          1         0.977     0.989      0.999    anthracnose
                 0.85      0          1         0.85      0.919      0.999    phyllosticta-leaf-spot
                 0.967     0.017      0.898     0.967     0.931      0.995    alternarialeaf-spot
                 0.89      0.008      0.942     0.89      0.915      0.994    frog-eye-leaf-spot
                 1         0          1         1         1          1        diaporthe-pod-&-stem-blight
                 1         0          1         1         1          1        cyst-nematode
                 1         0          1         1         1          1        2-4-d-injury
                 0.5       0          1         0.5       0.667      1        herbicide-injury
Weighted Avg.    0.963     0.005      0.965     0.963     0.962      0.998


=== Confusion Matrix ===

  a  b  c  d  e  f  g  h  i  j  k  l  m  n  o  p  q  r  s   <-- classified as
 20  0  0  0  0  0  0  0  0  0  0  0  0  0  0  0  0  0  0 |  a = diaporthe-stem-canker
  0 20  0  0  0  0  0  0  0  0  0  0  0  0  0  0  0  0  0 |  b = charcoal-rot
  1  0 19  0  0  0  0  0  0  0  0  0  0  0  0  0  0  0  0 |  c = rhizoctonia-root-rot
  0  0  0 88  0  0  0  0  0  0  0  0  0  0  0  0  0  0  0 |  d = phytophthora-rot
  0  0  0  0 44  0  0  0  0  0  0  0  0  0  0  0  0  0  0 |  e = brown-stem-rot
  0  0  0  0  0 20  0  0  0  0  0  0  0  0  0  0  0  0  0 |  f = powdery-mildew
  0  0  0  0  0  0 20  0  0  0  0  0  0  0  0  0  0  0  0 |  g = downy-mildew
  0  0  0  0  0  0  0 90  0  0  0  0  0  0  2  0  0  0  0 |  h = brown-spot
  0  0  0  0  0  0  0  0 20  0  0  0  0  0  0  0  0  0  0 |  i = bacterial-blight
  0  0  0  0  0  0  0  0  1 19  0  0  0  0  0  0  0  0  0 |  j = bacterial-pustule
  0  0  0  0  0  0  0  0  0  0 20  0  0  0  0  0  0  0  0 |  k = purple-seed-stain
  0  0  0  1  0  0  0  0  0  0  0 43  0  0  0  0  0  0  0 |  l = anthracnose
  0  0  0  0  0  0  0  3  0  0  0  0 17  0  0  0  0  0  0 |  m = phyllosticta-leaf-spot
  0  0  0  0  0  0  0  0  0  0  0  0  0 88  3  0  0  0  0 |  n = alternarialeaf-spot
  0  0  0  0  0  0  0  0  0  0  0  0  0 10 81  0  0  0  0 |  o = frog-eye-leaf-spot
  0  0  0  0  0  0  0  0  0  0  0  0  0  0  0 15  0  0  0 |  p = diaporthe-pod-&-stem-blight
  0  0  0  0  0  0  0  0  0  0  0  0  0  0  0  0 14  0  0 |  q = cyst-nematode
  0  0  0  0  0  0  0  0  0  0  0  0  0  0  0  0  0 16  0 |  r = 2-4-d-injury
  0  0  0  4  0  0  0  0  0  0  0  0  0  0  0  0  0  0  4 |  s = herbicide-injury



=== Stratified cross-validation ===

Correctly Classified Instances         625               91.5081 %
Incorrectly Classified Instances        58                8.4919 %
Kappa statistic                          0.9068
Mean absolute error                      0.0135
Root mean squared error                  0.0842
Relative absolute error                 14.0484 %
Root relative squared error             38.4134 %
Total Number of Instances              683     


=== Detailed Accuracy By Class ===

               TP Rate   FP Rate   Precision   Recall  F-Measure   ROC Area  Class
                 0.95      0.002      0.95      0.95      0.95       0.974    diaporthe-stem-canker
                 1         0          1         1         1          1        charcoal-rot
                 0.95      0.002      0.95      0.95      0.95       0.974    rhizoctonia-root-rot
                 0.989     0.01       0.935     0.989     0.961      0.99     phytophthora-rot
                 1         0          1         1         1          1        brown-stem-rot
                 1         0          1         1         1          1        powdery-mildew
                 1         0          1         1         1          1        downy-mildew
                 0.924     0.012      0.924     0.924     0.924      0.995    brown-spot
                 1         0.002      0.952     1         0.976      0.999    bacterial-blight
                 0.95      0          1         0.95      0.974      0.973    bacterial-pustule
                 1         0          1         1         1          1        purple-seed-stain
                 0.909     0.005      0.93      0.909     0.92       0.973    anthracnose
                 0.7       0.005      0.824     0.7       0.757      0.972    phyllosticta-leaf-spot
                 0.934     0.035      0.802     0.934     0.863      0.968    alternarialeaf-spot
                 0.736     0.02       0.848     0.736     0.788      0.966    frog-eye-leaf-spot
                 1         0.001      0.938     1         0.968      0.999    diaporthe-pod-&-stem-blight
                 1         0          1         1         1          1        cyst-nematode
                 0.875     0.003      0.875     0.875     0.875      0.998    2-4-d-injury
                 0.375     0          1         0.375     0.545      0.915    herbicide-injury
Weighted Avg.    0.915     0.011      0.917     0.915     0.913      0.983


=== Confusion Matrix ===

  a  b  c  d  e  f  g  h  i  j  k  l  m  n  o  p  q  r  s   <-- classified as
 19  0  1  0  0  0  0  0  0  0  0  0  0  0  0  0  0  0  0 |  a = diaporthe-stem-canker
  0 20  0  0  0  0  0  0  0  0  0  0  0  0  0  0  0  0  0 |  b = charcoal-rot
  1  0 19  0  0  0  0  0  0  0  0  0  0  0  0  0  0  0  0 |  c = rhizoctonia-root-rot
  0  0  0 87  0  0  0  0  0  0  0  1  0  0  0  0  0  0  0 |  d = phytophthora-rot
  0  0  0  0 44  0  0  0  0  0  0  0  0  0  0  0  0  0  0 |  e = brown-stem-rot
  0  0  0  0  0 20  0  0  0  0  0  0  0  0  0  0  0  0  0 |  f = powdery-mildew
  0  0  0  0  0  0 20  0  0  0  0  0  0  0  0  0  0  0  0 |  g = downy-mildew
  0  0  0  0  0  0  0 85  0  0  0  0  2  1  4  0  0  0  0 |  h = brown-spot
  0  0  0  0  0  0  0  0 20  0  0  0  0  0  0  0  0  0  0 |  i = bacterial-blight
  0  0  0  0  0  0  0  0  1 19  0  0  0  0  0  0  0  0  0 |  j = bacterial-pustule
  0  0  0  0  0  0  0  0  0  0 20  0  0  0  0  0  0  0  0 |  k = purple-seed-stain
  0  0  0  4  0  0  0  0  0  0  0 40  0  0  0  0  0  0  0 |  l = anthracnose
  0  0  0  0  0  0  0  3  0  0  0  0 14  0  3  0  0  0  0 |  m = phyllosticta-leaf-spot
  0  0  0  0  0  0  0  1  0  0  0  0  0 85  5  0  0  0  0 |  n = alternarialeaf-spot
  0  0  0  0  0  0  0  3  0  0  0  0  1 20 67  0  0  0  0 |  o = frog-eye-leaf-spot
  0  0  0  0  0  0  0  0  0  0  0  0  0  0  0 15  0  0  0 |  p = diaporthe-pod-&-stem-blight
  0  0  0  0  0  0  0  0  0  0  0  0  0  0  0  0 14  0  0 |  q = cyst-nematode
  0  0  0  1  0  0  0  0  0  0  0  1  0  0  0  0  0 14  0 |  r = 2-4-d-injury
  0  0  0  1  0  0  0  0  0  0  0  1  0  0  0  1  0  2  3 |  s = herbicide-injury

