pendigits

J48 pruned tree
------------------

input14 <= 50
|   input16 <= 19
|   |   input11 <= 45
|   |   |   input15 <= 46
|   |   |   |   input16 <= 1
|   |   |   |   |   input6 <= 69
|   |   |   |   |   |   input2 <= 99: 0 (3.0)
|   |   |   |   |   |   input2 > 99: 4 (6.0)
|   |   |   |   |   input6 > 69
|   |   |   |   |   |   input13 <= 27
|   |   |   |   |   |   |   input3 <= 11
|   |   |   |   |   |   |   |   input1 <= 26: 7 (9.0)
|   |   |   |   |   |   |   |   input1 > 26: 1 (3.0)
|   |   |   |   |   |   |   input3 > 11
|   |   |   |   |   |   |   |   input15 <= 16: 1 (141.0/1.0)
|   |   |   |   |   |   |   |   input15 > 16
|   |   |   |   |   |   |   |   |   input4 <= 95: 1 (11.0)
|   |   |   |   |   |   |   |   |   input4 > 95: 7 (4.0/1.0)
|   |   |   |   |   |   input13 > 27
|   |   |   |   |   |   |   input1 <= 23
|   |   |   |   |   |   |   |   input4 <= 87: 1 (2.0)
|   |   |   |   |   |   |   |   input4 > 87: 7 (8.0/1.0)
|   |   |   |   |   |   |   input1 > 23: 5 (8.0/1.0)
|   |   |   |   input16 > 1: 6 (24.0)
|   |   |   input15 > 46
|   |   |   |   input4 <= 92
|   |   |   |   |   input14 <= 29
|   |   |   |   |   |   input13 <= 54
|   |   |   |   |   |   |   input7 <= 83
|   |   |   |   |   |   |   |   input12 <= 8
|   |   |   |   |   |   |   |   |   input8 <= 56
|   |   |   |   |   |   |   |   |   |   input10 <= 15: 1 (17.0)
|   |   |   |   |   |   |   |   |   |   input10 > 15: 2 (3.0)
|   |   |   |   |   |   |   |   |   input8 > 56: 1 (80.0)
|   |   |   |   |   |   |   |   input12 > 8
|   |   |   |   |   |   |   |   |   input4 <= 88: 1 (17.0/1.0)
|   |   |   |   |   |   |   |   |   input4 > 88
|   |   |   |   |   |   |   |   |   |   input8 <= 65: 1 (2.0)
|   |   |   |   |   |   |   |   |   |   input8 > 65: 2 (5.0)
|   |   |   |   |   |   |   input7 > 83
|   |   |   |   |   |   |   |   input3 <= 50
|   |   |   |   |   |   |   |   |   input15 <= 55: 1 (2.0/1.0)
|   |   |   |   |   |   |   |   |   input15 > 55: 2 (15.0)
|   |   |   |   |   |   |   |   input3 > 50: 1 (8.0)
|   |   |   |   |   |   input13 > 54
|   |   |   |   |   |   |   input2 <= 60
|   |   |   |   |   |   |   |   input8 <= 64: 1 (4.0)
|   |   |   |   |   |   |   |   input8 > 64: 2 (2.0)
|   |   |   |   |   |   |   input2 > 60: 2 (8.0)
|   |   |   |   |   input14 > 29: 9 (2.0)
|   |   |   |   input4 > 92
|   |   |   |   |   input9 <= 34
|   |   |   |   |   |   input5 <= 49
|   |   |   |   |   |   |   input13 <= 55
|   |   |   |   |   |   |   |   input6 <= 77
|   |   |   |   |   |   |   |   |   input5 <= 41: 1 (3.0)
|   |   |   |   |   |   |   |   |   input5 > 41: 2 (17.0/1.0)
|   |   |   |   |   |   |   |   input6 > 77
|   |   |   |   |   |   |   |   |   input3 <= 16: 2 (4.0)
|   |   |   |   |   |   |   |   |   input3 > 16: 1 (31.0/1.0)
|   |   |   |   |   |   |   input13 > 55: 2 (104.0/1.0)
|   |   |   |   |   |   input5 > 49
|   |   |   |   |   |   |   input10 <= 7
|   |   |   |   |   |   |   |   input9 <= 19: 2 (143.0/1.0)
|   |   |   |   |   |   |   |   input9 > 19
|   |   |   |   |   |   |   |   |   input5 <= 71
|   |   |   |   |   |   |   |   |   |   input1 <= 10: 2 (2.0)
|   |   |   |   |   |   |   |   |   |   input1 > 10: 1 (17.0)
|   |   |   |   |   |   |   |   |   input5 > 71: 2 (25.0/3.0)
|   |   |   |   |   |   |   input10 > 7
|   |   |   |   |   |   |   |   input12 <= 32: 2 (525.0/2.0)
|   |   |   |   |   |   |   |   input12 > 32
|   |   |   |   |   |   |   |   |   input9 <= 13: 2 (4.0)
|   |   |   |   |   |   |   |   |   input9 > 13: 1 (2.0)
|   |   |   |   |   input9 > 34
|   |   |   |   |   |   input7 <= 64
|   |   |   |   |   |   |   input3 <= 29
|   |   |   |   |   |   |   |   input2 <= 65: 1 (3.0)
|   |   |   |   |   |   |   |   input2 > 65: 2 (21.0)
|   |   |   |   |   |   |   input3 > 29
|   |   |   |   |   |   |   |   input2 <= 87
|   |   |   |   |   |   |   |   |   input9 <= 37
|   |   |   |   |   |   |   |   |   |   input7 <= 60: 1 (15.0)
|   |   |   |   |   |   |   |   |   |   input7 > 60: 2 (3.0)
|   |   |   |   |   |   |   |   |   input9 > 37: 1 (98.0)
|   |   |   |   |   |   |   |   input2 > 87: 2 (4.0/1.0)
|   |   |   |   |   |   input7 > 64
|   |   |   |   |   |   |   input2 <= 93
|   |   |   |   |   |   |   |   input9 <= 71
|   |   |   |   |   |   |   |   |   input3 <= 54: 2 (133.0)
|   |   |   |   |   |   |   |   |   input3 > 54
|   |   |   |   |   |   |   |   |   |   input5 <= 84: 1 (15.0/1.0)
|   |   |   |   |   |   |   |   |   |   input5 > 84
|   |   |   |   |   |   |   |   |   |   |   input9 <= 52: 2 (69.0/1.0)
|   |   |   |   |   |   |   |   |   |   |   input9 > 52: 1 (6.0/1.0)
|   |   |   |   |   |   |   |   input9 > 71
|   |   |   |   |   |   |   |   |   input12 <= 22: 1 (8.0)
|   |   |   |   |   |   |   |   |   input12 > 22: 3 (2.0)
|   |   |   |   |   |   |   input2 > 93
|   |   |   |   |   |   |   |   input1 <= 1: 7 (5.0)
|   |   |   |   |   |   |   |   input1 > 1: 2 (3.0)
|   |   input11 > 45
|   |   |   input6 <= 69
|   |   |   |   input10 <= 15
|   |   |   |   |   input15 <= 64: 6 (365.0)
|   |   |   |   |   input15 > 64: 4 (12.0)
|   |   |   |   input10 > 15
|   |   |   |   |   input14 <= 13
|   |   |   |   |   |   input8 <= 53: 3 (11.0)
|   |   |   |   |   |   input8 > 53
|   |   |   |   |   |   |   input10 <= 45: 3 (2.0)
|   |   |   |   |   |   |   input10 > 45: 9 (153.0/1.0)
|   |   |   |   |   input14 > 13
|   |   |   |   |   |   input4 <= 53
|   |   |   |   |   |   |   input1 <= 14: 1 (25.0)
|   |   |   |   |   |   |   input1 > 14
|   |   |   |   |   |   |   |   input8 <= 81: 0 (3.0/1.0)
|   |   |   |   |   |   |   |   input8 > 81: 9 (6.0)
|   |   |   |   |   |   input4 > 53
|   |   |   |   |   |   |   input8 <= 67: 4 (1047.0/3.0)
|   |   |   |   |   |   |   input8 > 67
|   |   |   |   |   |   |   |   input1 <= 63: 4 (7.0)
|   |   |   |   |   |   |   |   input1 > 63: 9 (31.0)
|   |   |   input6 > 69
|   |   |   |   input4 <= 88
|   |   |   |   |   input1 <= 0
|   |   |   |   |   |   input9 <= 50
|   |   |   |   |   |   |   input16 <= 5: 9 (35.0/1.0)
|   |   |   |   |   |   |   input16 > 5: 8 (5.0)
|   |   |   |   |   |   input9 > 50
|   |   |   |   |   |   |   input2 <= 83
|   |   |   |   |   |   |   |   input3 <= 11
|   |   |   |   |   |   |   |   |   input6 <= 92: 1 (23.0)
|   |   |   |   |   |   |   |   |   input6 > 92
|   |   |   |   |   |   |   |   |   |   input15 <= 76: 7 (4.0)
|   |   |   |   |   |   |   |   |   |   input15 > 76: 1 (2.0/1.0)
|   |   |   |   |   |   |   |   input3 > 11: 1 (513.0/1.0)
|   |   |   |   |   |   |   input2 > 83
|   |   |   |   |   |   |   |   input4 <= 72: 9 (2.0)
|   |   |   |   |   |   |   |   input4 > 72
|   |   |   |   |   |   |   |   |   input4 <= 84: 7 (3.0)
|   |   |   |   |   |   |   |   |   input4 > 84: 1 (4.0/1.0)
|   |   |   |   |   input1 > 0
|   |   |   |   |   |   input13 <= 32
|   |   |   |   |   |   |   input7 <= 49: 9 (4.0)
|   |   |   |   |   |   |   input7 > 49: 1 (28.0/1.0)
|   |   |   |   |   |   input13 > 32
|   |   |   |   |   |   |   input3 <= 5
|   |   |   |   |   |   |   |   input11 <= 88
|   |   |   |   |   |   |   |   |   input8 <= 94
|   |   |   |   |   |   |   |   |   |   input4 <= 82: 4 (2.0)
|   |   |   |   |   |   |   |   |   |   input4 > 82: 9 (3.0)
|   |   |   |   |   |   |   |   |   input8 > 94
|   |   |   |   |   |   |   |   |   |   input6 <= 90: 1 (13.0/1.0)
|   |   |   |   |   |   |   |   |   |   input6 > 90
|   |   |   |   |   |   |   |   |   |   |   input10 <= 76: 1 (3.0)
|   |   |   |   |   |   |   |   |   |   |   input10 > 76: 7 (26.0)
|   |   |   |   |   |   |   |   input11 > 88: 9 (20.0)
|   |   |   |   |   |   |   input3 > 5
|   |   |   |   |   |   |   |   input8 <= 58: 4 (7.0/1.0)
|   |   |   |   |   |   |   |   input8 > 58
|   |   |   |   |   |   |   |   |   input2 <= 32: 8 (7.0)
|   |   |   |   |   |   |   |   |   input2 > 32
|   |   |   |   |   |   |   |   |   |   input2 <= 65
|   |   |   |   |   |   |   |   |   |   |   input7 <= 75: 9 (67.0/1.0)
|   |   |   |   |   |   |   |   |   |   |   input7 > 75
|   |   |   |   |   |   |   |   |   |   |   |   input4 <= 85: 1 (11.0)
|   |   |   |   |   |   |   |   |   |   |   |   input4 > 85: 3 (3.0)
|   |   |   |   |   |   |   |   |   |   input2 > 65: 9 (286.0)
|   |   |   |   input4 > 88
|   |   |   |   |   input14 <= 16
|   |   |   |   |   |   input5 <= 58
|   |   |   |   |   |   |   input1 <= 38
|   |   |   |   |   |   |   |   input11 <= 70
|   |   |   |   |   |   |   |   |   input2 <= 93: 2 (5.0)
|   |   |   |   |   |   |   |   |   input2 > 93: 1 (2.0/1.0)
|   |   |   |   |   |   |   |   input11 > 70
|   |   |   |   |   |   |   |   |   input3 <= 59
|   |   |   |   |   |   |   |   |   |   input16 <= 11
|   |   |   |   |   |   |   |   |   |   |   input10 <= 32: 1 (10.0/1.0)
|   |   |   |   |   |   |   |   |   |   |   input10 > 32: 3 (17.0)
|   |   |   |   |   |   |   |   |   |   input16 > 11: 5 (2.0)
|   |   |   |   |   |   |   |   |   input3 > 59
|   |   |   |   |   |   |   |   |   |   input7 <= 36: 5 (42.0)
|   |   |   |   |   |   |   |   |   |   input7 > 36: 3 (2.0/1.0)
|   |   |   |   |   |   |   input1 > 38
|   |   |   |   |   |   |   |   input7 <= 50
|   |   |   |   |   |   |   |   |   input2 <= 79: 9 (47.0)
|   |   |   |   |   |   |   |   |   input2 > 79
|   |   |   |   |   |   |   |   |   |   input10 <= 23: 6 (2.0)
|   |   |   |   |   |   |   |   |   |   input10 > 23
|   |   |   |   |   |   |   |   |   |   |   input3 <= 14: 9 (3.0)
|   |   |   |   |   |   |   |   |   |   |   input3 > 14
|   |   |   |   |   |   |   |   |   |   |   |   input10 <= 69: 5 (174.0)
|   |   |   |   |   |   |   |   |   |   |   |   input10 > 69: 9 (3.0/1.0)
|   |   |   |   |   |   |   |   input7 > 50
|   |   |   |   |   |   |   |   |   input10 <= 48
|   |   |   |   |   |   |   |   |   |   input8 <= 74: 5 (13.0)
|   |   |   |   |   |   |   |   |   |   input8 > 74: 9 (7.0)
|   |   |   |   |   |   |   |   |   input10 > 48: 9 (175.0)
|   |   |   |   |   |   input5 > 58
|   |   |   |   |   |   |   input1 <= 72
|   |   |   |   |   |   |   |   input3 <= 89
|   |   |   |   |   |   |   |   |   input15 <= 61
|   |   |   |   |   |   |   |   |   |   input8 <= 82
|   |   |   |   |   |   |   |   |   |   |   input10 <= 26
|   |   |   |   |   |   |   |   |   |   |   |   input1 <= 40: 1 (5.0)
|   |   |   |   |   |   |   |   |   |   |   |   input1 > 40: 3 (6.0)
|   |   |   |   |   |   |   |   |   |   |   input10 > 26
|   |   |   |   |   |   |   |   |   |   |   |   input13 <= 32
|   |   |   |   |   |   |   |   |   |   |   |   |   input4 <= 99: 1 (4.0)
|   |   |   |   |   |   |   |   |   |   |   |   |   input4 > 99: 3 (13.0)
|   |   |   |   |   |   |   |   |   |   |   |   input13 > 32
|   |   |   |   |   |   |   |   |   |   |   |   |   input8 <= 76: 3 (877.0/7.0)
|   |   |   |   |   |   |   |   |   |   |   |   |   input8 > 76
|   |   |   |   |   |   |   |   |   |   |   |   |   |   input7 <= 46: 5 (4.0)
|   |   |   |   |   |   |   |   |   |   |   |   |   |   input7 > 46: 3 (34.0)
|   |   |   |   |   |   |   |   |   |   input8 > 82
|   |   |   |   |   |   |   |   |   |   |   input7 <= 67: 5 (29.0)
|   |   |   |   |   |   |   |   |   |   |   input7 > 67
|   |   |   |   |   |   |   |   |   |   |   |   input16 <= 3
|   |   |   |   |   |   |   |   |   |   |   |   |   input6 <= 99: 7 (3.0)
|   |   |   |   |   |   |   |   |   |   |   |   |   input6 > 99: 3 (3.0)
|   |   |   |   |   |   |   |   |   |   |   |   input16 > 3: 9 (3.0)
|   |   |   |   |   |   |   |   |   input15 > 61
|   |   |   |   |   |   |   |   |   |   input3 <= 55
|   |   |   |   |   |   |   |   |   |   |   input3 <= 32: 2 (7.0)
|   |   |   |   |   |   |   |   |   |   |   input3 > 32: 7 (5.0)
|   |   |   |   |   |   |   |   |   |   input3 > 55: 1 (8.0)
|   |   |   |   |   |   |   |   input3 > 89
|   |   |   |   |   |   |   |   |   input6 <= 85
|   |   |   |   |   |   |   |   |   |   input7 <= 55: 5 (2.0)
|   |   |   |   |   |   |   |   |   |   input7 > 55: 3 (24.0/1.0)
|   |   |   |   |   |   |   |   |   input6 > 85: 5 (120.0/2.0)
|   |   |   |   |   |   |   input1 > 72
|   |   |   |   |   |   |   |   input8 <= 69
|   |   |   |   |   |   |   |   |   input5 <= 93
|   |   |   |   |   |   |   |   |   |   input3 <= 99: 1 (2.0/1.0)
|   |   |   |   |   |   |   |   |   |   input3 > 99: 5 (2.0)
|   |   |   |   |   |   |   |   |   input5 > 93: 3 (5.0)
|   |   |   |   |   |   |   |   input8 > 69: 9 (31.0)
|   |   |   |   |   input14 > 16
|   |   |   |   |   |   input10 <= 55
|   |   |   |   |   |   |   input12 <= 29
|   |   |   |   |   |   |   |   input1 <= 16: 7 (4.0/1.0)
|   |   |   |   |   |   |   |   input1 > 16: 6 (24.0)
|   |   |   |   |   |   |   input12 > 29
|   |   |   |   |   |   |   |   input6 <= 81: 4 (52.0)
|   |   |   |   |   |   |   |   input6 > 81
|   |   |   |   |   |   |   |   |   input14 <= 17: 5 (4.0/1.0)
|   |   |   |   |   |   |   |   |   input14 > 17: 3 (2.0)
|   |   |   |   |   |   input10 > 55
|   |   |   |   |   |   |   input1 <= 40
|   |   |   |   |   |   |   |   input3 <= 49
|   |   |   |   |   |   |   |   |   input11 <= 91: 7 (87.0/2.0)
|   |   |   |   |   |   |   |   |   input11 > 91: 9 (2.0)
|   |   |   |   |   |   |   |   input3 > 49
|   |   |   |   |   |   |   |   |   input4 <= 99: 1 (4.0)
|   |   |   |   |   |   |   |   |   input4 > 99
|   |   |   |   |   |   |   |   |   |   input3 <= 71: 3 (2.0/1.0)
|   |   |   |   |   |   |   |   |   |   input3 > 71: 5 (5.0)
|   |   |   |   |   |   |   input1 > 40
|   |   |   |   |   |   |   |   input11 <= 63
|   |   |   |   |   |   |   |   |   input10 <= 68: 5 (8.0)
|   |   |   |   |   |   |   |   |   input10 > 68: 9 (5.0)
|   |   |   |   |   |   |   |   input11 > 63
|   |   |   |   |   |   |   |   |   input1 <= 56
|   |   |   |   |   |   |   |   |   |   input3 <= 59: 4 (4.0)
|   |   |   |   |   |   |   |   |   |   input3 > 59: 9 (5.0)
|   |   |   |   |   |   |   |   |   input1 > 56: 9 (101.0/2.0)
|   input16 > 19
|   |   input7 <= 30
|   |   |   input15 <= 66
|   |   |   |   input10 <= 32
|   |   |   |   |   input5 <= 51: 6 (594.0)
|   |   |   |   |   input5 > 51
|   |   |   |   |   |   input4 <= 98: 8 (3.0/1.0)
|   |   |   |   |   |   input4 > 98: 6 (6.0)
|   |   |   |   input10 > 32
|   |   |   |   |   input4 <= 84
|   |   |   |   |   |   input12 <= 25: 8 (32.0)
|   |   |   |   |   |   input12 > 25
|   |   |   |   |   |   |   input2 <= 89: 8 (3.0)
|   |   |   |   |   |   |   input2 > 89: 9 (4.0)
|   |   |   |   |   input4 > 84
|   |   |   |   |   |   input6 <= 64: 9 (3.0)
|   |   |   |   |   |   input6 > 64: 5 (11.0/1.0)
|   |   |   input15 > 66
|   |   |   |   input13 <= 50
|   |   |   |   |   input12 <= 25: 8 (16.0)
|   |   |   |   |   input12 > 25: 7 (4.0)
|   |   |   |   input13 > 50
|   |   |   |   |   input16 <= 33: 2 (10.0)
|   |   |   |   |   input16 > 33: 0 (28.0)
|   |   input7 > 30
|   |   |   input14 <= 11
|   |   |   |   input15 <= 12
|   |   |   |   |   input10 <= 51
|   |   |   |   |   |   input16 <= 35
|   |   |   |   |   |   |   input8 <= 78: 3 (57.0/1.0)
|   |   |   |   |   |   |   input8 > 78: 9 (4.0)
|   |   |   |   |   |   input16 > 35: 8 (3.0/1.0)
|   |   |   |   |   input10 > 51
|   |   |   |   |   |   input9 <= 46: 8 (3.0/1.0)
|   |   |   |   |   |   input9 > 46: 9 (26.0)
|   |   |   |   input15 > 12
|   |   |   |   |   input4 <= 99
|   |   |   |   |   |   input1 <= 18: 7 (6.0)
|   |   |   |   |   |   input1 > 18: 8 (17.0)
|   |   |   |   |   input4 > 99: 2 (31.0)
|   |   |   input14 > 11
|   |   |   |   input16 <= 58
|   |   |   |   |   input1 <= 53
|   |   |   |   |   |   input4 <= 85
|   |   |   |   |   |   |   input12 <= 6: 8 (7.0/1.0)
|   |   |   |   |   |   |   input12 > 6: 7 (4.0)
|   |   |   |   |   |   input4 > 85
|   |   |   |   |   |   |   input9 <= 10
|   |   |   |   |   |   |   |   input9 <= 1: 2 (5.0)
|   |   |   |   |   |   |   |   input9 > 1: 7 (8.0)
|   |   |   |   |   |   |   input9 > 10
|   |   |   |   |   |   |   |   input1 <= 37: 7 (905.0/1.0)
|   |   |   |   |   |   |   |   input1 > 37
|   |   |   |   |   |   |   |   |   input8 <= 38: 7 (7.0)
|   |   |   |   |   |   |   |   |   input8 > 38: 8 (3.0)
|   |   |   |   |   input1 > 53
|   |   |   |   |   |   input11 <= 52: 8 (24.0)
|   |   |   |   |   |   input11 > 52: 6 (16.0/1.0)
|   |   |   |   input16 > 58
|   |   |   |   |   input12 <= 25: 8 (158.0)
|   |   |   |   |   input12 > 25
|   |   |   |   |   |   input1 <= 44: 7 (8.0)
|   |   |   |   |   |   input1 > 44: 8 (3.0)
input14 > 50
|   input15 <= 92
|   |   input9 <= 58
|   |   |   input13 <= 20
|   |   |   |   input16 <= 72: 6 (3.0/2.0)
|   |   |   |   input16 > 72: 5 (20.0)
|   |   |   input13 > 20
|   |   |   |   input5 <= 23
|   |   |   |   |   input11 <= 72: 8 (37.0/1.0)
|   |   |   |   |   input11 > 72
|   |   |   |   |   |   input10 <= 28
|   |   |   |   |   |   |   input16 <= 70: 6 (10.0)
|   |   |   |   |   |   |   input16 > 70: 0 (55.0)
|   |   |   |   |   |   input10 > 28: 8 (5.0)
|   |   |   |   input5 > 23
|   |   |   |   |   input10 <= 59: 8 (506.0/4.0)
|   |   |   |   |   input10 > 59
|   |   |   |   |   |   input3 <= 29: 0 (4.0/1.0)
|   |   |   |   |   |   input3 > 29: 8 (2.0)
|   |   input9 > 58
|   |   |   input6 <= 52
|   |   |   |   input2 <= 13: 9 (21.0)
|   |   |   |   input2 > 13
|   |   |   |   |   input14 <= 60
|   |   |   |   |   |   input16 <= 2
|   |   |   |   |   |   |   input10 <= 68: 4 (6.0)
|   |   |   |   |   |   |   input10 > 68: 0 (2.0)
|   |   |   |   |   |   input16 > 2
|   |   |   |   |   |   |   input1 <= 53: 0 (6.0)
|   |   |   |   |   |   |   input1 > 53
|   |   |   |   |   |   |   |   input15 <= 9: 6 (7.0)
|   |   |   |   |   |   |   |   input15 > 9: 0 (2.0)
|   |   |   |   |   input14 > 60
|   |   |   |   |   |   input3 <= 49: 0 (1027.0/4.0)
|   |   |   |   |   |   input3 > 49
|   |   |   |   |   |   |   input14 <= 95: 0 (3.0)
|   |   |   |   |   |   |   input14 > 95: 8 (8.0)
|   |   |   input6 > 52
|   |   |   |   input7 <= 25
|   |   |   |   |   input16 <= 48: 6 (4.0)
|   |   |   |   |   input16 > 48: 0 (14.0)
|   |   |   |   input7 > 25
|   |   |   |   |   input1 <= 27: 7 (4.0/1.0)
|   |   |   |   |   input1 > 27: 8 (56.0)
|   input15 > 92
|   |   input14 <= 72
|   |   |   input1 <= 44
|   |   |   |   input14 <= 64: 7 (36.0/1.0)
|   |   |   |   input14 > 64: 5 (4.0/1.0)
|   |   |   input1 > 44: 8 (156.0)
|   |   input14 > 72
|   |   |   input14 <= 80
|   |   |   |   input8 <= 41: 5 (7.0/1.0)
|   |   |   |   input8 > 41: 9 (2.0)
|   |   |   input14 > 80: 5 (597.0/1.0)

Number of Leaves  : 	195

Size of the tree : 	389


Time taken to build model: 1.46 seconds
Time taken to test model on training data: 0.28 seconds

=== Error on training data ===

Correctly Classified Instances       10913               99.2813 %
Incorrectly Classified Instances        79                0.7187 %
Kappa statistic                          0.992 
Mean absolute error                      0.0025
Root mean squared error                  0.0355
Relative absolute error                  1.3984 %
Root relative squared error             11.8256 %
Total Number of Instances            10992     


=== Detailed Accuracy By Class ===

               TP Rate   FP Rate   Precision   Recall  F-Measure   ROC Area  Class
                 0.998     0.001      0.995     0.998     0.997      1        0
                 0.987     0.001      0.988     0.987     0.987      0.999    1
                 0.995     0.001      0.991     0.995     0.993      1        2
                 0.994     0.001      0.99      0.994     0.992      1        3
                 0.996     0          0.997     0.996     0.996      1        4
                 0.99      0.001      0.992     0.99      0.991      0.999    5
                 0.996     0          0.997     0.996     0.997      1        6
                 0.991     0.001      0.993     0.991     0.992      1        7
                 0.991     0.001      0.991     0.991     0.991      0.999    8
                 0.991     0.001      0.994     0.991     0.992      1        9
Weighted Avg.    0.993     0.001      0.993     0.993     0.993      1    


=== Confusion Matrix ===

    a    b    c    d    e    f    g    h    i    j   <-- classified as
 1141    0    0    0    0    0    0    0    2    0 |    a = 0
    0 1128    5    4    1    2    0    0    1    2 |    b = 1
    0    4 1138    0    0    0    0    2    0    0 |    c = 2
    0    2    1 1049    0    0    0    2    0    1 |    d = 3
    1    1    0    1 1139    0    0    1    0    1 |    e = 4
    1    0    0    5    0 1044    0    0    3    2 |    f = 5
    0    0    0    0    2    1 1052    0    1    0 |    g = 6
    0    3    4    0    0    0    1 1132    2    0 |    h = 7
    3    1    0    0    0    2    2    2 1045    0 |    i = 8
    1    3    0    1    1    3    0    1    0 1045 |    j = 9



=== Stratified cross-validation ===

Correctly Classified Instances       10614               96.5611 %
Incorrectly Classified Instances       378                3.4389 %
Kappa statistic                          0.9618
Mean absolute error                      0.008 
Root mean squared error                  0.0811
Relative absolute error                  4.4397 %
Root relative squared error             27.0392 %
Total Number of Instances            10992     


=== Detailed Accuracy By Class ===

               TP Rate   FP Rate   Precision   Recall  F-Measure   ROC Area  Class
                 0.987     0.002      0.982     0.987     0.984      0.992    0
                 0.933     0.008      0.934     0.933     0.933      0.971    1
                 0.957     0.006      0.95      0.957     0.953      0.981    2
                 0.965     0.004      0.964     0.965     0.964      0.983    3
                 0.983     0.002      0.984     0.983     0.983      0.991    4
                 0.962     0.005      0.956     0.962     0.959      0.984    5
                 0.975     0.002      0.984     0.975     0.98       0.99     6
                 0.966     0.004      0.965     0.966     0.965      0.985    7
                 0.964     0.003      0.971     0.964     0.968      0.986    8
                 0.965     0.003      0.968     0.965     0.966      0.985    9
Weighted Avg.    0.966     0.004      0.966     0.966     0.966      0.985


=== Confusion Matrix ===

    a    b    c    d    e    f    g    h    i    j   <-- classified as
 1128    1    0    0    3    0    3    1    6    1 |    a = 0
    0 1066   44   12    2    2    0    9    0    8 |    b = 1
    0   36 1095    4    0    0    2    7    0    0 |    c = 2
    0    7    4 1018    1   14    0    2    3    6 |    d = 3
    3    5    0    1 1124    2    1    2    0    6 |    e = 4
    0    4    0   14    1 1015    0    6    5   10 |    f = 5
    8    1    1    1    4    5 1030    1    5    0 |    g = 6
    0   13    7    3    2    3    3 1103    7    1 |    h = 7
    9    1    2    0    0    6    8   10 1017    2 |    i = 8
    1    7    0    3    5   15    0    2    4 1018 |    j = 9

