mfeat-factors

J48 pruned tree
------------------

att212 <= 31
|   att97 <= 294
|   |   att109 <= 402
|   |   |   att23 <= 8
|   |   |   |   att36 <= 6: 5 (3.0)
|   |   |   |   att36 > 6: 1 (2.0)
|   |   |   att23 > 8
|   |   |   |   att156 <= 11
|   |   |   |   |   att13 <= 151: 2 (4.0)
|   |   |   |   |   att13 > 151: 9 (3.0/1.0)
|   |   |   |   att156 > 11
|   |   |   |   |   att151 <= 31: 3 (3.0)
|   |   |   |   |   att151 > 31: 4 (4.0)
|   |   att109 > 402
|   |   |   att85 <= 273
|   |   |   |   att133 <= 370: 7 (4.0)
|   |   |   |   att133 > 370: 5 (155.0)
|   |   |   att85 > 273
|   |   |   |   att145 <= 345
|   |   |   |   |   att44 <= 35: 7 (161.0)
|   |   |   |   |   att44 > 35: 4 (2.0/1.0)
|   |   |   |   att145 > 345: 5 (14.0)
|   att97 > 294
|   |   att186 <= 772
|   |   |   att86 <= 468
|   |   |   |   att72 <= 14
|   |   |   |   |   att1 <= 210
|   |   |   |   |   |   att72 <= 5
|   |   |   |   |   |   |   att115 <= 16: 6 (3.0/1.0)
|   |   |   |   |   |   |   att115 > 16: 4 (8.0)
|   |   |   |   |   |   att72 > 5
|   |   |   |   |   |   |   att132 <= 8
|   |   |   |   |   |   |   |   att152 <= 23
|   |   |   |   |   |   |   |   |   att2 <= 253: 6 (2.0/1.0)
|   |   |   |   |   |   |   |   |   att2 > 253: 3 (2.0)
|   |   |   |   |   |   |   |   att152 > 23: 2 (8.0)
|   |   |   |   |   |   |   att132 > 8
|   |   |   |   |   |   |   |   att34 <= 6: 1 (2.0/1.0)
|   |   |   |   |   |   |   |   att34 > 6
|   |   |   |   |   |   |   |   |   att205 <= 219: 1 (7.0)
|   |   |   |   |   |   |   |   |   att205 > 219
|   |   |   |   |   |   |   |   |   |   att8 <= 7: 1 (4.0)
|   |   |   |   |   |   |   |   |   |   att8 > 7
|   |   |   |   |   |   |   |   |   |   |   att195 <= 815: 6 (3.0/1.0)
|   |   |   |   |   |   |   |   |   |   |   att195 > 815: 9 (177.0/1.0)
|   |   |   |   |   att1 > 210
|   |   |   |   |   |   att94 <= 11
|   |   |   |   |   |   |   att109 <= 488
|   |   |   |   |   |   |   |   att19 <= 26
|   |   |   |   |   |   |   |   |   att13 <= 256
|   |   |   |   |   |   |   |   |   |   att1 <= 360
|   |   |   |   |   |   |   |   |   |   |   att60 <= 7
|   |   |   |   |   |   |   |   |   |   |   |   att36 <= 10: 9 (3.0/1.0)
|   |   |   |   |   |   |   |   |   |   |   |   att36 > 10: 7 (3.0)
|   |   |   |   |   |   |   |   |   |   |   att60 > 7
|   |   |   |   |   |   |   |   |   |   |   |   att96 <= 15: 2 (14.0)
|   |   |   |   |   |   |   |   |   |   |   |   att96 > 15
|   |   |   |   |   |   |   |   |   |   |   |   |   att3 <= 792: 6 (2.0)
|   |   |   |   |   |   |   |   |   |   |   |   |   att3 > 792: 4 (2.0)
|   |   |   |   |   |   |   |   |   |   att1 > 360: 5 (18.0)
|   |   |   |   |   |   |   |   |   att13 > 256
|   |   |   |   |   |   |   |   |   |   att33 <= 33
|   |   |   |   |   |   |   |   |   |   |   att100 <= 621
|   |   |   |   |   |   |   |   |   |   |   |   att128 <= 27
|   |   |   |   |   |   |   |   |   |   |   |   |   att10 <= 10: 9 (3.0)
|   |   |   |   |   |   |   |   |   |   |   |   |   att10 > 10: 2 (2.0)
|   |   |   |   |   |   |   |   |   |   |   |   att128 > 27: 4 (3.0)
|   |   |   |   |   |   |   |   |   |   |   att100 > 621
|   |   |   |   |   |   |   |   |   |   |   |   att92 <= 12: 2 (3.0/2.0)
|   |   |   |   |   |   |   |   |   |   |   |   att92 > 12
|   |   |   |   |   |   |   |   |   |   |   |   |   att24 <= 18
|   |   |   |   |   |   |   |   |   |   |   |   |   |   att20 <= 35
|   |   |   |   |   |   |   |   |   |   |   |   |   |   |   att50 <= 187: 4 (4.0)
|   |   |   |   |   |   |   |   |   |   |   |   |   |   |   att50 > 187: 6 (160.0/1.0)
|   |   |   |   |   |   |   |   |   |   |   |   |   |   att20 > 35: 4 (3.0)
|   |   |   |   |   |   |   |   |   |   |   |   |   att24 > 18: 4 (3.0/1.0)
|   |   |   |   |   |   |   |   |   |   att33 > 33: 10 (5.0/1.0)
|   |   |   |   |   |   |   |   att19 > 26
|   |   |   |   |   |   |   |   |   att31 <= 8: 5 (3.0/1.0)
|   |   |   |   |   |   |   |   |   att31 > 8: 4 (130.0/4.0)
|   |   |   |   |   |   |   att109 > 488
|   |   |   |   |   |   |   |   att132 <= 10: 6 (4.0)
|   |   |   |   |   |   |   |   att132 > 10: 7 (29.0)
|   |   |   |   |   |   att94 > 11
|   |   |   |   |   |   |   att34 <= 5
|   |   |   |   |   |   |   |   att12 <= 11: 4 (9.0)
|   |   |   |   |   |   |   |   att12 > 11: 8 (3.0/1.0)
|   |   |   |   |   |   |   att34 > 5
|   |   |   |   |   |   |   |   att37 <= 220: 3 (9.0)
|   |   |   |   |   |   |   |   att37 > 220
|   |   |   |   |   |   |   |   |   att26 <= 373
|   |   |   |   |   |   |   |   |   |   att121 <= 260
|   |   |   |   |   |   |   |   |   |   |   att33 <= 21: 5 (2.0)
|   |   |   |   |   |   |   |   |   |   |   att33 > 21: 6 (5.0)
|   |   |   |   |   |   |   |   |   |   att121 > 260
|   |   |   |   |   |   |   |   |   |   |   att3 <= 670: 6 (4.0)
|   |   |   |   |   |   |   |   |   |   |   att3 > 670
|   |   |   |   |   |   |   |   |   |   |   |   att213 <= 23
|   |   |   |   |   |   |   |   |   |   |   |   |   att29 <= 1091: 10 (175.0/1.0)
|   |   |   |   |   |   |   |   |   |   |   |   |   att29 > 1091: 8 (4.0/1.0)
|   |   |   |   |   |   |   |   |   |   |   |   att213 > 23: 8 (2.0)
|   |   |   |   |   |   |   |   |   att26 > 373
|   |   |   |   |   |   |   |   |   |   att8 <= 22: 9 (12.0/1.0)
|   |   |   |   |   |   |   |   |   |   att8 > 22: 5 (3.0/1.0)
|   |   |   |   att72 > 14
|   |   |   |   |   att42 <= 829
|   |   |   |   |   |   att8 <= 20
|   |   |   |   |   |   |   att33 <= 35: 2 (2.0)
|   |   |   |   |   |   |   att33 > 35: 3 (7.0)
|   |   |   |   |   |   att8 > 20
|   |   |   |   |   |   |   att181 <= 301
|   |   |   |   |   |   |   |   att10 <= 7: 10 (7.0)
|   |   |   |   |   |   |   |   att10 > 7
|   |   |   |   |   |   |   |   |   att203 <= 14
|   |   |   |   |   |   |   |   |   |   att181 <= 290: 8 (20.0)
|   |   |   |   |   |   |   |   |   |   att181 > 290: 4 (2.0/1.0)
|   |   |   |   |   |   |   |   |   att203 > 14: 4 (6.0)
|   |   |   |   |   |   |   att181 > 301
|   |   |   |   |   |   |   |   att54 <= 665
|   |   |   |   |   |   |   |   |   att107 <= 14: 6 (6.0/1.0)
|   |   |   |   |   |   |   |   |   att107 > 14: 4 (2.0/1.0)
|   |   |   |   |   |   |   |   att54 > 665: 2 (10.0/1.0)
|   |   |   |   |   att42 > 829
|   |   |   |   |   |   att108 <= 11: 2 (2.0)
|   |   |   |   |   |   att108 > 11: 3 (179.0/2.0)
|   |   |   att86 > 468
|   |   |   |   att103 <= 34
|   |   |   |   |   att37 <= 283: 4 (7.0/1.0)
|   |   |   |   |   att37 > 283
|   |   |   |   |   |   att185 <= 1245: 2 (149.0/1.0)
|   |   |   |   |   |   att185 > 1245: 4 (2.0)
|   |   |   |   att103 > 34: 10 (7.0)
|   |   att186 > 772
|   |   |   att90 <= 972
|   |   |   |   att33 <= 25
|   |   |   |   |   att190 <= 10: 8 (3.0/1.0)
|   |   |   |   |   att190 > 10: 4 (18.0)
|   |   |   |   att33 > 25
|   |   |   |   |   att121 <= 280: 2 (7.0)
|   |   |   |   |   att121 > 280: 8 (154.0)
|   |   |   att90 > 972: 6 (8.0)
att212 > 31
|   att120 <= 4
|   |   att68 <= 23
|   |   |   att1 <= 283: 6 (2.0)
|   |   |   att1 > 283: 10 (3.0/1.0)
|   |   att68 > 23: 8 (15.0)
|   att120 > 4
|   |   att82 <= 4: 5 (3.0/1.0)
|   |   att82 > 4
|   |   |   att107 <= 13: 1 (184.0)
|   |   |   att107 > 13: 9 (2.0)

Number of Leaves  : 	77

Size of the tree : 	153


Time taken to build model: 2.35 seconds
Time taken to test model on training data: 0.18 seconds

=== Error on training data ===

Correctly Classified Instances        1966               98.3    %
Incorrectly Classified Instances        34                1.7    %
Kappa statistic                          0.9811
Mean absolute error                      0.0051
Root mean squared error                  0.0507
Relative absolute error                  2.861  %
Root relative squared error             16.9146 %
Total Number of Instances             2000     


=== Detailed Accuracy By Class ===

               TP Rate   FP Rate   Precision   Recall  F-Measure   ROC Area  Class
                 0.99      0.001      0.995     0.99      0.992      1        1
                 0.985     0.002      0.98      0.985     0.983      1        2
                 0.99      0.001      0.99      0.99      0.99       0.999    3
                 0.98      0.005      0.956     0.98      0.968      0.999    4
                 0.99      0.002      0.985     0.99      0.988      1        5
                 0.97      0.003      0.975     0.97      0.972      0.999    6
                 0.985     0          1         0.985     0.992      1        7
                 0.99      0.002      0.985     0.99      0.988      0.999    8
                 0.98      0.002      0.98      0.98      0.98       1        9
                 0.97      0.002      0.985     0.97      0.977      0.999    10
Weighted Avg.    0.983     0.002      0.983     0.983     0.983      0.999


=== Confusion Matrix ===

   a   b   c   d   e   f   g   h   i   j   <-- classified as
 198   1   0   0   0   0   0   0   1   0 |   a = 1
   0 197   0   0   1   0   0   2   0   0 |   b = 2
   0   0 198   1   0   1   0   0   0   0 |   c = 3
   1   1   1 196   0   0   0   0   0   1 |   d = 4
   0   0   0   2 198   0   0   0   0   0 |   e = 5
   0   0   0   3   1 194   0   0   2   0 |   f = 6
   0   0   0   1   1   0 197   0   1   0 |   g = 7
   0   0   1   0   0   0   0 198   0   1 |   h = 8
   0   0   0   0   0   3   0   0 196   1 |   i = 9
   0   2   0   2   0   1   0   1   0 194 |   j = 10



=== Stratified cross-validation ===

Correctly Classified Instances        1779               88.95   %
Incorrectly Classified Instances       221               11.05   %
Kappa statistic                          0.8772
Mean absolute error                      0.0233
Root mean squared error                  0.1419
Relative absolute error                 12.9672 %
Root relative squared error             47.2911 %
Total Number of Instances             2000     


=== Detailed Accuracy By Class ===

               TP Rate   FP Rate   Precision   Recall  F-Measure   ROC Area  Class
                 0.935     0.006      0.944     0.935     0.94       0.976    1
                 0.855     0.018      0.842     0.855     0.849      0.922    2
                 0.94      0.013      0.891     0.94      0.915      0.972    3
                 0.78      0.017      0.834     0.78      0.806      0.89     4
                 0.915     0.008      0.929     0.915     0.922      0.961    5
                 0.83      0.02       0.822     0.83      0.826      0.911    6
                 0.92      0.009      0.92      0.92      0.92       0.964    7
                 0.925     0.008      0.93      0.925     0.927      0.963    8
                 0.88      0.015      0.867     0.88      0.873      0.951    9
                 0.915     0.009      0.915     0.915     0.915      0.949    10
Weighted Avg.    0.89      0.012      0.889     0.89      0.889      0.946


=== Confusion Matrix ===

   a   b   c   d   e   f   g   h   i   j   <-- classified as
 187   1   1   0   0   0   0   1  10   0 |   a = 1
   0 171   8   8   1   3   2   3   2   2 |   b = 2
   1   3 188   3   1   1   1   0   1   1 |   c = 3
   0   7   2 156   3  19   3   6   3   1 |   d = 4
   1   4   1   0 183   3   5   0   1   2 |   e = 5
   1   5   3  11   3 166   2   0   4   5 |   f = 6
   0   1   1   1   6   3 184   0   4   0 |   g = 7
   1   3   3   3   0   0   0 185   0   5 |   h = 8
   7   5   2   2   0   4   3   0 176   1 |   i = 9
   0   3   2   3   0   3   0   4   2 183 |   j = 10

