heart-h

J48 pruned tree
------------------

exang = no
|   oldpeak <= 1: <50 (190.0/27.0)
|   oldpeak > 1
|   |   slope = down: >50_1 (0.0)
|   |   slope = flat
|   |   |   sex = female: <50 (3.0/1.0)
|   |   |   sex = male: >50_1 (8.0)
|   |   slope = up: <50 (3.7)
exang = yes: >50_1 (89.3/19.3)

Number of Leaves  : 	6

Size of the tree : 	10


Time taken to build model: 0.15 seconds
Time taken to test model on training data: 0.06 seconds

=== Error on training data ===

Correctly Classified Instances         247               84.0136 %
Incorrectly Classified Instances        47               15.9864 %
Kappa statistic                          0.6468
Mean absolute error                      0.106 
Root mean squared error                  0.2299
Relative absolute error                 56.7816 %
Root relative squared error             75.6809 %
Total Number of Instances              294     


=== Detailed Accuracy By Class ===

               TP Rate   FP Rate   Precision   Recall  F-Measure   ROC Area  Class
                 0.899     0.264      0.858     0.899     0.878      0.825    <50
                 0.736     0.101      0.804     0.736     0.768      0.825    >50_1
                 0         0          0         0         0          ?        >50_2
                 0         0          0         0         0          ?        >50_3
                 0         0          0         0         0          ?        >50_4
Weighted Avg.    0.84      0.205      0.838     0.84      0.838      0.825


=== Confusion Matrix ===

   a   b   c   d   e   <-- classified as
 169  19   0   0   0 |   a = <50
  28  78   0   0   0 |   b = >50_1
   0   0   0   0   0 |   c = >50_2
   0   0   0   0   0 |   d = >50_3
   0   0   0   0   0 |   e = >50_4



=== Stratified cross-validation ===

Correctly Classified Instances         238               80.9524 %
Incorrectly Classified Instances        56               19.0476 %
Kappa statistic                          0.5729
Mean absolute error                      0.119 
Root mean squared error                  0.2547
Relative absolute error                 63.6669 %
Root relative squared error             83.8519 %
Total Number of Instances              294     


=== Detailed Accuracy By Class ===

               TP Rate   FP Rate   Precision   Recall  F-Measure   ROC Area  Class
                 0.894     0.34       0.824     0.894     0.857      0.752    <50
                 0.66      0.106      0.778     0.66      0.714      0.752    >50_1
                 0         0          0         0         0          ?        >50_2
                 0         0          0         0         0          ?        >50_3
                 0         0          0         0         0          ?        >50_4
Weighted Avg.    0.81      0.256      0.807     0.81      0.806      0.752


=== Confusion Matrix ===

   a   b   c   d   e   <-- classified as
 168  20   0   0   0 |   a = <50
  36  70   0   0   0 |   b = >50_1
   0   0   0   0   0 |   c = >50_2
   0   0   0   0   0 |   d = >50_3
   0   0   0   0   0 |   e = >50_4

