monks-problems-3_test

J48 pruned tree
------------------
: 1 (432.0/216.0)

Number of Leaves  : 	1

Size of the tree : 	1


Time taken to build model: 0.03 seconds
Time taken to test model on training data: 0.03 seconds

=== Error on training data ===

Correctly Classified Instances         216               50      %
Incorrectly Classified Instances       216               50      %
Kappa statistic                          0     
Mean absolute error                      0.5   
Root mean squared error                  0.5   
Relative absolute error                100      %
Root relative squared error            100      %
Total Number of Instances              432     


=== Detailed Accuracy By Class ===

               TP Rate   FP Rate   Precision   Recall  F-Measure   ROC Area  Class
                 1         1          0.5       1         0.667      0.5      1
                 0         0          0         0         0          0.5      2
Weighted Avg.    0.5       0.5        0.25      0.5       0.333      0.5  


=== Confusion Matrix ===

   a   b   <-- classified as
 216   0 |   a = 1
 216   0 |   b = 2



=== Stratified cross-validation ===

Correctly Classified Instances         191               44.213  %
Incorrectly Classified Instances       241               55.787  %
Kappa statistic                         -0.1157
Mean absolute error                      0.5017
Root mean squared error                  0.5018
Relative absolute error                100.3398 %
Root relative squared error            100.3587 %
Total Number of Instances              432     


=== Detailed Accuracy By Class ===

               TP Rate   FP Rate   Precision   Recall  F-Measure   ROC Area  Class
                 0.454     0.569      0.443     0.454     0.449      0.409    1
                 0.431     0.546      0.441     0.431     0.436      0.409    2
Weighted Avg.    0.442     0.558      0.442     0.442     0.442      0.409


=== Confusion Matrix ===

   a   b   <-- classified as
  98 118 |   a = 1
 123  93 |   b = 2

